2026-03-18 14:17:19,981 INFO [backend.app.services.print_scheduler] Queue check: found 5 pending items: [(38, None, None, 1), (39, None, None, 1), (40, None, None, 1), (41, None, None, 1), (22, 1, None, 1)]
2026-03-18 14:17:19,985 INFO [backend.app.services.print_scheduler] Queue: printer 1 not available — connected=True, state=RUNNING, plate_cleared=False
2026-03-18 14:17:49,990 INFO [backend.app.services.print_scheduler] Queue check: found 5 pending items: [(38, None, None, 1), (39, None, None, 1), (40, None, None, 1), (41, None, None, 1), (22, 1, None, 1)]
2026-03-18 14:17:49,993 INFO [backend.app.services.print_scheduler] Queue: printer 1 not available — connected=True, state=RUNNING, plate_cleared=False
2026-03-18 14:18:19,997 INFO [backend.app.services.print_scheduler] Queue check: found 5 pending items: [(38, None, None, 1), (39, None, None, 1), (40, None, None, 1), (41, None, None, 1), (22, 1, None, 1)]
2026-03-18 14:18:20,001 INFO [backend.app.services.print_scheduler] Queue: printer 1 not available — connected=True, state=RUNNING, plate_cleared=False
2026-03-18 14:18:41,106 INFO [backend.app.main] Recorded 2 AMS sensor history entries
2026-03-18 14:18:50,005 INFO [backend.app.services.print_scheduler] Queue check: found 5 pending items: [(38, None, None, 1), (39, None, None, 1), (40, None, None, 1), (41, None, None, 1), (22, 1, None, 1)]
2026-03-18 14:18:50,009 INFO [backend.app.services.print_scheduler] Queue: printer 1 not available — connected=True, state=RUNNING, plate_cleared=False
2026-03-18 14:19:20,013 INFO [backend.app.services.print_scheduler] Queue check: found 5 pending items: [(38, None, None, 1), (39, None, None, 1), (40, None, None, 1), (41, None, None, 1), (22, 1, None, 1)]
2026-03-18 14:19:20,016 INFO [backend.app.services.print_scheduler] Queue: printer 1 not available — connected=True, state=RUNNING, plate_cleared=False
2026-03-18 14:19:50,020 INFO [backend.app.services.print_scheduler] Queue check: found 5 pending items: [(38, None, None, 1), (39, None, None, 1), (40, None, None, 1), (41, None, None, 1), (22, 1, None, 1)]
2026-03-18 14:19:50,024 INFO [backend.app.services.print_scheduler] Queue: printer 1 not available — connected=True, state=RUNNING, plate_cleared=False
2026-03-18 14:20:20,028 INFO [backend.app.services.print_scheduler] Queue check: found 5 pending items: [(38, None, None, 1), (39, None, None, 1), (40, None, None, 1), (41, None, None, 1), (22, 1, None, 1)]
2026-03-18 14:20:20,032 INFO [backend.app.services.print_scheduler] Queue: printer 1 not available — connected=True, state=RUNNING, plate_cleared=False
2026-03-18 14:20:41,558 INFO [backend.app.main] [Printer 2] Broadcasting AMS change via WebSocket
2026-03-18 14:20:50,036 INFO [backend.app.services.print_scheduler] Queue check: found 5 pending items: [(38, None, None, 1), (39, None, None, 1), (40, None, None, 1), (41, None, None, 1), (22, 1, None, 1)]
2026-03-18 14:20:50,040 INFO [backend.app.services.print_scheduler] Queue: printer 1 not available — connected=True, state=RUNNING, plate_cleared=False
2026-03-18 14:21:20,044 INFO [backend.app.services.print_scheduler] Queue check: found 5 pending items: [(38, None, None, 1), (39, None, None, 1), (40, None, None, 1), (41, None, None, 1), (22, 1, None, 1)]
2026-03-18 14:21:20,048 INFO [backend.app.services.print_scheduler] Queue: printer 1 not available — connected=True, state=RUNNING, plate_cleared=False
2026-03-18 14:21:50,052 INFO [backend.app.services.print_scheduler] Queue check: found 5 pending items: [(38, None, None, 1), (39, None, None, 1), (40, None, None, 1), (41, None, None, 1), (22, 1, None, 1)]
2026-03-18 14:21:50,056 INFO [backend.app.services.print_scheduler] Queue: printer 1 not available — connected=True, state=RUNNING, plate_cleared=False
2026-03-18 14:22:20,060 INFO [backend.app.services.print_scheduler] Queue check: found 5 pending items: [(38, None, None, 1), (39, None, None, 1), (40, None, None, 1), (41, None, None, 1), (22, 1, None, 1)]
2026-03-18 14:22:20,064 INFO [backend.app.services.print_scheduler] Queue: printer 1 not available — connected=True, state=RUNNING, plate_cleared=False
2026-03-18 14:22:50,068 INFO [backend.app.services.print_scheduler] Queue check: found 5 pending items: [(38, None, None, 1), (39, None, None, 1), (40, None, None, 1), (41, None, None, 1), (22, 1, None, 1)]
2026-03-18 14:22:50,071 INFO [backend.app.services.print_scheduler] Queue: printer 1 not available — connected=True, state=RUNNING, plate_cleared=False
2026-03-18 14:23:20,075 INFO [backend.app.services.print_scheduler] Queue check: found 5 pending items: [(38, None, None, 1), (39, None, None, 1), (40, None, None, 1), (41, None, None, 1), (22, 1, None, 1)]
2026-03-18 14:23:20,079 INFO [backend.app.services.print_scheduler] Queue: printer 1 not available — connected=True, state=RUNNING, plate_cleared=False
2026-03-18 14:23:41,114 INFO [backend.app.main] Recorded 2 AMS sensor history entries
2026-03-18 14:23:50,084 INFO [backend.app.services.print_scheduler] Queue check: found 5 pending items: [(38, None, None, 1), (39, None, None, 1), (40, None, None, 1), (41, None, None, 1), (22, 1, None, 1)]
2026-03-18 14:23:50,088 INFO [backend.app.services.print_scheduler] Queue: printer 1 not available — connected=True, state=RUNNING, plate_cleared=False
2026-03-18 14:24:17,937 INFO [backend.app.api.routes.cloud] get_filament_info called with 1 IDs: ['GFA00']
2026-03-18 14:24:20,093 INFO [backend.app.services.print_scheduler] Queue check: found 5 pending items: [(38, None, None, 1), (39, None, None, 1), (40, None, None, 1), (41, None, None, 1), (22, 1, None, 1)]
2026-03-18 14:24:20,096 INFO [backend.app.services.print_scheduler] Queue: printer 1 not available — connected=True, state=RUNNING, plate_cleared=False
2026-03-18 14:24:50,101 INFO [backend.app.services.print_scheduler] Queue check: found 5 pending items: [(38, None, None, 1), (39, None, None, 1), (40, None, None, 1), (41, None, None, 1), (22, 1, None, 1)]
2026-03-18 14:24:50,104 INFO [backend.app.services.print_scheduler] Queue: printer 1 not available — connected=True, state=RUNNING, plate_cleared=False
2026-03-18 14:25:14,296 INFO [backend.app.main] [SNAPSHOT] Capturing fresh frame for printer 1
2026-03-18 14:25:14,296 INFO [backend.app.services.camera] Capturing camera frame bytes from [IP] using chamber image protocol (model: P1S)
2026-03-18 14:25:15,506 INFO [backend.app.main] [SNAPSHOT] Fresh camera frame: 73511 bytes
2026-03-18 14:25:20,108 INFO [backend.app.services.print_scheduler] Queue check: found 5 pending items: [(38, None, None, 1), (39, None, None, 1), (40, None, None, 1), (41, None, None, 1), (22, 1, None, 1)]
2026-03-18 14:25:20,112 INFO [backend.app.services.print_scheduler] Queue: printer 1 not available — connected=True, state=RUNNING, plate_cleared=False
2026-03-18 14:25:50,116 INFO [backend.app.services.print_scheduler] Queue check: found 5 pending items: [(38, None, None, 1), (39, None, None, 1), (40, None, None, 1), (41, None, None, 1), (22, 1, None, 1)]
2026-03-18 14:25:50,120 INFO [backend.app.services.print_scheduler] Queue: printer 1 not available — connected=True, state=RUNNING, plate_cleared=False
2026-03-18 14:26:20,124 INFO [backend.app.services.print_scheduler] Queue check: found 5 pending items: [(38, None, None, 1), (39, None, None, 1), (40, None, None, 1), (41, None, None, 1), (22, 1, None, 1)]
2026-03-18 14:26:20,128 INFO [backend.app.services.print_scheduler] Queue: printer 1 not available — connected=True, state=RUNNING, plate_cleared=False
2026-03-18 14:26:50,132 INFO [backend.app.services.print_scheduler] Queue check: found 5 pending items: [(38, None, None, 1), (39, None, None, 1), (40, None, None, 1), (41, None, None, 1), (22, 1, None, 1)]
2026-03-18 14:26:50,136 INFO [backend.app.services.print_scheduler] Queue: printer 1 not available — connected=True, state=RUNNING, plate_cleared=False
2026-03-18 14:27:11,212 INFO [backend.app.services.bambu_mqtt] [[SERIAL]] Tray change during print: tray=1 at layer=6
2026-03-18 14:27:19,330 INFO [backend.app.main] [Printer 2] Broadcasting AMS change via WebSocket
2026-03-18 14:27:20,141 INFO [backend.app.services.print_scheduler] Queue check: found 5 pending items: [(38, None, None, 1), (39, None, None, 1), (40, None, None, 1), (41, None, None, 1), (22, 1, None, 1)]
2026-03-18 14:27:20,144 INFO [backend.app.services.print_scheduler] Queue: printer 1 not available — connected=True, state=RUNNING, plate_cleared=False
2026-03-18 14:27:50,148 INFO [backend.app.services.print_scheduler] Queue check: found 5 pending items: [(38, None, None, 1), (39, None, None, 1), (40, None, None, 1), (41, None, None, 1), (22, 1, None, 1)]
2026-03-18 14:27:50,152 INFO [backend.app.services.print_scheduler] Queue: printer 1 not available — connected=True, state=RUNNING, plate_cleared=False
2026-03-18 14:28:20,156 INFO [backend.app.services.print_scheduler] Queue check: found 5 pending items: [(38, None, None, 1), (39, None, None, 1), (40, None, None, 1), (41, None, None, 1), (22, 1, None, 1)]
2026-03-18 14:28:20,159 INFO [backend.app.services.print_scheduler] Queue: printer 1 not available — connected=True, state=RUNNING, plate_cleared=False
2026-03-18 14:28:41,119 INFO [backend.app.main] Recorded 2 AMS sensor history entries
2026-03-18 14:28:50,163 INFO [backend.app.services.print_scheduler] Queue check: found 5 pending items: [(38, None, None, 1), (39, None, None, 1), (40, None, None, 1), (41, None, None, 1), (22, 1, None, 1)]
2026-03-18 14:28:50,167 INFO [backend.app.services.print_scheduler] Queue: printer 1 not available — connected=True, state=RUNNING, plate_cleared=False
2026-03-18 14:29:20,170 INFO [backend.app.services.print_scheduler] Queue check: found 5 pending items: [(38, None, None, 1), (39, None, None, 1), (40, None, None, 1), (41, None, None, 1), (22, 1, None, 1)]
2026-03-18 14:29:20,174 INFO [backend.app.services.print_scheduler] Queue: printer 1 not available — connected=True, state=RUNNING, plate_cleared=False
2026-03-18 14:29:50,179 INFO [backend.app.services.print_scheduler] Queue check: found 5 pending items: [(38, None, None, 1), (39, None, None, 1), (40, None, None, 1), (41, None, None, 1), (22, 1, None, 1)]
2026-03-18 14:29:50,183 INFO [backend.app.services.print_scheduler] Queue: printer 1 not available — connected=True, state=RUNNING, plate_cleared=False
2026-03-18 14:30:20,186 INFO [backend.app.services.print_scheduler] Queue check: found 5 pending items: [(38, None, None, 1), (39, None, None, 1), (40, None, None, 1), (41, None, None, 1), (22, 1, None, 1)]
2026-03-18 14:30:20,190 INFO [backend.app.services.print_scheduler] Queue: printer 1 not available — connected=True, state=RUNNING, plate_cleared=False
2026-03-18 14:30:50,195 INFO [backend.app.services.print_scheduler] Queue check: found 5 pending items: [(38, None, None, 1), (39, None, None, 1), (40, None, None, 1), (41, None, None, 1), (22, 1, None, 1)]
2026-03-18 14:30:50,198 INFO [backend.app.services.print_scheduler] Queue: printer 1 not available — connected=True, state=RUNNING, plate_cleared=False
2026-03-18 14:31:20,202 INFO [backend.app.services.print_scheduler] Queue check: found 5 pending items: [(38, None, None, 1), (39, None, None, 1), (40, None, None, 1), (41, None, None, 1), (22, 1, None, 1)]
2026-03-18 14:31:20,205 INFO [backend.app.services.print_scheduler] Queue: printer 1 not available — connected=True, state=RUNNING, plate_cleared=False
2026-03-18 14:31:50,209 INFO [backend.app.services.print_scheduler] Queue check: found 5 pending items: [(38, None, None, 1), (39, None, None, 1), (40, None, None, 1), (41, None, None, 1), (22, 1, None, 1)]
2026-03-18 14:31:50,213 INFO [backend.app.services.print_scheduler] Queue: printer 1 not available — connected=True, state=RUNNING, plate_cleared=False
2026-03-18 14:32:20,217 INFO [backend.app.services.print_scheduler] Queue check: found 5 pending items: [(38, None, None, 1), (39, None, None, 1), (40, None, None, 1), (41, None, None, 1), (22, 1, None, 1)]
2026-03-18 14:32:20,220 INFO [backend.app.services.print_scheduler] Queue: printer 1 not available — connected=True, state=RUNNING, plate_cleared=False
2026-03-18 14:32:50,225 INFO [backend.app.services.print_scheduler] Queue check: found 5 pending items: [(38, None, None, 1), (39, None, None, 1), (40, None, None, 1), (41, None, None, 1), (22, 1, None, 1)]
2026-03-18 14:32:50,229 INFO [backend.app.services.print_scheduler] Queue: printer 1 not available — connected=True, state=RUNNING, plate_cleared=False
2026-03-18 14:33:20,234 INFO [backend.app.services.print_scheduler] Queue check: found 5 pending items: [(38, None, None, 1), (39, None, None, 1), (40, None, None, 1), (41, None, None, 1), (22, 1, None, 1)]
2026-03-18 14:33:20,237 INFO [backend.app.services.print_scheduler] Queue: printer 1 not available — connected=True, state=RUNNING, plate_cleared=False
2026-03-18 14:33:41,126 INFO [backend.app.main] Recorded 2 AMS sensor history entries
2026-03-18 14:33:50,240 INFO [backend.app.services.print_scheduler] Queue check: found 5 pending items: [(38, None, None, 1), (39, None, None, 1), (40, None, None, 1), (41, None, None, 1), (22, 1, None, 1)]
2026-03-18 14:33:50,245 INFO [backend.app.services.print_scheduler] Queue: printer 1 not available — connected=True, state=RUNNING, plate_cleared=False
2026-03-18 14:34:20,250 INFO [backend.app.services.print_scheduler] Queue check: found 5 pending items: [(38, None, None, 1), (39, None, None, 1), (40, None, None, 1), (41, None, None, 1), (22, 1, None, 1)]
2026-03-18 14:34:20,253 INFO [backend.app.services.print_scheduler] Queue: printer 1 not available — connected=True, state=RUNNING, plate_cleared=False
2026-03-18 14:34:50,258 INFO [backend.app.services.print_scheduler] Queue check: found 5 pending items: [(38, None, None, 1), (39, None, None, 1), (40, None, None, 1), (41, None, None, 1), (22, 1, None, 1)]
2026-03-18 14:34:50,261 INFO [backend.app.services.print_scheduler] Queue: printer 1 not available — connected=True, state=RUNNING, plate_cleared=False
2026-03-18 14:35:20,265 INFO [backend.app.services.print_scheduler] Queue check: found 5 pending items: [(38, None, None, 1), (39, None, None, 1), (40, None, None, 1), (41, None, None, 1), (22, 1, None, 1)]
2026-03-18 14:35:20,268 INFO [backend.app.services.print_scheduler] Queue: printer 1 not available — connected=True, state=RUNNING, plate_cleared=False
2026-03-18 14:35:50,273 INFO [backend.app.services.print_scheduler] Queue check: found 5 pending items: [(38, None, None, 1), (39, None, None, 1), (40, None, None, 1), (41, None, None, 1), (22, 1, None, 1)]
2026-03-18 14:35:50,278 INFO [backend.app.services.print_scheduler] Queue: printer 1 not available — connected=True, state=RUNNING, plate_cleared=False
2026-03-18 14:36:20,282 INFO [backend.app.services.print_scheduler] Queue check: found 5 pending items: [(38, None, None, 1), (39, None, None, 1), (40, None, None, 1), (41, None, None, 1), (22, 1, None, 1)]
2026-03-18 14:36:20,286 INFO [backend.app.services.print_scheduler] Queue: printer 1 not available — connected=True, state=RUNNING, plate_cleared=False
2026-03-18 14:36:50,289 INFO [backend.app.services.print_scheduler] Queue check: found 5 pending items: [(38, None, None, 1), (39, None, None, 1), (40, None, None, 1), (41, None, None, 1), (22, 1, None, 1)]
2026-03-18 14:36:50,293 INFO [backend.app.services.print_scheduler] Queue: printer 1 not available — connected=True, state=RUNNING, plate_cleared=False
2026-03-18 14:36:56,906 INFO [backend.app.api.routes.cloud] get_filament_info called with 1 IDs: ['GFA00']
2026-03-18 14:37:20,297 INFO [backend.app.services.print_scheduler] Queue check: found 5 pending items: [(38, None, None, 1), (39, None, None, 1), (40, None, None, 1), (41, None, None, 1), (22, 1, None, 1)]
2026-03-18 14:37:20,301 INFO [backend.app.services.print_scheduler] Queue: printer 1 not available — connected=True, state=RUNNING, plate_cleared=False
2026-03-18 14:37:40,433 INFO [backend.app.main] [Printer 2] Broadcasting AMS change via WebSocket
2026-03-18 14:37:50,305 INFO [backend.app.services.print_scheduler] Queue check: found 5 pending items: [(38, None, None, 1), (39, None, None, 1), (40, None, None, 1), (41, None, None, 1), (22, 1, None, 1)]
2026-03-18 14:37:50,309 INFO [backend.app.services.print_scheduler] Queue: printer 1 not available — connected=True, state=RUNNING, plate_cleared=False
2026-03-18 14:38:20,313 INFO [backend.app.services.print_scheduler] Queue check: found 5 pending items: [(38, None, None, 1), (39, None, None, 1), (40, None, None, 1), (41, None, None, 1), (22, 1, None, 1)]
2026-03-18 14:38:20,316 INFO [backend.app.services.print_scheduler] Queue: printer 1 not available — connected=True, state=RUNNING, plate_cleared=False
2026-03-18 14:38:41,132 INFO [backend.app.main] Recorded 2 AMS sensor history entries
2026-03-18 14:38:50,320 INFO [backend.app.services.print_scheduler] Queue check: found 5 pending items: [(38, None, None, 1), (39, None, None, 1), (40, None, None, 1), (41, None, None, 1), (22, 1, None, 1)]
2026-03-18 14:38:50,324 INFO [backend.app.services.print_scheduler] Queue: printer 1 not available — connected=True, state=RUNNING, plate_cleared=False
2026-03-18 14:39:08,976 INFO [backend.app.api.routes.support] Log level changed to DEBUG
2026-03-18 14:39:08,977 INFO [backend.app.api.routes.bug_report] Bug report: temporarily enabled debug logging
2026-03-18 14:39:08,977 DEBUG [backend.app.services.bambu_mqtt] [[SERIAL]] Requesting status update (pushall)
2026-03-18 14:39:08,977 DEBUG [backend.app.services.bambu_mqtt] [[SERIAL]] Requesting status update (pushall)
2026-03-18 14:39:09,016 DEBUG [backend.app.services.bambu_mqtt] [[SERIAL]] Received gcode_state: RUNNING, gcode_file: Doodle Disc Holders.3mf, subtask_name: Doodle Disc Holders
2026-03-18 14:39:09,016 DEBUG [backend.app.services.bambu_mqtt] [[SERIAL]] AMS dict fields: {'ams_exist_bits': '1', 'tray_exist_bits': 'f', 'tray_is_bbl_bits': 'e', 'tray_tar': '0', 'tray_now': '0', 'tray_pre': '0', 'tray_read_done_bits': 'f', 'tray_reading_bits': '0', 'version': 69, 'insert_flag': True, 'power_on_flag': False}
2026-03-18 14:39:09,017 DEBUG [backend.app.services.bambu_mqtt] [[SERIAL]] tray_now updated: 0
2026-03-18 14:39:09,017 DEBUG [backend.app.services.bambu_mqtt] [[SERIAL]] Merged AMS data: 1 new units, 1 total
2026-03-18 14:39:09,017 DEBUG [backend.app.services.bambu_mqtt] [[SERIAL]] AMS 0 info=0x1001 -> extruder 0
2026-03-18 14:39:09,017 DEBUG [backend.app.services.bambu_mqtt] [[SERIAL]] ams_extruder_map: {'0': 0}
2026-03-18 14:39:09,017 DEBUG [backend.app.services.bambu_mqtt] [[SERIAL]] ams_status: 768 (main=3, sub=0)
2026-03-18 14:39:09,017 DEBUG [backend.app.services.bambu_mqtt] [[SERIAL]] Received command response: push_status
2026-03-18 14:39:09,017 DEBUG [backend.app.services.bambu_mqtt] [[SERIAL]] chamber_temper raw value: 5.0
2026-03-18 14:39:09,017 DEBUG [backend.app.services.bambu_mqtt] [[SERIAL]] chamber_temper direct value: 5.0°C (heater OFF)
2026-03-18 14:39:09,018 DEBUG [backend.app.services.bambu_mqtt] [[SERIAL]] Chamber heating calculated: target=0.0, current=5.0, heating=False, respect_local=False
2026-03-18 14:39:09,018 DEBUG [backend.app.services.bambu_mqtt] [[SERIAL]] Chamber temp updated to: 5.0, target: 0.0, heating: False
2026-03-18 14:39:09,018 DEBUG [backend.app.services.bambu_mqtt] [[SERIAL]] HMS data received: []
2026-03-18 14:39:09,018 DEBUG [backend.app.services.bambu_mqtt] [[SERIAL]] ipcam field: {'ipcam_dev': '1', 'ipcam_record': 'enable', 'timelapse': 'disable', 'resolution': '', 'tutk_server': 'disable', 'mode_bits': 3}
2026-03-18 14:39:09,018 DEBUG [backend.app.services.bambu_mqtt] [[SERIAL]] wifi_signal received: -49dBm
2026-03-18 14:39:09,018 DEBUG [backend.app.services.bambu_mqtt] [[SERIAL]] lights_report: [{'node': 'chamber_light', 'mode': 'on'}]
2026-03-18 14:39:09,018 DEBUG [backend.app.services.bambu_mqtt] [[SERIAL]] gcode_state: RUNNING -> RUNNING, file: Doodle Disc Holders.3mf, subtask: Doodle Disc Holders
2026-03-18 14:39:09,041 DEBUG [backend.app.services.bambu_mqtt] [[SERIAL]] Received gcode_state: RUNNING, gcode_file: ocean-all.3mf, subtask_name: ocean-all
2026-03-18 14:39:09,041 DEBUG [backend.app.services.bambu_mqtt] [[SERIAL]] AMS dict fields: {'ams_exist_bits': '1', 'tray_exist_bits': 'e', 'tray_is_bbl_bits': 'e', 'tray_tar': '1', 'tray_now': '1', 'tray_pre': '1', 'tray_read_done_bits': 'e', 'tray_reading_bits': '0', 'version': 92, 'insert_flag': True, 'power_on_flag': False}
2026-03-18 14:39:09,041 DEBUG [backend.app.services.bambu_mqtt] [[SERIAL]] tray_now updated: 1
2026-03-18 14:39:09,041 DEBUG [backend.app.services.bambu_mqtt] [[SERIAL]] Merged AMS data: 1 new units, 1 total
2026-03-18 14:39:09,041 DEBUG [backend.app.services.bambu_mqtt] [[SERIAL]] AMS 0 info=0x2003 -> extruder 0
2026-03-18 14:39:09,041 DEBUG [backend.app.services.bambu_mqtt] [[SERIAL]] ams_extruder_map: {'0': 0}
2026-03-18 14:39:09,041 DEBUG [backend.app.services.bambu_mqtt] [[SERIAL]] ams_status: 768 (main=3, sub=0)
2026-03-18 14:39:09,042 DEBUG [backend.app.services.bambu_mqtt] [[SERIAL]] Received command response: push_status
2026-03-18 14:39:09,042 DEBUG [backend.app.services.bambu_mqtt] [[SERIAL]] chamber_temper raw value: 5.0
2026-03-18 14:39:09,042 DEBUG [backend.app.services.bambu_mqtt] [[SERIAL]] chamber_temper direct value: 5.0°C (heater OFF)
2026-03-18 14:39:09,042 DEBUG [backend.app.services.bambu_mqtt] [[SERIAL]] Chamber heating calculated: target=0.0, current=5.0, heating=False, respect_local=False
2026-03-18 14:39:09,042 DEBUG [backend.app.services.bambu_mqtt] [[SERIAL]] Chamber temp updated to: 5.0, target: 0.0, heating: False
2026-03-18 14:39:09,042 DEBUG [backend.app.services.bambu_mqtt] [[SERIAL]] HMS data received: []
2026-03-18 14:39:09,042 DEBUG [backend.app.services.bambu_mqtt] [[SERIAL]] ipcam field: {'ipcam_dev': '1', 'ipcam_record': 'enable', 'timelapse': 'disable', 'resolution': '', 'tutk_server': 'disable', 'mode_bits': 3}
2026-03-18 14:39:09,042 DEBUG [backend.app.services.bambu_mqtt] [[SERIAL]] wifi_signal received: -43dBm
2026-03-18 14:39:09,042 DEBUG [backend.app.services.bambu_mqtt] [[SERIAL]] lights_report: [{'node': 'chamber_light', 'mode': 'on'}]
2026-03-18 14:39:09,042 DEBUG [backend.app.services.bambu_mqtt] [[SERIAL]] gcode_state: RUNNING -> RUNNING, file: ocean-all.3mf, subtask: ocean-all
2026-03-18 14:39:11,070 DEBUG [backend.app.services.bambu_mqtt] [[SERIAL]] Received command response: push_status
2026-03-18 14:39:11,071 DEBUG [backend.app.services.bambu_mqtt] [[SERIAL]] wifi_signal received: -45dBm
2026-03-18 14:39:13,057 DEBUG [backend.app.services.bambu_mqtt] [[SERIAL]] Received command response: push_status
2026-03-18 14:39:13,058 DEBUG [backend.app.services.bambu_mqtt] [[SERIAL]] wifi_signal received: -51dBm
2026-03-18 14:39:13,116 DEBUG [backend.app.services.bambu_mqtt] [[SERIAL]] Received command response: push_status
2026-03-18 14:39:13,116 DEBUG [backend.app.services.bambu_mqtt] [[SERIAL]] wifi_signal received: -43dBm
2026-03-18 14:39:15,086 DEBUG [backend.app.services.bambu_mqtt] [[SERIAL]] Received command response: push_status
2026-03-18 14:39:15,086 DEBUG [backend.app.services.bambu_mqtt] [[SERIAL]] wifi_signal received: -49dBm
2026-03-18 14:39:15,134 DEBUG [backend.app.services.bambu_mqtt] [[SERIAL]] Received command response: push_status
2026-03-18 14:39:15,135 DEBUG [backend.app.services.bambu_mqtt] [[SERIAL]] wifi_signal received: -44dBm
2026-03-18 14:39:17,130 DEBUG [backend.app.services.bambu_mqtt] [[SERIAL]] Received command response: push_status
2026-03-18 14:39:19,181 DEBUG [backend.app.services.bambu_mqtt] [[SERIAL]] Received command response: push_status
2026-03-18 14:39:19,181 DEBUG [backend.app.services.bambu_mqtt] [[SERIAL]] wifi_signal received: -43dBm
2026-03-18 14:39:19,585 DEBUG [backend.app.main] [[PRINTER]] Runtime tracking: added 30s, total=106712s (29.64h)
2026-03-18 14:39:19,585 DEBUG [backend.app.main] [[PRINTER]] Runtime tracking: added 30s, total=146702s (40.75h)
2026-03-18 14:39:19,587 DEBUG [backend.app.main] Updated runtime for 2 printer(s)
2026-03-18 14:39:20,329 INFO [backend.app.services.print_scheduler] Queue check: found 5 pending items: [(38, None, None, 1), (39, None, None, 1), (40, None, None, 1), (41, None, None, 1), (22, 1, None, 1)]
2026-03-18 14:39:20,330 DEBUG [backend.app.services.print_scheduler] Printer 1: not idle — state=RUNNING, plate_cleared=False
2026-03-18 14:39:20,330 DEBUG [backend.app.services.print_scheduler] Printer 2: not idle — state=RUNNING, plate_cleared=False
2026-03-18 14:39:20,331 DEBUG [backend.app.services.print_scheduler] Printer 1: not idle — state=RUNNING, plate_cleared=False
2026-03-18 14:39:20,331 DEBUG [backend.app.services.print_scheduler] Printer 2: not idle — state=RUNNING, plate_cleared=False
2026-03-18 14:39:20,332 DEBUG [backend.app.services.print_scheduler] Printer 1: not idle — state=RUNNING, plate_cleared=False
2026-03-18 14:39:20,332 DEBUG [backend.app.services.print_scheduler] Printer 2: not idle — state=RUNNING, plate_cleared=False
2026-03-18 14:39:20,333 DEBUG [backend.app.services.print_scheduler] Printer 1: not idle — state=RUNNING, plate_cleared=False
2026-03-18 14:39:20,333 DEBUG [backend.app.services.print_scheduler] Printer 2: not idle — state=RUNNING, plate_cleared=False
2026-03-18 14:39:20,333 DEBUG [backend.app.services.print_scheduler] Printer 1: not idle — state=RUNNING, plate_cleared=False
2026-03-18 14:39:20,333 INFO [backend.app.services.print_scheduler] Queue: printer 1 not available — connected=True, state=RUNNING, plate_cleared=False
2026-03-18 14:39:21,173 DEBUG [backend.app.services.bambu_mqtt] [[SERIAL]] Received command response: push_status
2026-03-18 14:39:21,173 DEBUG [backend.app.services.bambu_mqtt] [[SERIAL]] wifi_signal received: -48dBm
2026-03-18 14:39:21,209 DEBUG [backend.app.services.bambu_mqtt] [[SERIAL]] Received command response: push_status
2026-03-18 14:39:21,566 DEBUG [backend.app.api.routes.printers] API returning ams_mapping: [], ams_extruder_map: {'0': 0}
2026-03-18 14:39:21,566 DEBUG [backend.app.api.routes.printers] Using tray_now directly as global ID: 1
2026-03-18 14:39:23,204 DEBUG [backend.app.services.bambu_mqtt] [[SERIAL]] Received command response: push_status
2026-03-18 14:39:23,204 DEBUG [backend.app.services.bambu_mqtt] [[SERIAL]] wifi_signal received: -49dBm
2026-03-18 14:39:23,245 DEBUG [backend.app.services.bambu_mqtt] [[SERIAL]] Received command response: push_status
2026-03-18 14:39:23,245 DEBUG [backend.app.services.bambu_mqtt] [[SERIAL]] wifi_signal received: -44dBm
2026-03-18 14:39:25,237 DEBUG [backend.app.services.bambu_mqtt] [[SERIAL]] Received command response: push_status
2026-03-18 14:39:27,271 DEBUG [backend.app.services.bambu_mqtt] [[SERIAL]] Received command response: push_status
2026-03-18 14:39:27,271 DEBUG [backend.app.services.bambu_mqtt] [[SERIAL]] wifi_signal received: -46dBm
2026-03-18 14:39:27,291 DEBUG [backend.app.services.bambu_mqtt] [[SERIAL]] Received command response: push_status
2026-03-18 14:39:27,291 DEBUG [backend.app.services.bambu_mqtt] [[SERIAL]] wifi_signal received: -43dBm
2026-03-18 14:39:29,314 DEBUG [backend.app.services.bambu_mqtt] [[SERIAL]] Received command response: push_status
2026-03-18 14:39:30,005 DEBUG [backend.app.api.routes.printers] API returning ams_mapping: [], ams_extruder_map: {'0': 0}
2026-03-18 14:39:30,005 DEBUG [backend.app.api.routes.printers] Using tray_now directly as global ID: 1
2026-03-18 14:39:31,315 DEBUG [backend.app.services.bambu_mqtt] [[SERIAL]] Received command response: push_status
2026-03-18 14:39:31,315 DEBUG [backend.app.services.bambu_mqtt] [[SERIAL]] wifi_signal received: -49dBm
2026-03-18 14:39:33,178 INFO [backend.app.api.routes.print_queue] Extracted filament types for model-based queue: ['PLA']
2026-03-18 14:39:33,185 INFO [backend.app.api.routes.print_queue] Added library file 1 to queue for model P1S
2026-03-18 14:39:33,354 DEBUG [backend.app.services.bambu_mqtt] [[SERIAL]] Received command response: push_status
2026-03-18 14:39:33,355 DEBUG [backend.app.services.bambu_mqtt] [[SERIAL]] wifi_signal received: -48dBm
2026-03-18 14:39:35,357 DEBUG [backend.app.api.routes.printers] API returning ams_mapping: [], ams_extruder_map: {'0': 0}
2026-03-18 14:39:35,358 DEBUG [backend.app.api.routes.printers] Using tray_now directly as global ID: 0
2026-03-18 14:39:35,358 DEBUG [backend.app.api.routes.printers] API returning ams_mapping: [], ams_extruder_map: {'0': 0}
2026-03-18 14:39:35,358 DEBUG [backend.app.api.routes.printers] Using tray_now directly as global ID: 1
2026-03-18 14:39:35,371 DEBUG [backend.app.services.bambu_mqtt] [[SERIAL]] Received command response: push_status
2026-03-18 14:39:35,371 DEBUG [backend.app.services.bambu_mqtt] [[SERIAL]] wifi_signal received: -49dBm
2026-03-18 14:39:35,403 DEBUG [backend.app.services.bambu_mqtt] [[SERIAL]] Received command response: push_status
2026-03-18 14:39:35,404 DEBUG [backend.app.services.bambu_mqtt] [[SERIAL]] wifi_signal received: -42dBm
2026-03-18 14:39:37,426 DEBUG [backend.app.services.bambu_mqtt] [[SERIAL]] Received command response: push_status
2026-03-18 14:39:37,426 DEBUG [backend.app.services.bambu_mqtt] [[SERIAL]] wifi_signal received: -44dBm