2026-03-18 11:21:14,458 DEBUG [backend.app.services.bambu_mqtt] [[SERIAL]] ams_extruder_map: {'0': 0}
2026-03-18 11:21:14,460 DEBUG [backend.app.services.bambu_mqtt] [[SERIAL]] ams_status: 768 (main=3, sub=0)
2026-03-18 11:21:14,462 DEBUG [backend.app.services.bambu_mqtt] [[SERIAL]] Received command response: push_status
2026-03-18 11:21:14,464 DEBUG [backend.app.services.bambu_mqtt] [[SERIAL]] device.extruder.state=1 (switch_state bits 12-14: 0)
2026-03-18 11:21:14,464 DEBUG [backend.app.services.bambu_mqtt] [[SERIAL]] info.temp direct: 31°C (heater OFF)
2026-03-18 11:21:14,464 DEBUG [backend.app.services.bambu_mqtt] [[SERIAL]] ctc_info keys: ['temp']
2026-03-18 11:21:14,464 DEBUG [backend.app.services.bambu_mqtt] [[SERIAL]] Chamber heating calculated: target=0.0, current=31.0, heating=False, respect_local=False
2026-03-18 11:21:14,465 DEBUG [backend.app.services.bambu_mqtt] [[SERIAL]] Chamber temp updated to: 31.0, target: 0.0, heating: False
2026-03-18 11:21:14,465 DEBUG [backend.app.services.bambu_mqtt] [[SERIAL]] HMS data received: [{'attr': 201326848, 'code': 131074}]
2026-03-18 11:21:14,465 DEBUG [backend.app.services.bambu_mqtt] [[SERIAL]] ipcam field: {'agora_service': 'disable', 'brtc_service': 'enable', 'bs_state': 0, 'ipcam_dev': '1', 'ipcam_record': 'enable', 'laser_preview_res': 7, 'mode_bits': 2, 'resolution': '1080p', 'rtsp_url': 'rtsps://[IP]:322/streaming/live/1', 'timelapse': 'disable', 'tl_store_hpd_type': 2, 'tl_store_path_type': 2, 'tutk_server': 'disable'}
2026-03-18 11:21:14,466 DEBUG [backend.app.services.bambu_mqtt] [[SERIAL]] wifi_signal received: -66dBm
2026-03-18 11:21:14,467 DEBUG [backend.app.services.bambu_mqtt] [[SERIAL]] lights_report: [{'mode': 'on', 'node': 'chamber_light'}, {'mode': 'flashing', 'node': 'work_light'}]
2026-03-18 11:21:14,467 DEBUG [backend.app.services.bambu_mqtt] [[SERIAL]] MQTT mapping field: [0, 3]
2026-03-18 11:21:14,468 DEBUG [backend.app.services.bambu_mqtt] [[SERIAL]] gcode_state: RUNNING -> RUNNING, file: /data/Metadata/plate_4.gcode, subtask: X1 Schwarz Ohne Mund
2026-03-18 11:21:14,470 DEBUG [backend.app.api.routes.printers] API returning ams_mapping: [], ams_extruder_map: {'0': 0}
2026-03-18 11:21:14,470 DEBUG [backend.app.api.routes.printers] Using tray_now directly as global ID: 0
2026-03-18 11:21:14,624 DEBUG [backend.app.services.bambu_mqtt] [[SERIAL]] Found xcam inside print data: {'allow_skip_parts': False, 'buildplate_marker_detector': False, 'first_layer_inspector': True, 'halt_print_sensitivity': 'medium', 'print_halt': True, 'printing_monitor': True, 'spaghetti_detector': True}
2026-03-18 11:21:14,624 DEBUG [backend.app.services.bambu_mqtt] [[SERIAL]] Parsing xcam data - all fields: ['allow_skip_parts', 'buildplate_marker_detector', 'first_layer_inspector', 'halt_print_sensitivity', 'print_halt', 'printing_monitor', 'spaghetti_detector']
2026-03-18 11:21:14,624 DEBUG [backend.app.services.bambu_mqtt] [[SERIAL]] Received gcode_state: RUNNING, gcode_file: /data/Metadata/plate_4.gcode, subtask_name: X1 Schwarz Ohne Mund
2026-03-18 11:21:14,625 DEBUG [backend.app.services.bambu_mqtt] [[SERIAL]] AMS dict fields: {'ams_exist_bits': '1', 'ams_exist_bits_raw': '1', 'cali_id': 0, 'cali_stat': 0, 'insert_flag': True, 'power_on_flag': True, 'tray_exist_bits': 'd', 'tray_is_bbl_bits': 'd', 'tray_now': '0', 'tray_pre': '0', 'tray_read_done_bits': 'd', 'tray_reading_bits': '0', 'tray_tar': '0', 'unbind_ams_stat': 0, 'version': 135}
2026-03-18 11:21:14,625 DEBUG [backend.app.services.bambu_mqtt] [[SERIAL]] tray_now updated: 0
2026-03-18 11:21:14,625 DEBUG [backend.app.services.bambu_mqtt] [[SERIAL]] Merged AMS data: 1 new units, 1 total
2026-03-18 11:21:14,626 DEBUG [backend.app.services.bambu_mqtt] [[SERIAL]] AMS 0 info=0x1001 -> extruder 0
2026-03-18 11:21:14,626 DEBUG [backend.app.services.bambu_mqtt] [[SERIAL]] ams_extruder_map: {'0': 0}
2026-03-18 11:21:14,627 DEBUG [backend.app.services.bambu_mqtt] [[SERIAL]] ams_status: 768 (main=3, sub=0)
2026-03-18 11:21:14,628 DEBUG [backend.app.services.bambu_mqtt] [[SERIAL]] Received command response: push_status
2026-03-18 11:21:14,628 DEBUG [backend.app.services.bambu_mqtt] [[SERIAL]] device.extruder.state=1 (switch_state bits 12-14: 0)
2026-03-18 11:21:14,630 DEBUG [backend.app.services.bambu_mqtt] [[SERIAL]] info.temp direct: 31°C (heater OFF)
2026-03-18 11:21:14,631 DEBUG [backend.app.services.bambu_mqtt] [[SERIAL]] ctc_info keys: ['temp']
2026-03-18 11:21:14,631 DEBUG [backend.app.services.bambu_mqtt] [[SERIAL]] Chamber heating calculated: target=0.0, current=31.0, heating=False, respect_local=False
2026-03-18 11:21:14,631 DEBUG [backend.app.services.bambu_mqtt] [[SERIAL]] Chamber temp updated to: 31.0, target: 0.0, heating: False
2026-03-18 11:21:14,632 DEBUG [backend.app.services.bambu_mqtt] [[SERIAL]] HMS data received: [{'attr': 201326848, 'code': 131074}]
2026-03-18 11:21:14,633 DEBUG [backend.app.services.bambu_mqtt] [[SERIAL]] ipcam field: {'agora_service': 'disable', 'brtc_service': 'enable', 'bs_state': 0, 'ipcam_dev': '1', 'ipcam_record': 'enable', 'laser_preview_res': 7, 'mode_bits': 2, 'resolution': '1080p', 'rtsp_url': 'rtsps://[IP]:322/streaming/live/1', 'timelapse': 'disable', 'tl_store_hpd_type': 2, 'tl_store_path_type': 2, 'tutk_server': 'disable'}
2026-03-18 11:21:14,633 DEBUG [backend.app.services.bambu_mqtt] [[SERIAL]] wifi_signal received: -66dBm
2026-03-18 11:21:14,634 DEBUG [backend.app.services.bambu_mqtt] [[SERIAL]] lights_report: [{'mode': 'on', 'node': 'chamber_light'}, {'mode': 'flashing', 'node': 'work_light'}]
2026-03-18 11:21:14,636 DEBUG [backend.app.services.bambu_mqtt] [[SERIAL]] MQTT mapping field: [0, 3]
2026-03-18 11:21:14,636 DEBUG [backend.app.services.bambu_mqtt] [[SERIAL]] gcode_state: RUNNING -> RUNNING, file: /data/Metadata/plate_4.gcode, subtask: X1 Schwarz Ohne Mund
2026-03-18 11:21:14,709 DEBUG [backend.app.services.bambu_mqtt] [[SERIAL]] ams_status: 263 (main=1, sub=7)
2026-03-18 11:21:14,710 DEBUG [backend.app.services.bambu_mqtt] [[SERIAL]] Received command response: push_status
2026-03-18 11:21:14,710 DEBUG [backend.app.services.bambu_mqtt] [[SERIAL]] mc_print_sub_stage changed: 0 -> 2
2026-03-18 11:21:15,477 DEBUG [backend.app.main] [A1] Runtime tracking: added 30s, total=986244s (273.96h)
2026-03-18 11:21:15,478 DEBUG [backend.app.main] [[PRINTER]] Runtime tracking: added 30s, total=1107331s (307.59h)
2026-03-18 11:21:15,489 DEBUG [backend.app.main] Updated runtime for 2 printer(s)
2026-03-18 11:21:15,702 DEBUG [backend.app.services.bambu_mqtt] [[SERIAL]] Found xcam inside print data: {'allow_skip_parts': False, 'buildplate_marker_detector': False, 'first_layer_inspector': True, 'halt_print_sensitivity': 'medium', 'print_halt': True, 'printing_monitor': True, 'spaghetti_detector': True}
2026-03-18 11:21:15,703 DEBUG [backend.app.services.bambu_mqtt] [[SERIAL]] Parsing xcam data - all fields: ['allow_skip_parts', 'buildplate_marker_detector', 'first_layer_inspector', 'halt_print_sensitivity', 'print_halt', 'printing_monitor', 'spaghetti_detector']
2026-03-18 11:21:15,703 DEBUG [backend.app.services.bambu_mqtt] [[SERIAL]] Received gcode_state: RUNNING, gcode_file: /data/Metadata/plate_4.gcode, subtask_name: X1 Schwarz Ohne Mund
2026-03-18 11:21:15,703 DEBUG [backend.app.services.bambu_mqtt] [[SERIAL]] AMS dict fields: {'ams_exist_bits': '1', 'ams_exist_bits_raw': '1', 'cali_id': 0, 'cali_stat': 0, 'insert_flag': True, 'power_on_flag': True, 'tray_exist_bits': 'd', 'tray_is_bbl_bits': 'd', 'tray_now': '0', 'tray_pre': '0', 'tray_read_done_bits': 'd', 'tray_reading_bits': '0', 'tray_tar': '0', 'unbind_ams_stat': 0, 'version': 135}
2026-03-18 11:21:15,703 DEBUG [backend.app.services.bambu_mqtt] [[SERIAL]] tray_now updated: 0
2026-03-18 11:21:15,703 DEBUG [backend.app.services.bambu_mqtt] [[SERIAL]] Merged AMS data: 1 new units, 1 total
2026-03-18 11:21:15,704 DEBUG [backend.app.services.bambu_mqtt] [[SERIAL]] AMS 0 info=0x1001 -> extruder 0
2026-03-18 11:21:15,704 DEBUG [backend.app.services.bambu_mqtt] [[SERIAL]] ams_extruder_map: {'0': 0}
2026-03-18 11:21:15,704 DEBUG [backend.app.services.bambu_mqtt] [[SERIAL]] ams_status: 768 (main=3, sub=0)
2026-03-18 11:21:15,704 DEBUG [backend.app.services.bambu_mqtt] [[SERIAL]] Received command response: push_status
2026-03-18 11:21:15,704 DEBUG [backend.app.services.bambu_mqtt] [[SERIAL]] device.extruder.state=1 (switch_state bits 12-14: 0)
2026-03-18 11:21:15,704 DEBUG [backend.app.services.bambu_mqtt] [[SERIAL]] info.temp direct: 31°C (heater OFF)
2026-03-18 11:21:15,704 DEBUG [backend.app.services.bambu_mqtt] [[SERIAL]] ctc_info keys: ['temp']
2026-03-18 11:21:15,705 DEBUG [backend.app.services.bambu_mqtt] [[SERIAL]] Chamber heating calculated: target=0.0, current=31.0, heating=False, respect_local=False
2026-03-18 11:21:15,705 DEBUG [backend.app.services.bambu_mqtt] [[SERIAL]] Chamber temp updated to: 31.0, target: 0.0, heating: False
2026-03-18 11:21:15,705 DEBUG [backend.app.services.bambu_mqtt] [[SERIAL]] HMS data received: [{'attr': 201326848, 'code': 131074}]
2026-03-18 11:21:15,705 DEBUG [backend.app.services.bambu_mqtt] [[SERIAL]] ipcam field: {'agora_service': 'disable', 'brtc_service': 'enable', 'bs_state': 0, 'ipcam_dev': '1', 'ipcam_record': 'enable', 'laser_preview_res': 7, 'mode_bits': 2, 'resolution': '1080p', 'rtsp_url': 'rtsps://[IP]:322/streaming/live/1', 'timelapse': 'disable', 'tl_store_hpd_type': 2, 'tl_store_path_type': 2, 'tutk_server': 'disable'}
2026-03-18 11:21:15,705 DEBUG [backend.app.services.bambu_mqtt] [[SERIAL]] wifi_signal received: -66dBm
2026-03-18 11:21:15,705 DEBUG [backend.app.services.bambu_mqtt] [[SERIAL]] lights_report: [{'mode': 'on', 'node': 'chamber_light'}, {'mode': 'flashing', 'node': 'work_light'}]
2026-03-18 11:21:15,706 DEBUG [backend.app.services.bambu_mqtt] [[SERIAL]] MQTT mapping field: [0, 3]
2026-03-18 11:21:15,706 DEBUG [backend.app.services.bambu_mqtt] [[SERIAL]] gcode_state: RUNNING -> RUNNING, file: /data/Metadata/plate_4.gcode, subtask: X1 Schwarz Ohne Mund
2026-03-18 11:21:16,772 DEBUG [backend.app.services.bambu_mqtt] [[SERIAL]] Found xcam inside print data: {'allow_skip_parts': False, 'buildplate_marker_detector': False, 'first_layer_inspector': True, 'halt_print_sensitivity': 'medium', 'print_halt': True, 'printing_monitor': True, 'spaghetti_detector': True}
2026-03-18 11:21:16,772 DEBUG [backend.app.services.bambu_mqtt] [[SERIAL]] Parsing xcam data - all fields: ['allow_skip_parts', 'buildplate_marker_detector', 'first_layer_inspector', 'halt_print_sensitivity', 'print_halt', 'printing_monitor', 'spaghetti_detector']
2026-03-18 11:21:16,772 DEBUG [backend.app.services.bambu_mqtt] [[SERIAL]] Received gcode_state: RUNNING, gcode_file: /data/Metadata/plate_4.gcode, subtask_name: X1 Schwarz Ohne Mund
2026-03-18 11:21:16,772 DEBUG [backend.app.services.bambu_mqtt] [[SERIAL]] AMS dict fields: {'ams_exist_bits': '1', 'ams_exist_bits_raw': '1', 'cali_id': 0, 'cali_stat': 0, 'insert_flag': True, 'power_on_flag': True, 'tray_exist_bits': 'd', 'tray_is_bbl_bits': 'd', 'tray_now': '0', 'tray_pre': '0', 'tray_read_done_bits': 'd', 'tray_reading_bits': '0', 'tray_tar': '0', 'unbind_ams_stat': 0, 'version': 135}
2026-03-18 11:21:16,772 DEBUG [backend.app.services.bambu_mqtt] [[SERIAL]] tray_now updated: 0
2026-03-18 11:21:16,773 DEBUG [backend.app.services.bambu_mqtt] [[SERIAL]] Merged AMS data: 1 new units, 1 total
2026-03-18 11:21:16,773 DEBUG [backend.app.services.bambu_mqtt] [[SERIAL]] AMS 0 info=0x1001 -> extruder 0
2026-03-18 11:21:16,773 DEBUG [backend.app.services.bambu_mqtt] [[SERIAL]] ams_extruder_map: {'0': 0}
2026-03-18 11:21:16,773 DEBUG [backend.app.services.bambu_mqtt] [[SERIAL]] ams_status: 768 (main=3, sub=0)
2026-03-18 11:21:16,773 DEBUG [backend.app.services.bambu_mqtt] [[SERIAL]] Received command response: push_status
2026-03-18 11:21:16,773 DEBUG [backend.app.services.bambu_mqtt] [[SERIAL]] device.extruder.state=1 (switch_state bits 12-14: 0)
2026-03-18 11:21:16,773 DEBUG [backend.app.services.bambu_mqtt] [[SERIAL]] info.temp direct: 31°C (heater OFF)
2026-03-18 11:21:16,774 DEBUG [backend.app.services.bambu_mqtt] [[SERIAL]] ctc_info keys: ['temp']
2026-03-18 11:21:16,774 DEBUG [backend.app.services.bambu_mqtt] [[SERIAL]] Chamber heating calculated: target=0.0, current=31.0, heating=False, respect_local=False
2026-03-18 11:21:16,774 DEBUG [backend.app.services.bambu_mqtt] [[SERIAL]] Chamber temp updated to: 31.0, target: 0.0, heating: False
2026-03-18 11:21:16,774 DEBUG [backend.app.services.bambu_mqtt] [[SERIAL]] HMS data received: [{'attr': 201326848, 'code': 131074}]
2026-03-18 11:21:16,774 DEBUG [backend.app.services.bambu_mqtt] [[SERIAL]] ipcam field: {'agora_service': 'disable', 'brtc_service': 'enable', 'bs_state': 0, 'ipcam_dev': '1', 'ipcam_record': 'enable', 'laser_preview_res': 7, 'mode_bits': 2, 'resolution': '1080p', 'rtsp_url': 'rtsps://[IP]:322/streaming/live/1', 'timelapse': 'disable', 'tl_store_hpd_type': 2, 'tl_store_path_type': 2, 'tutk_server': 'disable'}
2026-03-18 11:21:16,774 DEBUG [backend.app.services.bambu_mqtt] [[SERIAL]] wifi_signal received: -66dBm
2026-03-18 11:21:16,774 DEBUG [backend.app.services.bambu_mqtt] [[SERIAL]] lights_report: [{'mode': 'on', 'node': 'chamber_light'}, {'mode': 'flashing', 'node': 'work_light'}]
2026-03-18 11:21:16,775 DEBUG [backend.app.services.bambu_mqtt] [[SERIAL]] MQTT mapping field: [0, 3]
2026-03-18 11:21:16,775 DEBUG [backend.app.services.bambu_mqtt] [[SERIAL]] gcode_state: RUNNING -> RUNNING, file: /data/Metadata/plate_4.gcode, subtask: X1 Schwarz Ohne Mund
2026-03-18 11:21:17,124 INFO [backend.app.services.print_scheduler] Queue check: found 8 pending items: [(124, 1, 60, None), (125, 1, 66, None), (126, 1, 64, None), (127, 1, 64, None), (115, 2, 72, None), (117, 2, 74, None), (119, 2, 73, None), (121, 2, 68, None)]
2026-03-18 11:21:17,124 DEBUG [backend.app.services.print_scheduler] Printer 1: not idle — state=RUNNING, plate_cleared=False
2026-03-18 11:21:17,124 DEBUG [backend.app.services.print_scheduler] Printer 2: not idle — state=RUNNING, plate_cleared=False
2026-03-18 11:21:17,125 INFO [backend.app.services.print_scheduler] Queue: printer 1 not available — connected=True, state=RUNNING, plate_cleared=False
2026-03-18 11:21:17,125 INFO [backend.app.services.print_scheduler] Queue: printer 2 not available — connected=True, state=RUNNING, plate_cleared=False
2026-03-18 11:21:17,891 DEBUG [backend.app.services.bambu_mqtt] [[SERIAL]] Found xcam inside print data: {'allow_skip_parts': False, 'buildplate_marker_detector': False, 'first_layer_inspector': True, 'halt_print_sensitivity': 'medium', 'print_halt': True, 'printing_monitor': True, 'spaghetti_detector': True}
2026-03-18 11:21:17,891 DEBUG [backend.app.services.bambu_mqtt] [[SERIAL]] Parsing xcam data - all fields: ['allow_skip_parts', 'buildplate_marker_detector', 'first_layer_inspector', 'halt_print_sensitivity', 'print_halt', 'printing_monitor', 'spaghetti_detector']
2026-03-18 11:21:17,891 DEBUG [backend.app.services.bambu_mqtt] [[SERIAL]] Received gcode_state: RUNNING, gcode_file: /data/Metadata/plate_4.gcode, subtask_name: X1 Schwarz Ohne Mund
2026-03-18 11:21:17,891 DEBUG [backend.app.services.bambu_mqtt] [[SERIAL]] AMS dict fields: {'ams_exist_bits': '1', 'ams_exist_bits_raw': '1', 'cali_id': 0, 'cali_stat': 0, 'insert_flag': True, 'power_on_flag': True, 'tray_exist_bits': 'd', 'tray_is_bbl_bits': 'd', 'tray_now': '0', 'tray_pre': '0', 'tray_read_done_bits': 'd', 'tray_reading_bits': '0', 'tray_tar': '0', 'unbind_ams_stat': 0, 'version': 135}
2026-03-18 11:21:17,891 DEBUG [backend.app.services.bambu_mqtt] [[SERIAL]] tray_now updated: 0
2026-03-18 11:21:17,892 DEBUG [backend.app.services.bambu_mqtt] [[SERIAL]] Merged AMS data: 1 new units, 1 total
2026-03-18 11:21:17,892 DEBUG [backend.app.services.bambu_mqtt] [[SERIAL]] AMS 0 info=0x1001 -> extruder 0
2026-03-18 11:21:17,892 DEBUG [backend.app.services.bambu_mqtt] [[SERIAL]] ams_extruder_map: {'0': 0}
2026-03-18 11:21:17,892 DEBUG [backend.app.services.bambu_mqtt] [[SERIAL]] ams_status: 768 (main=3, sub=0)
2026-03-18 11:21:17,892 DEBUG [backend.app.services.bambu_mqtt] [[SERIAL]] Received command response: push_status
2026-03-18 11:21:17,892 DEBUG [backend.app.services.bambu_mqtt] [[SERIAL]] device.extruder.state=1 (switch_state bits 12-14: 0)
2026-03-18 11:21:17,892 DEBUG [backend.app.services.bambu_mqtt] [[SERIAL]] info.temp direct: 31°C (heater OFF)
2026-03-18 11:21:17,893 DEBUG [backend.app.services.bambu_mqtt] [[SERIAL]] ctc_info keys: ['temp']
2026-03-18 11:21:17,893 DEBUG [backend.app.services.bambu_mqtt] [[SERIAL]] Chamber heating calculated: target=0.0, current=31.0, heating=False, respect_local=False
2026-03-18 11:21:17,893 DEBUG [backend.app.services.bambu_mqtt] [[SERIAL]] Chamber temp updated to: 31.0, target: 0.0, heating: False
2026-03-18 11:21:17,893 DEBUG [backend.app.services.bambu_mqtt] [[SERIAL]] HMS data received: [{'attr': 201326848, 'code': 131074}]
2026-03-18 11:21:17,893 DEBUG [backend.app.services.bambu_mqtt] [[SERIAL]] ipcam field: {'agora_service': 'disable', 'brtc_service': 'enable', 'bs_state': 0, 'ipcam_dev': '1', 'ipcam_record': 'enable', 'laser_preview_res': 7, 'mode_bits': 2, 'resolution': '1080p', 'rtsp_url': 'rtsps://[IP]:322/streaming/live/1', 'timelapse': 'disable', 'tl_store_hpd_type': 2, 'tl_store_path_type': 2, 'tutk_server': 'disable'}
2026-03-18 11:21:17,893 DEBUG [backend.app.services.bambu_mqtt] [[SERIAL]] wifi_signal received: -66dBm
2026-03-18 11:21:17,893 DEBUG [backend.app.services.bambu_mqtt] [[SERIAL]] lights_report: [{'mode': 'on', 'node': 'chamber_light'}, {'mode': 'flashing', 'node': 'work_light'}]
2026-03-18 11:21:17,894 DEBUG [backend.app.services.bambu_mqtt] [[SERIAL]] MQTT mapping field: [0, 3]
2026-03-18 11:21:17,894 DEBUG [backend.app.services.bambu_mqtt] [[SERIAL]] gcode_state: RUNNING -> RUNNING, file: /data/Metadata/plate_4.gcode, subtask: X1 Schwarz Ohne Mund
2026-03-18 11:21:18,747 DEBUG [backend.app.services.bambu_mqtt] [[SERIAL]] Received command response: push_status
2026-03-18 11:21:19,068 DEBUG [backend.app.services.bambu_mqtt] [[SERIAL]] Found xcam inside print data: {'allow_skip_parts': False, 'buildplate_marker_detector': False, 'first_layer_inspector': True, 'halt_print_sensitivity': 'medium', 'print_halt': True, 'printing_monitor': True, 'spaghetti_detector': True}
2026-03-18 11:21:19,068 DEBUG [backend.app.services.bambu_mqtt] [[SERIAL]] Parsing xcam data - all fields: ['allow_skip_parts', 'buildplate_marker_detector', 'first_layer_inspector', 'halt_print_sensitivity', 'print_halt', 'printing_monitor', 'spaghetti_detector']
2026-03-18 11:21:19,069 DEBUG [backend.app.services.bambu_mqtt] [[SERIAL]] Received gcode_state: RUNNING, gcode_file: /data/Metadata/plate_4.gcode, subtask_name: X1 Schwarz Ohne Mund
2026-03-18 11:21:19,069 DEBUG [backend.app.services.bambu_mqtt] [[SERIAL]] AMS dict fields: {'ams_exist_bits': '1', 'ams_exist_bits_raw': '1', 'cali_id': 0, 'cali_stat': 0, 'insert_flag': True, 'power_on_flag': True, 'tray_exist_bits': 'd', 'tray_is_bbl_bits': 'd', 'tray_now': '0', 'tray_pre': '0', 'tray_read_done_bits': 'd', 'tray_reading_bits': '0', 'tray_tar': '0', 'unbind_ams_stat': 0, 'version': 135}
2026-03-18 11:21:19,069 DEBUG [backend.app.services.bambu_mqtt] [[SERIAL]] tray_now updated: 0
2026-03-18 11:21:19,069 DEBUG [backend.app.services.bambu_mqtt] [[SERIAL]] Merged AMS data: 1 new units, 1 total
2026-03-18 11:21:19,069 DEBUG [backend.app.services.bambu_mqtt] [[SERIAL]] AMS 0 info=0x1001 -> extruder 0
2026-03-18 11:21:19,069 DEBUG [backend.app.services.bambu_mqtt] [[SERIAL]] ams_extruder_map: {'0': 0}
2026-03-18 11:21:19,069 DEBUG [backend.app.services.bambu_mqtt] [[SERIAL]] ams_status: 768 (main=3, sub=0)
2026-03-18 11:21:19,069 DEBUG [backend.app.services.bambu_mqtt] [[SERIAL]] Received command response: push_status
2026-03-18 11:21:19,070 DEBUG [backend.app.services.bambu_mqtt] [[SERIAL]] device.extruder.state=1 (switch_state bits 12-14: 0)
2026-03-18 11:21:19,070 DEBUG [backend.app.services.bambu_mqtt] [[SERIAL]] info.temp direct: 31°C (heater OFF)
2026-03-18 11:21:19,070 DEBUG [backend.app.services.bambu_mqtt] [[SERIAL]] ctc_info keys: ['temp']
2026-03-18 11:21:19,070 DEBUG [backend.app.services.bambu_mqtt] [[SERIAL]] Chamber heating calculated: target=0.0, current=31.0, heating=False, respect_local=False
2026-03-18 11:21:19,070 DEBUG [backend.app.services.bambu_mqtt] [[SERIAL]] Chamber temp updated to: 31.0, target: 0.0, heating: False
2026-03-18 11:21:19,070 DEBUG [backend.app.services.bambu_mqtt] [[SERIAL]] HMS data received: [{'attr': 201326848, 'code': 131074}]
2026-03-18 11:21:19,070 DEBUG [backend.app.services.bambu_mqtt] [[SERIAL]] ipcam field: {'agora_service': 'disable', 'brtc_service': 'enable', 'bs_state': 0, 'ipcam_dev': '1', 'ipcam_record': 'enable', 'laser_preview_res': 7, 'mode_bits': 2, 'resolution': '1080p', 'rtsp_url': 'rtsps://[IP]:322/streaming/live/1', 'timelapse': 'disable', 'tl_store_hpd_type': 2, 'tl_store_path_type': 2, 'tutk_server': 'disable'}
2026-03-18 11:21:19,071 DEBUG [backend.app.services.bambu_mqtt] [[SERIAL]] wifi_signal received: -66dBm
2026-03-18 11:21:19,071 DEBUG [backend.app.services.bambu_mqtt] [[SERIAL]] lights_report: [{'mode': 'on', 'node': 'chamber_light'}, {'mode': 'flashing', 'node': 'work_light'}]
2026-03-18 11:21:19,071 DEBUG [backend.app.services.bambu_mqtt] [[SERIAL]] MQTT mapping field: [0, 3]
2026-03-18 11:21:19,071 DEBUG [backend.app.services.bambu_mqtt] [[SERIAL]] gcode_state: RUNNING -> RUNNING, file: /data/Metadata/plate_4.gcode, subtask: X1 Schwarz Ohne Mund
2026-03-18 11:21:19,501 DEBUG [backend.app.api.routes.printers] API returning ams_mapping: [], ams_extruder_map: {'0': 0}
2026-03-18 11:21:19,501 DEBUG [backend.app.api.routes.printers] Using tray_now directly as global ID: 0
2026-03-18 11:21:20,159 DEBUG [backend.app.services.bambu_mqtt] [[SERIAL]] Found xcam inside print data: {'allow_skip_parts': False, 'buildplate_marker_detector': False, 'first_layer_inspector': True, 'halt_print_sensitivity': 'medium', 'print_halt': True, 'printing_monitor': True, 'spaghetti_detector': True}
2026-03-18 11:21:20,160 DEBUG [backend.app.services.bambu_mqtt] [[SERIAL]] Parsing xcam data - all fields: ['allow_skip_parts', 'buildplate_marker_detector', 'first_layer_inspector', 'halt_print_sensitivity', 'print_halt', 'printing_monitor', 'spaghetti_detector']
2026-03-18 11:21:20,161 DEBUG [backend.app.services.bambu_mqtt] [[SERIAL]] Received gcode_state: RUNNING, gcode_file: /data/Metadata/plate_4.gcode, subtask_name: X1 Schwarz Ohne Mund
2026-03-18 11:21:20,163 DEBUG [backend.app.services.bambu_mqtt] [[SERIAL]] AMS dict fields: {'ams_exist_bits': '1', 'ams_exist_bits_raw': '1', 'cali_id': 0, 'cali_stat': 0, 'insert_flag': True, 'power_on_flag': True, 'tray_exist_bits': 'd', 'tray_is_bbl_bits': 'd', 'tray_now': '0', 'tray_pre': '0', 'tray_read_done_bits': 'd', 'tray_reading_bits': '0', 'tray_tar': '0', 'unbind_ams_stat': 0, 'version': 135}
2026-03-18 11:21:20,163 DEBUG [backend.app.services.bambu_mqtt] [[SERIAL]] tray_now updated: 0
2026-03-18 11:21:20,164 DEBUG [backend.app.services.bambu_mqtt] [[SERIAL]] Merged AMS data: 1 new units, 1 total
2026-03-18 11:21:20,164 DEBUG [backend.app.services.bambu_mqtt] [[SERIAL]] AMS 0 info=0x1001 -> extruder 0
2026-03-18 11:21:20,164 DEBUG [backend.app.services.bambu_mqtt] [[SERIAL]] ams_extruder_map: {'0': 0}
2026-03-18 11:21:20,165 DEBUG [backend.app.services.bambu_mqtt] [[SERIAL]] ams_status: 768 (main=3, sub=0)
2026-03-18 11:21:20,166 DEBUG [backend.app.services.bambu_mqtt] [[SERIAL]] Received command response: push_status
2026-03-18 11:21:20,167 DEBUG [backend.app.services.bambu_mqtt] [[SERIAL]] device.extruder.state=1 (switch_state bits 12-14: 0)
2026-03-18 11:21:20,168 DEBUG [backend.app.services.bambu_mqtt] [[SERIAL]] info.temp direct: 31°C (heater OFF)
2026-03-18 11:21:20,168 DEBUG [backend.app.services.bambu_mqtt] [[SERIAL]] ctc_info keys: ['temp']
2026-03-18 11:21:20,170 DEBUG [backend.app.services.bambu_mqtt] [[SERIAL]] Chamber heating calculated: target=0.0, current=31.0, heating=False, respect_local=False
2026-03-18 11:21:20,170 DEBUG [backend.app.services.bambu_mqtt] [[SERIAL]] Chamber temp updated to: 31.0, target: 0.0, heating: False
2026-03-18 11:21:20,170 DEBUG [backend.app.services.bambu_mqtt] [[SERIAL]] HMS data received: [{'attr': 201326848, 'code': 131074}]
2026-03-18 11:21:20,171 DEBUG [backend.app.services.bambu_mqtt] [[SERIAL]] ipcam field: {'agora_service': 'disable', 'brtc_service': 'enable', 'bs_state': 0, 'ipcam_dev': '1', 'ipcam_record': 'enable', 'laser_preview_res': 7, 'mode_bits': 2, 'resolution': '1080p', 'rtsp_url': 'rtsps://[IP]:322/streaming/live/1', 'timelapse': 'disable', 'tl_store_hpd_type': 2, 'tl_store_path_type': 2, 'tutk_server': 'disable'}
2026-03-18 11:21:20,171 DEBUG [backend.app.services.bambu_mqtt] [[SERIAL]] wifi_signal received: -66dBm
2026-03-18 11:21:20,172 DEBUG [backend.app.services.bambu_mqtt] [[SERIAL]] lights_report: [{'mode': 'on', 'node': 'chamber_light'}, {'mode': 'flashing', 'node': 'work_light'}]
2026-03-18 11:21:20,172 DEBUG [backend.app.services.bambu_mqtt] [[SERIAL]] MQTT mapping field: [0, 3]
2026-03-18 11:21:20,173 DEBUG [backend.app.services.bambu_mqtt] [[SERIAL]] gcode_state: RUNNING -> RUNNING, file: /data/Metadata/plate_4.gcode, subtask: X1 Schwarz Ohne Mund
2026-03-18 11:21:20,774 DEBUG [backend.app.services.bambu_mqtt] [[SERIAL]] Received command response: push_status
2026-03-18 11:21:20,774 DEBUG [backend.app.services.bambu_mqtt] [[SERIAL]] mc_print_sub_stage changed: 2 -> 0
2026-03-18 11:21:21,207 DEBUG [backend.app.services.bambu_mqtt] [[SERIAL]] Found xcam inside print data: {'allow_skip_parts': False, 'buildplate_marker_detector': False, 'first_layer_inspector': True, 'halt_print_sensitivity': 'medium', 'print_halt': True, 'printing_monitor': True, 'spaghetti_detector': True}
2026-03-18 11:21:21,207 DEBUG [backend.app.services.bambu_mqtt] [[SERIAL]] Parsing xcam data - all fields: ['allow_skip_parts', 'buildplate_marker_detector', 'first_layer_inspector', 'halt_print_sensitivity', 'print_halt', 'printing_monitor', 'spaghetti_detector']
2026-03-18 11:21:21,207 DEBUG [backend.app.services.bambu_mqtt] [[SERIAL]] Received gcode_state: RUNNING, gcode_file: /data/Metadata/plate_4.gcode, subtask_name: X1 Schwarz Ohne Mund
2026-03-18 11:21:21,207 DEBUG [backend.app.services.bambu_mqtt] [[SERIAL]] AMS dict fields: {'ams_exist_bits': '1', 'ams_exist_bits_raw': '1', 'cali_id': 0, 'cali_stat': 0, 'insert_flag': True, 'power_on_flag': True, 'tray_exist_bits': 'd', 'tray_is_bbl_bits': 'd', 'tray_now': '0', 'tray_pre': '0', 'tray_read_done_bits': 'd', 'tray_reading_bits': '0', 'tray_tar': '0', 'unbind_ams_stat': 0, 'version': 135}
2026-03-18 11:21:21,207 DEBUG [backend.app.services.bambu_mqtt] [[SERIAL]] tray_now updated: 0
2026-03-18 11:21:21,208 DEBUG [backend.app.services.bambu_mqtt] [[SERIAL]] Merged AMS data: 1 new units, 1 total
2026-03-18 11:21:21,208 DEBUG [backend.app.services.bambu_mqtt] [[SERIAL]] AMS 0 info=0x1001 -> extruder 0
2026-03-18 11:21:21,208 DEBUG [backend.app.services.bambu_mqtt] [[SERIAL]] ams_extruder_map: {'0': 0}
2026-03-18 11:21:21,208 DEBUG [backend.app.services.bambu_mqtt] [[SERIAL]] ams_status: 768 (main=3, sub=0)
2026-03-18 11:21:21,208 DEBUG [backend.app.services.bambu_mqtt] [[SERIAL]] Received command response: push_status
2026-03-18 11:21:21,208 DEBUG [backend.app.services.bambu_mqtt] [[SERIAL]] device.extruder.state=1 (switch_state bits 12-14: 0)
2026-03-18 11:21:21,208 DEBUG [backend.app.services.bambu_mqtt] [[SERIAL]] info.temp direct: 31°C (heater OFF)
2026-03-18 11:21:21,208 DEBUG [backend.app.services.bambu_mqtt] [[SERIAL]] ctc_info keys: ['temp']
2026-03-18 11:21:21,209 DEBUG [backend.app.services.bambu_mqtt] [[SERIAL]] Chamber heating calculated: target=0.0, current=31.0, heating=False, respect_local=False
2026-03-18 11:21:21,209 DEBUG [backend.app.services.bambu_mqtt] [[SERIAL]] Chamber temp updated to: 31.0, target: 0.0, heating: False
2026-03-18 11:21:21,209 DEBUG [backend.app.services.bambu_mqtt] [[SERIAL]] HMS data received: [{'attr': 201326848, 'code': 131074}]
2026-03-18 11:21:21,209 DEBUG [backend.app.services.bambu_mqtt] [[SERIAL]] ipcam field: {'agora_service': 'disable', 'brtc_service': 'enable', 'bs_state': 0, 'ipcam_dev': '1', 'ipcam_record': 'enable', 'laser_preview_res': 7, 'mode_bits': 2, 'resolution': '1080p', 'rtsp_url': 'rtsps://[IP]:322/streaming/live/1', 'timelapse': 'disable', 'tl_store_hpd_type': 2, 'tl_store_path_type': 2, 'tutk_server': 'disable'}
2026-03-18 11:21:21,209 DEBUG [backend.app.services.bambu_mqtt] [[SERIAL]] wifi_signal received: -66dBm
2026-03-18 11:21:21,209 DEBUG [backend.app.services.bambu_mqtt] [[SERIAL]] lights_report: [{'mode': 'on', 'node': 'chamber_light'}, {'mode': 'flashing', 'node': 'work_light'}]
2026-03-18 11:21:21,210 DEBUG [backend.app.services.bambu_mqtt] [[SERIAL]] MQTT mapping field: [0, 3]
2026-03-18 11:21:21,210 DEBUG [backend.app.services.bambu_mqtt] [[SERIAL]] gcode_state: RUNNING -> RUNNING, file: /data/Metadata/plate_4.gcode, subtask: X1 Schwarz Ohne Mund
2026-03-18 11:21:22,328 DEBUG [backend.app.services.bambu_mqtt] [[SERIAL]] Found xcam inside print data: {'allow_skip_parts': False, 'buildplate_marker_detector': False, 'first_layer_inspector': True, 'halt_print_sensitivity': 'medium', 'print_halt': True, 'printing_monitor': True, 'spaghetti_detector': True}
2026-03-18 11:21:22,329 DEBUG [backend.app.services.bambu_mqtt] [[SERIAL]] Parsing xcam data - all fields: ['allow_skip_parts', 'buildplate_marker_detector', 'first_layer_inspector', 'halt_print_sensitivity', 'print_halt', 'printing_monitor', 'spaghetti_detector']
2026-03-18 11:21:22,329 DEBUG [backend.app.services.bambu_mqtt] [[SERIAL]] Received gcode_state: RUNNING, gcode_file: /data/Metadata/plate_4.gcode, subtask_name: X1 Schwarz Ohne Mund
2026-03-18 11:21:22,329 DEBUG [backend.app.services.bambu_mqtt] [[SERIAL]] AMS dict fields: {'ams_exist_bits': '1', 'ams_exist_bits_raw': '1', 'cali_id': 0, 'cali_stat': 0, 'insert_flag': True, 'power_on_flag': True, 'tray_exist_bits': 'd', 'tray_is_bbl_bits': 'd', 'tray_now': '0', 'tray_pre': '0', 'tray_read_done_bits': 'd', 'tray_reading_bits': '0', 'tray_tar': '0', 'unbind_ams_stat': 0, 'version': 135}
2026-03-18 11:21:22,329 DEBUG [backend.app.services.bambu_mqtt] [[SERIAL]] tray_now updated: 0
2026-03-18 11:21:22,329 DEBUG [backend.app.services.bambu_mqtt] [[SERIAL]] Merged AMS data: 1 new units, 1 total
2026-03-18 11:21:22,329 DEBUG [backend.app.services.bambu_mqtt] [[SERIAL]] AMS 0 info=0x1001 -> extruder 0
2026-03-18 11:21:22,330 DEBUG [backend.app.services.bambu_mqtt] [[SERIAL]] ams_extruder_map: {'0': 0}
2026-03-18 11:21:22,330 DEBUG [backend.app.services.bambu_mqtt] [[SERIAL]] ams_status: 768 (main=3, sub=0)
2026-03-18 11:21:22,330 DEBUG [backend.app.services.bambu_mqtt] [[SERIAL]] Received command response: push_status
2026-03-18 11:21:22,330 DEBUG [backend.app.services.bambu_mqtt] [[SERIAL]] device.extruder.state=1 (switch_state bits 12-14: 0)
2026-03-18 11:21:22,330 DEBUG [backend.app.services.bambu_mqtt] [[SERIAL]] info.temp direct: 31°C (heater OFF)
2026-03-18 11:21:22,330 DEBUG [backend.app.services.bambu_mqtt] [[SERIAL]] ctc_info keys: ['temp']
2026-03-18 11:21:22,330 DEBUG [backend.app.services.bambu_mqtt] [[SERIAL]] Chamber heating calculated: target=0.0, current=31.0, heating=False, respect_local=False
2026-03-18 11:21:22,331 DEBUG [backend.app.services.bambu_mqtt] [[SERIAL]] Chamber temp updated to: 31.0, target: 0.0, heating: False
2026-03-18 11:21:22,331 DEBUG [backend.app.services.bambu_mqtt] [[SERIAL]] HMS data received: [{'attr': 201326848, 'code': 131074}]
2026-03-18 11:21:22,331 DEBUG [backend.app.services.bambu_mqtt] [[SERIAL]] ipcam field: {'agora_service': 'disable', 'brtc_service': 'enable', 'bs_state': 0, 'ipcam_dev': '1', 'ipcam_record': 'enable', 'laser_preview_res': 7, 'mode_bits': 2, 'resolution': '1080p', 'rtsp_url': 'rtsps://[IP]:322/streaming/live/1', 'timelapse': 'disable', 'tl_store_hpd_type': 2, 'tl_store_path_type': 2, 'tutk_server': 'disable'}
2026-03-18 11:21:22,331 DEBUG [backend.app.services.bambu_mqtt] [[SERIAL]] wifi_signal received: -66dBm
2026-03-18 11:21:22,331 DEBUG [backend.app.services.bambu_mqtt] [[SERIAL]] lights_report: [{'mode': 'on', 'node': 'chamber_light'}, {'mode': 'flashing', 'node': 'work_light'}]
2026-03-18 11:21:22,331 DEBUG [backend.app.services.bambu_mqtt] [[SERIAL]] MQTT mapping field: [0, 3]
2026-03-18 11:21:22,332 DEBUG [backend.app.services.bambu_mqtt] [[SERIAL]] gcode_state: RUNNING -> RUNNING, file: /data/Metadata/plate_4.gcode, subtask: X1 Schwarz Ohne Mund