2026-03-14 00:47:22,005 DEBUG [backend.app.services.bambu_mqtt] [[SERIAL]] wifi_signal received: -44dBm
2026-03-14 00:47:22,005 DEBUG [backend.app.services.bambu_mqtt] [[SERIAL]] lights_report: [{'mode': 'on', 'node': 'chamber_light'}, {'mode': 'flashing', 'node': 'work_light'}]
2026-03-14 00:47:22,005 DEBUG [backend.app.services.bambu_mqtt] [[SERIAL]] MQTT mapping field: [0]
2026-03-14 00:47:22,006 DEBUG [backend.app.services.bambu_mqtt] [[SERIAL]] gcode_state: RUNNING -> RUNNING, file: /data/Metadata/plate_2.gcode, subtask: Bambu_build_plate_holder_x5_for_IKEA_skadis
2026-03-14 00:47:22,273 DEBUG [backend.app.api.routes.printers] API returning ams_mapping: [], ams_extruder_map: {'0': 0, '1': 0, '128': 0}
2026-03-14 00:47:22,274 DEBUG [backend.app.api.routes.printers] Using tray_now directly as global ID: 0
2026-03-14 00:47:23,029 DEBUG [backend.app.services.bambu_mqtt] [[SERIAL]] Found xcam inside print data: {'allow_skip_parts': False, 'buildplate_marker_detector': False, 'cfg': 749255, 'first_layer_inspector': True, 'halt_print_sensitivity': 'medium', 'print_halt': True, 'printing_monitor': True, 'spaghetti_detector': True}
2026-03-14 00:47:23,030 DEBUG [backend.app.services.bambu_mqtt] [[SERIAL]] Parsing xcam data - all fields: ['allow_skip_parts', 'buildplate_marker_detector', 'cfg', 'first_layer_inspector', 'halt_print_sensitivity', 'print_halt', 'printing_monitor', 'spaghetti_detector']
2026-03-14 00:47:23,030 DEBUG [backend.app.services.bambu_mqtt] [[SERIAL]] xcam cfg bitmask: 749255 (binary: 0b10110110111011000111)
2026-03-14 00:47:23,031 DEBUG [backend.app.services.bambu_mqtt] [[SERIAL]] Received gcode_state: RUNNING, gcode_file: /data/Metadata/plate_2.gcode, subtask_name: Bambu_build_plate_holder_x5_for_IKEA_skadis
2026-03-14 00:47:23,031 DEBUG [backend.app.services.bambu_mqtt] [[SERIAL]] AMS dict fields: {'ams_exist_bits': '13', 'ams_exist_bits_raw': '13', 'cali_id': 255, 'cali_stat': 0, 'insert_flag': True, 'power_on_flag': True, 'tray_exist_bits': '100b7', 'tray_is_bbl_bits': '100b7', 'tray_now': '0', 'tray_pre': '0', 'tray_read_done_bits': '100b7', 'tray_reading_bits': '0', 'tray_tar': '0', 'unbind_ams_stat': 0, 'version': 82}
2026-03-14 00:47:23,032 DEBUG [backend.app.services.bambu_mqtt] [[SERIAL]] tray_now updated: 0
2026-03-14 00:47:23,032 DEBUG [backend.app.services.bambu_mqtt] [[SERIAL]] Merged AMS data: 3 new units, 3 total
2026-03-14 00:47:23,033 DEBUG [backend.app.services.bambu_mqtt] [[SERIAL]] AMS 0 info=0x1003 -> extruder 0
2026-03-14 00:47:23,033 DEBUG [backend.app.services.bambu_mqtt] [[SERIAL]] AMS 1 info=0x2003 -> extruder 0
2026-03-14 00:47:23,033 DEBUG [backend.app.services.bambu_mqtt] [[SERIAL]] AMS 128 info=0x2004 -> extruder 0
2026-03-14 00:47:23,034 DEBUG [backend.app.services.bambu_mqtt] [[SERIAL]] ams_extruder_map: {'0': 0, '1': 0, '128': 0}
2026-03-14 00:47:23,034 DEBUG [backend.app.services.bambu_mqtt] [[SERIAL]] ams_status: 768 (main=3, sub=0)
2026-03-14 00:47:23,034 DEBUG [backend.app.services.bambu_mqtt] [[SERIAL]] Received command response: push_status
2026-03-14 00:47:23,034 DEBUG [backend.app.services.bambu_mqtt] [[SERIAL]] device.extruder.state=1 (switch_state bits 12-14: 0)
2026-03-14 00:47:23,035 DEBUG [backend.app.services.bambu_mqtt] [[SERIAL]] info.temp direct: 33°C (heater OFF)
2026-03-14 00:47:23,035 DEBUG [backend.app.services.bambu_mqtt] [[SERIAL]] ctc_info keys: ['temp']
2026-03-14 00:47:23,035 DEBUG [backend.app.services.bambu_mqtt] [[SERIAL]] Chamber heating calculated: target=0.0, current=33.0, heating=False, respect_local=False
2026-03-14 00:47:23,035 DEBUG [backend.app.services.bambu_mqtt] [[SERIAL]] Chamber temp updated to: 33.0, target: 0.0, heating: False
2026-03-14 00:47:23,035 DEBUG [backend.app.services.bambu_mqtt] [[SERIAL]] HMS data received: []
2026-03-14 00:47:23,036 DEBUG [backend.app.services.bambu_mqtt] [[SERIAL]] ipcam field: {'agora_service': 'disable', 'brtc_service': 'enable', 'bs_state': 0, 'cap_pic_enable': 'invalid', 'ipcam_dev': '1', 'ipcam_record': 'enable', 'laser_preview_res': 7, 'mode_bits': 2, 'resolution': '1080p', 'rtsp_url': 'rtsps://[IP]:322/streaming/live/1', 'timelapse': 'disable', 'tl_store_hpd_type': 2, 'tl_store_path_type': 2, 'tutk_server': 'disable'}
2026-03-14 00:47:23,036 DEBUG [backend.app.services.bambu_mqtt] [[SERIAL]] wifi_signal received: -44dBm
2026-03-14 00:47:23,036 DEBUG [backend.app.services.bambu_mqtt] [[SERIAL]] lights_report: [{'mode': 'on', 'node': 'chamber_light'}, {'mode': 'flashing', 'node': 'work_light'}]
2026-03-14 00:47:23,036 DEBUG [backend.app.services.bambu_mqtt] [[SERIAL]] MQTT mapping field: [0]
2026-03-14 00:47:23,036 DEBUG [backend.app.services.bambu_mqtt] [[SERIAL]] gcode_state: RUNNING -> RUNNING, file: /data/Metadata/plate_2.gcode, subtask: Bambu_build_plate_holder_x5_for_IKEA_skadis
2026-03-14 00:47:23,843 DEBUG [backend.app.main] [[PRINTER]] Runtime tracking: added 30s, total=482649s (134.07h)
2026-03-14 00:47:23,848 DEBUG [backend.app.main] Updated runtime for 1 printer(s)
2026-03-14 00:47:24,289 DEBUG [backend.app.services.bambu_mqtt] [[SERIAL]] Found xcam inside print data: {'allow_skip_parts': False, 'buildplate_marker_detector': False, 'cfg': 749255, 'first_layer_inspector': True, 'halt_print_sensitivity': 'medium', 'print_halt': True, 'printing_monitor': True, 'spaghetti_detector': True}
2026-03-14 00:47:24,290 DEBUG [backend.app.services.bambu_mqtt] [[SERIAL]] Parsing xcam data - all fields: ['allow_skip_parts', 'buildplate_marker_detector', 'cfg', 'first_layer_inspector', 'halt_print_sensitivity', 'print_halt', 'printing_monitor', 'spaghetti_detector']
2026-03-14 00:47:24,291 DEBUG [backend.app.services.bambu_mqtt] [[SERIAL]] xcam cfg bitmask: 749255 (binary: 0b10110110111011000111)
2026-03-14 00:47:24,292 DEBUG [backend.app.services.bambu_mqtt] [[SERIAL]] Received gcode_state: RUNNING, gcode_file: /data/Metadata/plate_2.gcode, subtask_name: Bambu_build_plate_holder_x5_for_IKEA_skadis
2026-03-14 00:47:24,292 DEBUG [backend.app.services.bambu_mqtt] [[SERIAL]] AMS dict fields: {'ams_exist_bits': '13', 'ams_exist_bits_raw': '13', 'cali_id': 255, 'cali_stat': 0, 'insert_flag': True, 'power_on_flag': True, 'tray_exist_bits': '100b7', 'tray_is_bbl_bits': '100b7', 'tray_now': '0', 'tray_pre': '0', 'tray_read_done_bits': '100b7', 'tray_reading_bits': '0', 'tray_tar': '0', 'unbind_ams_stat': 0, 'version': 82}
2026-03-14 00:47:24,293 DEBUG [backend.app.services.bambu_mqtt] [[SERIAL]] tray_now updated: 0
2026-03-14 00:47:24,293 DEBUG [backend.app.services.bambu_mqtt] [[SERIAL]] Merged AMS data: 3 new units, 3 total
2026-03-14 00:47:24,294 DEBUG [backend.app.services.bambu_mqtt] [[SERIAL]] AMS 0 info=0x1003 -> extruder 0
2026-03-14 00:47:24,294 DEBUG [backend.app.services.bambu_mqtt] [[SERIAL]] AMS 1 info=0x2003 -> extruder 0
2026-03-14 00:47:24,294 DEBUG [backend.app.services.bambu_mqtt] [[SERIAL]] AMS 128 info=0x2004 -> extruder 0
2026-03-14 00:47:24,295 DEBUG [backend.app.services.bambu_mqtt] [[SERIAL]] ams_extruder_map: {'0': 0, '1': 0, '128': 0}
2026-03-14 00:47:24,295 DEBUG [backend.app.services.bambu_mqtt] [[SERIAL]] ams_status: 768 (main=3, sub=0)
2026-03-14 00:47:24,295 DEBUG [backend.app.services.bambu_mqtt] [[SERIAL]] Received command response: push_status
2026-03-14 00:47:24,296 DEBUG [backend.app.services.bambu_mqtt] [[SERIAL]] device.extruder.state=1 (switch_state bits 12-14: 0)
2026-03-14 00:47:24,296 DEBUG [backend.app.services.bambu_mqtt] [[SERIAL]] info.temp direct: 33°C (heater OFF)
2026-03-14 00:47:24,296 DEBUG [backend.app.services.bambu_mqtt] [[SERIAL]] ctc_info keys: ['temp']
2026-03-14 00:47:24,296 DEBUG [backend.app.services.bambu_mqtt] [[SERIAL]] Chamber heating calculated: target=0.0, current=33.0, heating=False, respect_local=False
2026-03-14 00:47:24,296 DEBUG [backend.app.services.bambu_mqtt] [[SERIAL]] Chamber temp updated to: 33.0, target: 0.0, heating: False
2026-03-14 00:47:24,296 DEBUG [backend.app.services.bambu_mqtt] [[SERIAL]] HMS data received: []
2026-03-14 00:47:24,296 DEBUG [backend.app.services.bambu_mqtt] [[SERIAL]] ipcam field: {'agora_service': 'disable', 'brtc_service': 'enable', 'bs_state': 0, 'cap_pic_enable': 'invalid', 'ipcam_dev': '1', 'ipcam_record': 'enable', 'laser_preview_res': 7, 'mode_bits': 2, 'resolution': '1080p', 'rtsp_url': 'rtsps://[IP]:322/streaming/live/1', 'timelapse': 'disable', 'tl_store_hpd_type': 2, 'tl_store_path_type': 2, 'tutk_server': 'disable'}
2026-03-14 00:47:24,296 DEBUG [backend.app.services.bambu_mqtt] [[SERIAL]] wifi_signal received: -44dBm
2026-03-14 00:47:24,296 DEBUG [backend.app.services.bambu_mqtt] [[SERIAL]] lights_report: [{'mode': 'on', 'node': 'chamber_light'}, {'mode': 'flashing', 'node': 'work_light'}]
2026-03-14 00:47:24,297 DEBUG [backend.app.services.bambu_mqtt] [[SERIAL]] MQTT mapping field: [0]
2026-03-14 00:47:24,297 DEBUG [backend.app.services.bambu_mqtt] [[SERIAL]] gcode_state: RUNNING -> RUNNING, file: /data/Metadata/plate_2.gcode, subtask: Bambu_build_plate_holder_x5_for_IKEA_skadis
2026-03-14 00:47:25,323 DEBUG [backend.app.services.bambu_mqtt] [[SERIAL]] Found xcam inside print data: {'allow_skip_parts': False, 'buildplate_marker_detector': False, 'cfg': 749255, 'first_layer_inspector': True, 'halt_print_sensitivity': 'medium', 'print_halt': True, 'printing_monitor': True, 'spaghetti_detector': True}
2026-03-14 00:47:25,324 DEBUG [backend.app.services.bambu_mqtt] [[SERIAL]] Parsing xcam data - all fields: ['allow_skip_parts', 'buildplate_marker_detector', 'cfg', 'first_layer_inspector', 'halt_print_sensitivity', 'print_halt', 'printing_monitor', 'spaghetti_detector']
2026-03-14 00:47:25,324 DEBUG [backend.app.services.bambu_mqtt] [[SERIAL]] xcam cfg bitmask: 749255 (binary: 0b10110110111011000111)
2026-03-14 00:47:25,325 DEBUG [backend.app.services.bambu_mqtt] [[SERIAL]] Received gcode_state: RUNNING, gcode_file: /data/Metadata/plate_2.gcode, subtask_name: Bambu_build_plate_holder_x5_for_IKEA_skadis
2026-03-14 00:47:25,325 DEBUG [backend.app.services.bambu_mqtt] [[SERIAL]] AMS dict fields: {'ams_exist_bits': '13', 'ams_exist_bits_raw': '13', 'cali_id': 255, 'cali_stat': 0, 'insert_flag': True, 'power_on_flag': True, 'tray_exist_bits': '100b7', 'tray_is_bbl_bits': '100b7', 'tray_now': '0', 'tray_pre': '0', 'tray_read_done_bits': '100b7', 'tray_reading_bits': '0', 'tray_tar': '0', 'unbind_ams_stat': 0, 'version': 82}
2026-03-14 00:47:25,326 DEBUG [backend.app.services.bambu_mqtt] [[SERIAL]] tray_now updated: 0
2026-03-14 00:47:25,326 DEBUG [backend.app.services.bambu_mqtt] [[SERIAL]] Merged AMS data: 3 new units, 3 total
2026-03-14 00:47:25,327 DEBUG [backend.app.services.bambu_mqtt] [[SERIAL]] AMS 0 info=0x1003 -> extruder 0
2026-03-14 00:47:25,327 DEBUG [backend.app.services.bambu_mqtt] [[SERIAL]] AMS 1 info=0x2003 -> extruder 0
2026-03-14 00:47:25,328 DEBUG [backend.app.services.bambu_mqtt] [[SERIAL]] AMS 128 info=0x2004 -> extruder 0
2026-03-14 00:47:25,328 DEBUG [backend.app.services.bambu_mqtt] [[SERIAL]] ams_extruder_map: {'0': 0, '1': 0, '128': 0}
2026-03-14 00:47:25,328 DEBUG [backend.app.services.bambu_mqtt] [[SERIAL]] ams_status: 768 (main=3, sub=0)
2026-03-14 00:47:25,329 DEBUG [backend.app.services.bambu_mqtt] [[SERIAL]] Received command response: push_status
2026-03-14 00:47:25,329 DEBUG [backend.app.services.bambu_mqtt] [[SERIAL]] device.extruder.state=1 (switch_state bits 12-14: 0)
2026-03-14 00:47:25,329 DEBUG [backend.app.services.bambu_mqtt] [[SERIAL]] info.temp direct: 33°C (heater OFF)
2026-03-14 00:47:25,330 DEBUG [backend.app.services.bambu_mqtt] [[SERIAL]] ctc_info keys: ['temp']
2026-03-14 00:47:25,330 DEBUG [backend.app.services.bambu_mqtt] [[SERIAL]] Chamber heating calculated: target=0.0, current=33.0, heating=False, respect_local=False
2026-03-14 00:47:25,330 DEBUG [backend.app.services.bambu_mqtt] [[SERIAL]] Chamber temp updated to: 33.0, target: 0.0, heating: False
2026-03-14 00:47:25,330 DEBUG [backend.app.services.bambu_mqtt] [[SERIAL]] HMS data received: []
2026-03-14 00:47:25,331 DEBUG [backend.app.services.bambu_mqtt] [[SERIAL]] ipcam field: {'agora_service': 'disable', 'brtc_service': 'enable', 'bs_state': 0, 'cap_pic_enable': 'invalid', 'ipcam_dev': '1', 'ipcam_record': 'enable', 'laser_preview_res': 7, 'mode_bits': 2, 'resolution': '1080p', 'rtsp_url': 'rtsps://[IP]:322/streaming/live/1', 'timelapse': 'disable', 'tl_store_hpd_type': 2, 'tl_store_path_type': 2, 'tutk_server': 'disable'}
2026-03-14 00:47:25,331 DEBUG [backend.app.services.bambu_mqtt] [[SERIAL]] wifi_signal received: -44dBm
2026-03-14 00:47:25,331 DEBUG [backend.app.services.bambu_mqtt] [[SERIAL]] lights_report: [{'mode': 'on', 'node': 'chamber_light'}, {'mode': 'flashing', 'node': 'work_light'}]
2026-03-14 00:47:25,331 DEBUG [backend.app.services.bambu_mqtt] [[SERIAL]] MQTT mapping field: [0]
2026-03-14 00:47:25,331 DEBUG [backend.app.services.bambu_mqtt] [[SERIAL]] gcode_state: RUNNING -> RUNNING, file: /data/Metadata/plate_2.gcode, subtask: Bambu_build_plate_holder_x5_for_IKEA_skadis
2026-03-14 00:47:26,590 DEBUG [backend.app.services.bambu_mqtt] [[SERIAL]] Found xcam inside print data: {'allow_skip_parts': False, 'buildplate_marker_detector': False, 'cfg': 749255, 'first_layer_inspector': True, 'halt_print_sensitivity': 'medium', 'print_halt': True, 'printing_monitor': True, 'spaghetti_detector': True}
2026-03-14 00:47:26,590 DEBUG [backend.app.services.bambu_mqtt] [[SERIAL]] Parsing xcam data - all fields: ['allow_skip_parts', 'buildplate_marker_detector', 'cfg', 'first_layer_inspector', 'halt_print_sensitivity', 'print_halt', 'printing_monitor', 'spaghetti_detector']
2026-03-14 00:47:26,590 DEBUG [backend.app.services.bambu_mqtt] [[SERIAL]] xcam cfg bitmask: 749255 (binary: 0b10110110111011000111)
2026-03-14 00:47:26,590 DEBUG [backend.app.services.bambu_mqtt] [[SERIAL]] Received gcode_state: RUNNING, gcode_file: /data/Metadata/plate_2.gcode, subtask_name: Bambu_build_plate_holder_x5_for_IKEA_skadis
2026-03-14 00:47:26,590 DEBUG [backend.app.services.bambu_mqtt] [[SERIAL]] AMS dict fields: {'ams_exist_bits': '13', 'ams_exist_bits_raw': '13', 'cali_id': 255, 'cali_stat': 0, 'insert_flag': True, 'power_on_flag': True, 'tray_exist_bits': '100b7', 'tray_is_bbl_bits': '100b7', 'tray_now': '0', 'tray_pre': '0', 'tray_read_done_bits': '100b7', 'tray_reading_bits': '0', 'tray_tar': '0', 'unbind_ams_stat': 0, 'version': 82}
2026-03-14 00:47:26,590 DEBUG [backend.app.services.bambu_mqtt] [[SERIAL]] tray_now updated: 0
2026-03-14 00:47:26,591 DEBUG [backend.app.services.bambu_mqtt] [[SERIAL]] Merged AMS data: 3 new units, 3 total
2026-03-14 00:47:26,591 DEBUG [backend.app.services.bambu_mqtt] [[SERIAL]] AMS 0 info=0x1003 -> extruder 0
2026-03-14 00:47:26,591 DEBUG [backend.app.services.bambu_mqtt] [[SERIAL]] AMS 1 info=0x2003 -> extruder 0
2026-03-14 00:47:26,591 DEBUG [backend.app.services.bambu_mqtt] [[SERIAL]] AMS 128 info=0x2004 -> extruder 0
2026-03-14 00:47:26,591 DEBUG [backend.app.services.bambu_mqtt] [[SERIAL]] ams_extruder_map: {'0': 0, '1': 0, '128': 0}
2026-03-14 00:47:26,591 DEBUG [backend.app.services.bambu_mqtt] [[SERIAL]] ams_status: 768 (main=3, sub=0)
2026-03-14 00:47:26,591 DEBUG [backend.app.services.bambu_mqtt] [[SERIAL]] Received command response: push_status
2026-03-14 00:47:26,591 DEBUG [backend.app.services.bambu_mqtt] [[SERIAL]] device.extruder.state=1 (switch_state bits 12-14: 0)
2026-03-14 00:47:26,591 DEBUG [backend.app.services.bambu_mqtt] [[SERIAL]] info.temp direct: 33°C (heater OFF)
2026-03-14 00:47:26,591 DEBUG [backend.app.services.bambu_mqtt] [[SERIAL]] ctc_info keys: ['temp']
2026-03-14 00:47:26,592 DEBUG [backend.app.services.bambu_mqtt] [[SERIAL]] Chamber heating calculated: target=0.0, current=33.0, heating=False, respect_local=False
2026-03-14 00:47:26,592 DEBUG [backend.app.services.bambu_mqtt] [[SERIAL]] Chamber temp updated to: 33.0, target: 0.0, heating: False
2026-03-14 00:47:26,592 DEBUG [backend.app.services.bambu_mqtt] [[SERIAL]] HMS data received: []
2026-03-14 00:47:26,592 DEBUG [backend.app.services.bambu_mqtt] [[SERIAL]] ipcam field: {'agora_service': 'disable', 'brtc_service': 'enable', 'bs_state': 0, 'cap_pic_enable': 'invalid', 'ipcam_dev': '1', 'ipcam_record': 'enable', 'laser_preview_res': 7, 'mode_bits': 2, 'resolution': '1080p', 'rtsp_url': 'rtsps://[IP]:322/streaming/live/1', 'timelapse': 'disable', 'tl_store_hpd_type': 2, 'tl_store_path_type': 2, 'tutk_server': 'disable'}
2026-03-14 00:47:26,592 DEBUG [backend.app.services.bambu_mqtt] [[SERIAL]] wifi_signal received: -44dBm
2026-03-14 00:47:26,592 DEBUG [backend.app.services.bambu_mqtt] [[SERIAL]] lights_report: [{'mode': 'on', 'node': 'chamber_light'}, {'mode': 'flashing', 'node': 'work_light'}]
2026-03-14 00:47:26,592 DEBUG [backend.app.services.bambu_mqtt] [[SERIAL]] MQTT mapping field: [0]
2026-03-14 00:47:26,592 DEBUG [backend.app.services.bambu_mqtt] [[SERIAL]] gcode_state: RUNNING -> RUNNING, file: /data/Metadata/plate_2.gcode, subtask: Bambu_build_plate_holder_x5_for_IKEA_skadis
2026-03-14 00:47:27,637 DEBUG [backend.app.services.bambu_mqtt] [[SERIAL]] Found xcam inside print data: {'allow_skip_parts': False, 'buildplate_marker_detector': False, 'cfg': 749255, 'first_layer_inspector': True, 'halt_print_sensitivity': 'medium', 'print_halt': True, 'printing_monitor': True, 'spaghetti_detector': True}
2026-03-14 00:47:27,638 DEBUG [backend.app.services.bambu_mqtt] [[SERIAL]] Parsing xcam data - all fields: ['allow_skip_parts', 'buildplate_marker_detector', 'cfg', 'first_layer_inspector', 'halt_print_sensitivity', 'print_halt', 'printing_monitor', 'spaghetti_detector']
2026-03-14 00:47:27,639 DEBUG [backend.app.services.bambu_mqtt] [[SERIAL]] xcam cfg bitmask: 749255 (binary: 0b10110110111011000111)
2026-03-14 00:47:27,640 DEBUG [backend.app.services.bambu_mqtt] [[SERIAL]] Received gcode_state: RUNNING, gcode_file: /data/Metadata/plate_2.gcode, subtask_name: Bambu_build_plate_holder_x5_for_IKEA_skadis
2026-03-14 00:47:27,640 DEBUG [backend.app.services.bambu_mqtt] [[SERIAL]] AMS dict fields: {'ams_exist_bits': '13', 'ams_exist_bits_raw': '13', 'cali_id': 255, 'cali_stat': 0, 'insert_flag': True, 'power_on_flag': True, 'tray_exist_bits': '100b7', 'tray_is_bbl_bits': '100b7', 'tray_now': '0', 'tray_pre': '0', 'tray_read_done_bits': '100b7', 'tray_reading_bits': '0', 'tray_tar': '0', 'unbind_ams_stat': 0, 'version': 82}
2026-03-14 00:47:27,640 DEBUG [backend.app.services.bambu_mqtt] [[SERIAL]] tray_now updated: 0
2026-03-14 00:47:27,641 DEBUG [backend.app.services.bambu_mqtt] [[SERIAL]] Merged AMS data: 3 new units, 3 total
2026-03-14 00:47:27,642 DEBUG [backend.app.services.bambu_mqtt] [[SERIAL]] AMS 0 info=0x1003 -> extruder 0
2026-03-14 00:47:27,642 DEBUG [backend.app.services.bambu_mqtt] [[SERIAL]] AMS 1 info=0x2003 -> extruder 0
2026-03-14 00:47:27,642 DEBUG [backend.app.services.bambu_mqtt] [[SERIAL]] AMS 128 info=0x2004 -> extruder 0
2026-03-14 00:47:27,643 DEBUG [backend.app.services.bambu_mqtt] [[SERIAL]] ams_extruder_map: {'0': 0, '1': 0, '128': 0}
2026-03-14 00:47:27,643 DEBUG [backend.app.services.bambu_mqtt] [[SERIAL]] ams_status: 768 (main=3, sub=0)
2026-03-14 00:47:27,643 DEBUG [backend.app.services.bambu_mqtt] [[SERIAL]] Received command response: push_status
2026-03-14 00:47:27,644 DEBUG [backend.app.services.bambu_mqtt] [[SERIAL]] device.extruder.state=1 (switch_state bits 12-14: 0)
2026-03-14 00:47:27,644 DEBUG [backend.app.services.bambu_mqtt] [[SERIAL]] info.temp direct: 33°C (heater OFF)
2026-03-14 00:47:27,645 DEBUG [backend.app.services.bambu_mqtt] [[SERIAL]] ctc_info keys: ['temp']
2026-03-14 00:47:27,645 DEBUG [backend.app.services.bambu_mqtt] [[SERIAL]] Chamber heating calculated: target=0.0, current=33.0, heating=False, respect_local=False
2026-03-14 00:47:27,645 DEBUG [backend.app.services.bambu_mqtt] [[SERIAL]] Chamber temp updated to: 33.0, target: 0.0, heating: False
2026-03-14 00:47:27,645 DEBUG [backend.app.services.bambu_mqtt] [[SERIAL]] HMS data received: []
2026-03-14 00:47:27,646 DEBUG [backend.app.services.bambu_mqtt] [[SERIAL]] ipcam field: {'agora_service': 'disable', 'brtc_service': 'enable', 'bs_state': 0, 'cap_pic_enable': 'invalid', 'ipcam_dev': '1', 'ipcam_record': 'enable', 'laser_preview_res': 7, 'mode_bits': 2, 'resolution': '1080p', 'rtsp_url': 'rtsps://[IP]:322/streaming/live/1', 'timelapse': 'disable', 'tl_store_hpd_type': 2, 'tl_store_path_type': 2, 'tutk_server': 'disable'}
2026-03-14 00:47:27,646 DEBUG [backend.app.services.bambu_mqtt] [[SERIAL]] wifi_signal received: -44dBm
2026-03-14 00:47:27,646 DEBUG [backend.app.services.bambu_mqtt] [[SERIAL]] lights_report: [{'mode': 'on', 'node': 'chamber_light'}, {'mode': 'flashing', 'node': 'work_light'}]
2026-03-14 00:47:27,647 DEBUG [backend.app.services.bambu_mqtt] [[SERIAL]] MQTT mapping field: [0]
2026-03-14 00:47:27,647 DEBUG [backend.app.services.bambu_mqtt] [[SERIAL]] gcode_state: RUNNING -> RUNNING, file: /data/Metadata/plate_2.gcode, subtask: Bambu_build_plate_holder_x5_for_IKEA_skadis
2026-03-14 00:47:28,663 DEBUG [backend.app.services.bambu_mqtt] [[SERIAL]] Found xcam inside print data: {'allow_skip_parts': False, 'buildplate_marker_detector': False, 'cfg': 749255, 'first_layer_inspector': True, 'halt_print_sensitivity': 'medium', 'print_halt': True, 'printing_monitor': True, 'spaghetti_detector': True}
2026-03-14 00:47:28,664 DEBUG [backend.app.services.bambu_mqtt] [[SERIAL]] Parsing xcam data - all fields: ['allow_skip_parts', 'buildplate_marker_detector', 'cfg', 'first_layer_inspector', 'halt_print_sensitivity', 'print_halt', 'printing_monitor', 'spaghetti_detector']
2026-03-14 00:47:28,664 DEBUG [backend.app.services.bambu_mqtt] [[SERIAL]] xcam cfg bitmask: 749255 (binary: 0b10110110111011000111)
2026-03-14 00:47:28,665 DEBUG [backend.app.services.bambu_mqtt] [[SERIAL]] Received gcode_state: RUNNING, gcode_file: /data/Metadata/plate_2.gcode, subtask_name: Bambu_build_plate_holder_x5_for_IKEA_skadis
2026-03-14 00:47:28,665 DEBUG [backend.app.services.bambu_mqtt] [[SERIAL]] AMS dict fields: {'ams_exist_bits': '13', 'ams_exist_bits_raw': '13', 'cali_id': 255, 'cali_stat': 0, 'insert_flag': True, 'power_on_flag': True, 'tray_exist_bits': '100b7', 'tray_is_bbl_bits': '100b7', 'tray_now': '0', 'tray_pre': '0', 'tray_read_done_bits': '100b7', 'tray_reading_bits': '0', 'tray_tar': '0', 'unbind_ams_stat': 0, 'version': 82}
2026-03-14 00:47:28,666 DEBUG [backend.app.services.bambu_mqtt] [[SERIAL]] tray_now updated: 0
2026-03-14 00:47:28,666 DEBUG [backend.app.services.bambu_mqtt] [[SERIAL]] Merged AMS data: 3 new units, 3 total
2026-03-14 00:47:28,667 DEBUG [backend.app.services.bambu_mqtt] [[SERIAL]] AMS 0 info=0x1003 -> extruder 0
2026-03-14 00:47:28,667 DEBUG [backend.app.services.bambu_mqtt] [[SERIAL]] AMS 1 info=0x2003 -> extruder 0
2026-03-14 00:47:28,667 DEBUG [backend.app.services.bambu_mqtt] [[SERIAL]] AMS 128 info=0x2004 -> extruder 0
2026-03-14 00:47:28,668 DEBUG [backend.app.services.bambu_mqtt] [[SERIAL]] ams_extruder_map: {'0': 0, '1': 0, '128': 0}
2026-03-14 00:47:28,668 DEBUG [backend.app.services.bambu_mqtt] [[SERIAL]] ams_status: 768 (main=3, sub=0)
2026-03-14 00:47:28,668 DEBUG [backend.app.services.bambu_mqtt] [[SERIAL]] Received command response: push_status
2026-03-14 00:47:28,669 DEBUG [backend.app.services.bambu_mqtt] [[SERIAL]] device.extruder.state=1 (switch_state bits 12-14: 0)
2026-03-14 00:47:28,669 DEBUG [backend.app.services.bambu_mqtt] [[SERIAL]] info.temp direct: 33°C (heater OFF)
2026-03-14 00:47:28,669 DEBUG [backend.app.services.bambu_mqtt] [[SERIAL]] ctc_info keys: ['temp']
2026-03-14 00:47:28,670 DEBUG [backend.app.services.bambu_mqtt] [[SERIAL]] Chamber heating calculated: target=0.0, current=33.0, heating=False, respect_local=False
2026-03-14 00:47:28,670 DEBUG [backend.app.services.bambu_mqtt] [[SERIAL]] Chamber temp updated to: 33.0, target: 0.0, heating: False
2026-03-14 00:47:28,670 DEBUG [backend.app.services.bambu_mqtt] [[SERIAL]] HMS data received: []
2026-03-14 00:47:28,671 DEBUG [backend.app.services.bambu_mqtt] [[SERIAL]] ipcam field: {'agora_service': 'disable', 'brtc_service': 'enable', 'bs_state': 0, 'cap_pic_enable': 'invalid', 'ipcam_dev': '1', 'ipcam_record': 'enable', 'laser_preview_res': 7, 'mode_bits': 2, 'resolution': '1080p', 'rtsp_url': 'rtsps://[IP]:322/streaming/live/1', 'timelapse': 'disable', 'tl_store_hpd_type': 2, 'tl_store_path_type': 2, 'tutk_server': 'disable'}
2026-03-14 00:47:28,671 DEBUG [backend.app.services.bambu_mqtt] [[SERIAL]] wifi_signal received: -44dBm
2026-03-14 00:47:28,671 DEBUG [backend.app.services.bambu_mqtt] [[SERIAL]] lights_report: [{'mode': 'on', 'node': 'chamber_light'}, {'mode': 'flashing', 'node': 'work_light'}]
2026-03-14 00:47:28,672 DEBUG [backend.app.services.bambu_mqtt] [[SERIAL]] MQTT mapping field: [0]
2026-03-14 00:47:28,672 DEBUG [backend.app.services.bambu_mqtt] [[SERIAL]] gcode_state: RUNNING -> RUNNING, file: /data/Metadata/plate_2.gcode, subtask: Bambu_build_plate_holder_x5_for_IKEA_skadis
2026-03-14 00:47:29,756 DEBUG [backend.app.services.bambu_mqtt] [[SERIAL]] Found xcam inside print data: {'allow_skip_parts': False, 'buildplate_marker_detector': False, 'cfg': 749255, 'first_layer_inspector': True, 'halt_print_sensitivity': 'medium', 'print_halt': True, 'printing_monitor': True, 'spaghetti_detector': True}
2026-03-14 00:47:29,757 DEBUG [backend.app.services.bambu_mqtt] [[SERIAL]] Parsing xcam data - all fields: ['allow_skip_parts', 'buildplate_marker_detector', 'cfg', 'first_layer_inspector', 'halt_print_sensitivity', 'print_halt', 'printing_monitor', 'spaghetti_detector']
2026-03-14 00:47:29,758 DEBUG [backend.app.services.bambu_mqtt] [[SERIAL]] xcam cfg bitmask: 749255 (binary: 0b10110110111011000111)
2026-03-14 00:47:29,759 DEBUG [backend.app.services.bambu_mqtt] [[SERIAL]] Received gcode_state: RUNNING, gcode_file: /data/Metadata/plate_2.gcode, subtask_name: Bambu_build_plate_holder_x5_for_IKEA_skadis
2026-03-14 00:47:29,759 DEBUG [backend.app.services.bambu_mqtt] [[SERIAL]] AMS dict fields: {'ams_exist_bits': '13', 'ams_exist_bits_raw': '13', 'cali_id': 255, 'cali_stat': 0, 'insert_flag': True, 'power_on_flag': True, 'tray_exist_bits': '100b7', 'tray_is_bbl_bits': '100b7', 'tray_now': '0', 'tray_pre': '0', 'tray_read_done_bits': '100b7', 'tray_reading_bits': '0', 'tray_tar': '0', 'unbind_ams_stat': 0, 'version': 82}
2026-03-14 00:47:29,760 DEBUG [backend.app.services.bambu_mqtt] [[SERIAL]] tray_now updated: 0
2026-03-14 00:47:29,761 DEBUG [backend.app.services.bambu_mqtt] [[SERIAL]] Merged AMS data: 3 new units, 3 total
2026-03-14 00:47:29,761 DEBUG [backend.app.services.bambu_mqtt] [[SERIAL]] AMS 0 info=0x1003 -> extruder 0
2026-03-14 00:47:29,762 DEBUG [backend.app.services.bambu_mqtt] [[SERIAL]] AMS 1 info=0x2003 -> extruder 0
2026-03-14 00:47:29,762 DEBUG [backend.app.services.bambu_mqtt] [[SERIAL]] AMS 128 info=0x2004 -> extruder 0
2026-03-14 00:47:29,762 DEBUG [backend.app.services.bambu_mqtt] [[SERIAL]] ams_extruder_map: {'0': 0, '1': 0, '128': 0}
2026-03-14 00:47:29,763 DEBUG [backend.app.services.bambu_mqtt] [[SERIAL]] ams_status: 768 (main=3, sub=0)
2026-03-14 00:47:29,763 DEBUG [backend.app.services.bambu_mqtt] [[SERIAL]] Received command response: push_status
2026-03-14 00:47:29,764 DEBUG [backend.app.services.bambu_mqtt] [[SERIAL]] device.extruder.state=1 (switch_state bits 12-14: 0)
2026-03-14 00:47:29,764 DEBUG [backend.app.services.bambu_mqtt] [[SERIAL]] info.temp direct: 33°C (heater OFF)
2026-03-14 00:47:29,764 DEBUG [backend.app.services.bambu_mqtt] [[SERIAL]] ctc_info keys: ['temp']
2026-03-14 00:47:29,765 DEBUG [backend.app.services.bambu_mqtt] [[SERIAL]] Chamber heating calculated: target=0.0, current=33.0, heating=False, respect_local=False
2026-03-14 00:47:29,765 DEBUG [backend.app.services.bambu_mqtt] [[SERIAL]] Chamber temp updated to: 33.0, target: 0.0, heating: False
2026-03-14 00:47:29,765 DEBUG [backend.app.services.bambu_mqtt] [[SERIAL]] HMS data received: []
2026-03-14 00:47:29,765 DEBUG [backend.app.services.bambu_mqtt] [[SERIAL]] ipcam field: {'agora_service': 'disable', 'brtc_service': 'enable', 'bs_state': 0, 'cap_pic_enable': 'invalid', 'ipcam_dev': '1', 'ipcam_record': 'enable', 'laser_preview_res': 7, 'mode_bits': 2, 'resolution': '1080p', 'rtsp_url': 'rtsps://[IP]:322/streaming/live/1', 'timelapse': 'disable', 'tl_store_hpd_type': 2, 'tl_store_path_type': 2, 'tutk_server': 'disable'}
2026-03-14 00:47:29,766 DEBUG [backend.app.services.bambu_mqtt] [[SERIAL]] wifi_signal received: -44dBm
2026-03-14 00:47:29,766 DEBUG [backend.app.services.bambu_mqtt] [[SERIAL]] lights_report: [{'mode': 'on', 'node': 'chamber_light'}, {'mode': 'flashing', 'node': 'work_light'}]
2026-03-14 00:47:29,766 DEBUG [backend.app.services.bambu_mqtt] [[SERIAL]] MQTT mapping field: [0]
2026-03-14 00:47:29,767 DEBUG [backend.app.services.bambu_mqtt] [[SERIAL]] gcode_state: RUNNING -> RUNNING, file: /data/Metadata/plate_2.gcode, subtask: Bambu_build_plate_holder_x5_for_IKEA_skadis
2026-03-14 00:47:30,778 DEBUG [backend.app.services.bambu_mqtt] [[SERIAL]] Found xcam inside print data: {'allow_skip_parts': False, 'buildplate_marker_detector': False, 'cfg': 749255, 'first_layer_inspector': True, 'halt_print_sensitivity': 'medium', 'print_halt': True, 'printing_monitor': True, 'spaghetti_detector': True}
2026-03-14 00:47:30,778 DEBUG [backend.app.services.bambu_mqtt] [[SERIAL]] Parsing xcam data - all fields: ['allow_skip_parts', 'buildplate_marker_detector', 'cfg', 'first_layer_inspector', 'halt_print_sensitivity', 'print_halt', 'printing_monitor', 'spaghetti_detector']
2026-03-14 00:47:30,779 DEBUG [backend.app.services.bambu_mqtt] [[SERIAL]] xcam cfg bitmask: 749255 (binary: 0b10110110111011000111)
2026-03-14 00:47:30,780 DEBUG [backend.app.services.bambu_mqtt] [[SERIAL]] Received gcode_state: RUNNING, gcode_file: /data/Metadata/plate_2.gcode, subtask_name: Bambu_build_plate_holder_x5_for_IKEA_skadis
2026-03-14 00:47:30,780 DEBUG [backend.app.services.bambu_mqtt] [[SERIAL]] AMS dict fields: {'ams_exist_bits': '13', 'ams_exist_bits_raw': '13', 'cali_id': 255, 'cali_stat': 0, 'insert_flag': True, 'power_on_flag': True, 'tray_exist_bits': '100b7', 'tray_is_bbl_bits': '100b7', 'tray_now': '0', 'tray_pre': '0', 'tray_read_done_bits': '100b7', 'tray_reading_bits': '0', 'tray_tar': '0', 'unbind_ams_stat': 0, 'version': 82}
2026-03-14 00:47:30,781 DEBUG [backend.app.services.bambu_mqtt] [[SERIAL]] tray_now updated: 0
2026-03-14 00:47:30,781 DEBUG [backend.app.services.bambu_mqtt] [[SERIAL]] Merged AMS data: 3 new units, 3 total
2026-03-14 00:47:30,782 DEBUG [backend.app.services.bambu_mqtt] [[SERIAL]] AMS 0 info=0x1003 -> extruder 0
2026-03-14 00:47:30,782 DEBUG [backend.app.services.bambu_mqtt] [[SERIAL]] AMS 1 info=0x2003 -> extruder 0
2026-03-14 00:47:30,783 DEBUG [backend.app.services.bambu_mqtt] [[SERIAL]] AMS 128 info=0x2004 -> extruder 0
2026-03-14 00:47:30,783 DEBUG [backend.app.services.bambu_mqtt] [[SERIAL]] ams_extruder_map: {'0': 0, '1': 0, '128': 0}
2026-03-14 00:47:30,784 DEBUG [backend.app.services.bambu_mqtt] [[SERIAL]] ams_status: 768 (main=3, sub=0)
2026-03-14 00:47:30,784 DEBUG [backend.app.services.bambu_mqtt] [[SERIAL]] Received command response: push_status
2026-03-14 00:47:30,784 DEBUG [backend.app.services.bambu_mqtt] [[SERIAL]] device.extruder.state=1 (switch_state bits 12-14: 0)
2026-03-14 00:47:30,785 DEBUG [backend.app.services.bambu_mqtt] [[SERIAL]] info.temp direct: 33°C (heater OFF)
2026-03-14 00:47:30,785 DEBUG [backend.app.services.bambu_mqtt] [[SERIAL]] ctc_info keys: ['temp']
2026-03-14 00:47:30,786 DEBUG [backend.app.services.bambu_mqtt] [[SERIAL]] Chamber heating calculated: target=0.0, current=33.0, heating=False, respect_local=False
2026-03-14 00:47:30,786 DEBUG [backend.app.services.bambu_mqtt] [[SERIAL]] Chamber temp updated to: 33.0, target: 0.0, heating: False
2026-03-14 00:47:30,786 DEBUG [backend.app.services.bambu_mqtt] [[SERIAL]] HMS data received: []
2026-03-14 00:47:30,787 DEBUG [backend.app.services.bambu_mqtt] [[SERIAL]] ipcam field: {'agora_service': 'disable', 'brtc_service': 'enable', 'bs_state': 0, 'cap_pic_enable': 'invalid', 'ipcam_dev': '1', 'ipcam_record': 'enable', 'laser_preview_res': 7, 'mode_bits': 2, 'resolution': '1080p', 'rtsp_url': 'rtsps://[IP]:322/streaming/live/1', 'timelapse': 'disable', 'tl_store_hpd_type': 2, 'tl_store_path_type': 2, 'tutk_server': 'disable'}
2026-03-14 00:47:30,787 DEBUG [backend.app.services.bambu_mqtt] [[SERIAL]] wifi_signal received: -44dBm
2026-03-14 00:47:30,787 DEBUG [backend.app.services.bambu_mqtt] [[SERIAL]] lights_report: [{'mode': 'on', 'node': 'chamber_light'}, {'mode': 'flashing', 'node': 'work_light'}]
2026-03-14 00:47:30,788 DEBUG [backend.app.services.bambu_mqtt] [[SERIAL]] MQTT mapping field: [0]
2026-03-14 00:47:30,788 DEBUG [backend.app.services.bambu_mqtt] [[SERIAL]] gcode_state: RUNNING -> RUNNING, file: /data/Metadata/plate_2.gcode, subtask: Bambu_build_plate_holder_x5_for_IKEA_skadis