2026-03-11 10:59:31,322 DEBUG [backend.app.services.bambu_mqtt] [[SERIAL]] Chamber temp updated to: 33.0, target: 0.0, heating: False
2026-03-11 10:59:31,322 DEBUG [backend.app.services.bambu_mqtt] [[SERIAL]] HMS data received: [{'attr': 201327104, 'code': 131076}, {'attr': 201326848, 'code': 65540}]
2026-03-11 10:59:31,322 DEBUG [backend.app.services.bambu_mqtt] [[SERIAL]] ipcam field: {'agora_service': 'disable', 'brtc_service': 'enable', 'bs_state': 0, 'ipcam_dev': '1', 'ipcam_record': 'enable', 'laser_preview_res': 7, 'mode_bits': 2, 'resolution': '1080p', 'rtsp_url': 'rtsps://[IP]:322/streaming/live/1', 'timelapse': 'disable', 'tl_store_hpd_type': 2, 'tl_store_path_type': 2, 'tutk_server': 'disable'}
2026-03-11 10:59:31,322 DEBUG [backend.app.services.bambu_mqtt] [[SERIAL]] wifi_signal received: -51dBm
2026-03-11 10:59:31,322 DEBUG [backend.app.services.bambu_mqtt] [[SERIAL]] lights_report: [{'mode': 'on', 'node': 'chamber_light'}, {'mode': 'flashing', 'node': 'work_light'}]
2026-03-11 10:59:31,322 DEBUG [backend.app.services.bambu_mqtt] [[SERIAL]] MQTT mapping field: [0]
2026-03-11 10:59:31,322 DEBUG [backend.app.services.bambu_mqtt] [[SERIAL]] gcode_state: RUNNING -> RUNNING, file: /data/Metadata/plate_1.gcode, subtask: test
2026-03-11 10:59:32,476 DEBUG [backend.app.services.bambu_mqtt] [[SERIAL]] Found xcam inside print data: {'allow_skip_parts': False, 'buildplate_marker_detector': True, 'first_layer_inspector': True, 'halt_print_sensitivity': 'medium', 'print_halt': True, 'printing_monitor': True, 'spaghetti_detector': True}
2026-03-11 10:59:32,476 DEBUG [backend.app.services.bambu_mqtt] [[SERIAL]] Parsing xcam data - all fields: ['allow_skip_parts', 'buildplate_marker_detector', 'first_layer_inspector', 'halt_print_sensitivity', 'print_halt', 'printing_monitor', 'spaghetti_detector']
2026-03-11 10:59:32,476 DEBUG [backend.app.services.bambu_mqtt] [[SERIAL]] Received gcode_state: RUNNING, gcode_file: /data/Metadata/plate_1.gcode, subtask_name: test
2026-03-11 10:59:32,476 DEBUG [backend.app.services.bambu_mqtt] [[SERIAL]] AMS dict fields: {'ams_exist_bits': '1', 'ams_exist_bits_raw': '1', 'cali_id': 0, 'cali_stat': 0, 'insert_flag': True, 'power_on_flag': True, 'tray_exist_bits': 'f', 'tray_is_bbl_bits': 'f', 'tray_now': '0', 'tray_pre': '0', 'tray_read_done_bits': 'f', 'tray_reading_bits': '0', 'tray_tar': '0', 'unbind_ams_stat': 0, 'version': 3141}
2026-03-11 10:59:32,476 DEBUG [backend.app.services.bambu_mqtt] [[SERIAL]] tray_now updated: 0
2026-03-11 10:59:32,476 DEBUG [backend.app.services.bambu_mqtt] [[SERIAL]] Merged AMS data: 1 new units, 1 total
2026-03-11 10:59:32,476 DEBUG [backend.app.services.bambu_mqtt] [[SERIAL]] AMS 0 info=0x1001 -> extruder 0
2026-03-11 10:59:32,476 DEBUG [backend.app.services.bambu_mqtt] [[SERIAL]] ams_extruder_map: {'0': 0}
2026-03-11 10:59:32,477 DEBUG [backend.app.services.bambu_mqtt] [[SERIAL]] ams_status: 768 (main=3, sub=0)
2026-03-11 10:59:32,477 DEBUG [backend.app.services.bambu_mqtt] [[SERIAL]] Received command response: push_status
2026-03-11 10:59:32,478 DEBUG [backend.app.services.bambu_mqtt] [[SERIAL]] device.extruder.state=1 (switch_state bits 12-14: 0)
2026-03-11 10:59:32,478 DEBUG [backend.app.services.bambu_mqtt] [[SERIAL]] info.temp direct: 33°C (heater OFF)
2026-03-11 10:59:32,478 DEBUG [backend.app.services.bambu_mqtt] [[SERIAL]] ctc_info keys: ['temp']
2026-03-11 10:59:32,478 DEBUG [backend.app.services.bambu_mqtt] [[SERIAL]] Chamber heating calculated: target=0.0, current=33.0, heating=False, respect_local=False
2026-03-11 10:59:32,478 DEBUG [backend.app.services.bambu_mqtt] [[SERIAL]] Chamber temp updated to: 33.0, target: 0.0, heating: False
2026-03-11 10:59:32,478 DEBUG [backend.app.services.bambu_mqtt] [[SERIAL]] HMS data received: [{'attr': 201327104, 'code': 131076}, {'attr': 201326848, 'code': 65540}]
2026-03-11 10:59:32,478 DEBUG [backend.app.services.bambu_mqtt] [[SERIAL]] ipcam field: {'agora_service': 'disable', 'brtc_service': 'enable', 'bs_state': 0, 'ipcam_dev': '1', 'ipcam_record': 'enable', 'laser_preview_res': 7, 'mode_bits': 2, 'resolution': '1080p', 'rtsp_url': 'rtsps://[IP]:322/streaming/live/1', 'timelapse': 'disable', 'tl_store_hpd_type': 2, 'tl_store_path_type': 2, 'tutk_server': 'disable'}
2026-03-11 10:59:32,478 DEBUG [backend.app.services.bambu_mqtt] [[SERIAL]] wifi_signal received: -51dBm
2026-03-11 10:59:32,478 DEBUG [backend.app.services.bambu_mqtt] [[SERIAL]] lights_report: [{'mode': 'on', 'node': 'chamber_light'}, {'mode': 'flashing', 'node': 'work_light'}]
2026-03-11 10:59:32,479 DEBUG [backend.app.services.bambu_mqtt] [[SERIAL]] MQTT mapping field: [0]
2026-03-11 10:59:32,479 DEBUG [backend.app.services.bambu_mqtt] [[SERIAL]] gcode_state: RUNNING -> RUNNING, file: /data/Metadata/plate_1.gcode, subtask: test
2026-03-11 10:59:33,563 DEBUG [backend.app.services.bambu_mqtt] [[SERIAL]] Found xcam inside print data: {'allow_skip_parts': False, 'buildplate_marker_detector': True, 'first_layer_inspector': True, 'halt_print_sensitivity': 'medium', 'print_halt': True, 'printing_monitor': True, 'spaghetti_detector': True}
2026-03-11 10:59:33,563 DEBUG [backend.app.services.bambu_mqtt] [[SERIAL]] Parsing xcam data - all fields: ['allow_skip_parts', 'buildplate_marker_detector', 'first_layer_inspector', 'halt_print_sensitivity', 'print_halt', 'printing_monitor', 'spaghetti_detector']
2026-03-11 10:59:33,563 DEBUG [backend.app.services.bambu_mqtt] [[SERIAL]] Received gcode_state: RUNNING, gcode_file: /data/Metadata/plate_1.gcode, subtask_name: test
2026-03-11 10:59:33,563 DEBUG [backend.app.services.bambu_mqtt] [[SERIAL]] AMS dict fields: {'ams_exist_bits': '1', 'ams_exist_bits_raw': '1', 'cali_id': 0, 'cali_stat': 0, 'insert_flag': True, 'power_on_flag': True, 'tray_exist_bits': 'f', 'tray_is_bbl_bits': 'f', 'tray_now': '0', 'tray_pre': '0', 'tray_read_done_bits': 'f', 'tray_reading_bits': '0', 'tray_tar': '0', 'unbind_ams_stat': 0, 'version': 3141}
2026-03-11 10:59:33,563 DEBUG [backend.app.services.bambu_mqtt] [[SERIAL]] tray_now updated: 0
2026-03-11 10:59:33,564 DEBUG [backend.app.services.bambu_mqtt] [[SERIAL]] Merged AMS data: 1 new units, 1 total
2026-03-11 10:59:33,564 DEBUG [backend.app.services.bambu_mqtt] [[SERIAL]] AMS 0 info=0x1001 -> extruder 0
2026-03-11 10:59:33,564 DEBUG [backend.app.services.bambu_mqtt] [[SERIAL]] ams_extruder_map: {'0': 0}
2026-03-11 10:59:33,564 DEBUG [backend.app.services.bambu_mqtt] [[SERIAL]] ams_status: 768 (main=3, sub=0)
2026-03-11 10:59:33,564 DEBUG [backend.app.services.bambu_mqtt] [[SERIAL]] Received command response: push_status
2026-03-11 10:59:33,564 DEBUG [backend.app.services.bambu_mqtt] [[SERIAL]] device.extruder.state=1 (switch_state bits 12-14: 0)
2026-03-11 10:59:33,564 DEBUG [backend.app.services.bambu_mqtt] [[SERIAL]] info.temp direct: 33°C (heater OFF)
2026-03-11 10:59:33,564 DEBUG [backend.app.services.bambu_mqtt] [[SERIAL]] ctc_info keys: ['temp']
2026-03-11 10:59:33,565 DEBUG [backend.app.services.bambu_mqtt] [[SERIAL]] Chamber heating calculated: target=0.0, current=33.0, heating=False, respect_local=False
2026-03-11 10:59:33,565 DEBUG [backend.app.services.bambu_mqtt] [[SERIAL]] Chamber temp updated to: 33.0, target: 0.0, heating: False
2026-03-11 10:59:33,565 DEBUG [backend.app.services.bambu_mqtt] [[SERIAL]] HMS data received: [{'attr': 201327104, 'code': 131076}, {'attr': 201326848, 'code': 65540}]
2026-03-11 10:59:33,565 DEBUG [backend.app.services.bambu_mqtt] [[SERIAL]] ipcam field: {'agora_service': 'disable', 'brtc_service': 'enable', 'bs_state': 0, 'ipcam_dev': '1', 'ipcam_record': 'enable', 'laser_preview_res': 7, 'mode_bits': 2, 'resolution': '1080p', 'rtsp_url': 'rtsps://[IP]:322/streaming/live/1', 'timelapse': 'disable', 'tl_store_hpd_type': 2, 'tl_store_path_type': 2, 'tutk_server': 'disable'}
2026-03-11 10:59:33,565 DEBUG [backend.app.services.bambu_mqtt] [[SERIAL]] wifi_signal received: -51dBm
2026-03-11 10:59:33,565 DEBUG [backend.app.services.bambu_mqtt] [[SERIAL]] lights_report: [{'mode': 'on', 'node': 'chamber_light'}, {'mode': 'flashing', 'node': 'work_light'}]
2026-03-11 10:59:33,565 DEBUG [backend.app.services.bambu_mqtt] [[SERIAL]] MQTT mapping field: [0]
2026-03-11 10:59:33,565 DEBUG [backend.app.services.bambu_mqtt] [[SERIAL]] gcode_state: RUNNING -> RUNNING, file: /data/Metadata/plate_1.gcode, subtask: test
2026-03-11 10:59:34,689 DEBUG [backend.app.services.bambu_mqtt] [[SERIAL]] Found xcam inside print data: {'allow_skip_parts': False, 'buildplate_marker_detector': True, 'first_layer_inspector': True, 'halt_print_sensitivity': 'medium', 'print_halt': True, 'printing_monitor': True, 'spaghetti_detector': True}
2026-03-11 10:59:34,689 DEBUG [backend.app.services.bambu_mqtt] [[SERIAL]] Parsing xcam data - all fields: ['allow_skip_parts', 'buildplate_marker_detector', 'first_layer_inspector', 'halt_print_sensitivity', 'print_halt', 'printing_monitor', 'spaghetti_detector']
2026-03-11 10:59:34,689 DEBUG [backend.app.services.bambu_mqtt] [[SERIAL]] Received gcode_state: RUNNING, gcode_file: /data/Metadata/plate_1.gcode, subtask_name: test
2026-03-11 10:59:34,689 DEBUG [backend.app.services.bambu_mqtt] [[SERIAL]] AMS dict fields: {'ams_exist_bits': '1', 'ams_exist_bits_raw': '1', 'cali_id': 0, 'cali_stat': 0, 'insert_flag': True, 'power_on_flag': True, 'tray_exist_bits': 'f', 'tray_is_bbl_bits': 'f', 'tray_now': '0', 'tray_pre': '0', 'tray_read_done_bits': 'f', 'tray_reading_bits': '0', 'tray_tar': '0', 'unbind_ams_stat': 0, 'version': 3141}
2026-03-11 10:59:34,689 DEBUG [backend.app.services.bambu_mqtt] [[SERIAL]] tray_now updated: 0
2026-03-11 10:59:34,690 DEBUG [backend.app.services.bambu_mqtt] [[SERIAL]] Merged AMS data: 1 new units, 1 total
2026-03-11 10:59:34,690 DEBUG [backend.app.services.bambu_mqtt] [[SERIAL]] AMS 0 info=0x1001 -> extruder 0
2026-03-11 10:59:34,690 DEBUG [backend.app.services.bambu_mqtt] [[SERIAL]] ams_extruder_map: {'0': 0}
2026-03-11 10:59:34,690 DEBUG [backend.app.services.bambu_mqtt] [[SERIAL]] ams_status: 768 (main=3, sub=0)
2026-03-11 10:59:34,690 DEBUG [backend.app.services.bambu_mqtt] [[SERIAL]] Received command response: push_status
2026-03-11 10:59:34,690 DEBUG [backend.app.services.bambu_mqtt] [[SERIAL]] mc_print_sub_stage changed: 3 -> 0
2026-03-11 10:59:34,690 DEBUG [backend.app.services.bambu_mqtt] [[SERIAL]] device.extruder.state=1 (switch_state bits 12-14: 0)
2026-03-11 10:59:34,690 DEBUG [backend.app.services.bambu_mqtt] [[SERIAL]] info.temp direct: 33°C (heater OFF)
2026-03-11 10:59:34,690 DEBUG [backend.app.services.bambu_mqtt] [[SERIAL]] ctc_info keys: ['temp']
2026-03-11 10:59:34,690 DEBUG [backend.app.services.bambu_mqtt] [[SERIAL]] Chamber heating calculated: target=0.0, current=33.0, heating=False, respect_local=False
2026-03-11 10:59:34,690 DEBUG [backend.app.services.bambu_mqtt] [[SERIAL]] Chamber temp updated to: 33.0, target: 0.0, heating: False
2026-03-11 10:59:34,691 DEBUG [backend.app.services.bambu_mqtt] [[SERIAL]] HMS data received: [{'attr': 201327104, 'code': 131076}, {'attr': 201326848, 'code': 65540}]
2026-03-11 10:59:34,691 DEBUG [backend.app.services.bambu_mqtt] [[SERIAL]] ipcam field: {'agora_service': 'disable', 'brtc_service': 'enable', 'bs_state': 0, 'ipcam_dev': '1', 'ipcam_record': 'enable', 'laser_preview_res': 7, 'mode_bits': 2, 'resolution': '1080p', 'rtsp_url': 'rtsps://[IP]:322/streaming/live/1', 'timelapse': 'disable', 'tl_store_hpd_type': 2, 'tl_store_path_type': 2, 'tutk_server': 'disable'}
2026-03-11 10:59:34,691 DEBUG [backend.app.services.bambu_mqtt] [[SERIAL]] wifi_signal received: -51dBm
2026-03-11 10:59:34,691 DEBUG [backend.app.services.bambu_mqtt] [[SERIAL]] lights_report: [{'mode': 'on', 'node': 'chamber_light'}, {'mode': 'flashing', 'node': 'work_light'}]
2026-03-11 10:59:34,691 DEBUG [backend.app.services.bambu_mqtt] [[SERIAL]] MQTT mapping field: [0]
2026-03-11 10:59:34,691 DEBUG [backend.app.services.bambu_mqtt] [[SERIAL]] gcode_state: RUNNING -> RUNNING, file: /data/Metadata/plate_1.gcode, subtask: test
2026-03-11 10:59:35,540 DEBUG [backend.app.main] [[PRINTER]] Runtime tracking: added 30s, total=450s (0.12h)
2026-03-11 10:59:35,544 DEBUG [backend.app.main] Updated runtime for 1 printer(s)
2026-03-11 10:59:35,854 DEBUG [backend.app.services.bambu_mqtt] [[SERIAL]] Found xcam inside print data: {'allow_skip_parts': False, 'buildplate_marker_detector': True, 'first_layer_inspector': True, 'halt_print_sensitivity': 'medium', 'print_halt': True, 'printing_monitor': True, 'spaghetti_detector': True}
2026-03-11 10:59:35,855 DEBUG [backend.app.services.bambu_mqtt] [[SERIAL]] Parsing xcam data - all fields: ['allow_skip_parts', 'buildplate_marker_detector', 'first_layer_inspector', 'halt_print_sensitivity', 'print_halt', 'printing_monitor', 'spaghetti_detector']
2026-03-11 10:59:35,855 DEBUG [backend.app.services.bambu_mqtt] [[SERIAL]] Received gcode_state: RUNNING, gcode_file: /data/Metadata/plate_1.gcode, subtask_name: test
2026-03-11 10:59:35,855 DEBUG [backend.app.services.bambu_mqtt] [[SERIAL]] AMS dict fields: {'ams_exist_bits': '1', 'ams_exist_bits_raw': '1', 'cali_id': 0, 'cali_stat': 0, 'insert_flag': True, 'power_on_flag': True, 'tray_exist_bits': 'f', 'tray_is_bbl_bits': 'f', 'tray_now': '0', 'tray_pre': '0', 'tray_read_done_bits': 'f', 'tray_reading_bits': '0', 'tray_tar': '0', 'unbind_ams_stat': 0, 'version': 3141}
2026-03-11 10:59:35,856 DEBUG [backend.app.services.bambu_mqtt] [[SERIAL]] tray_now updated: 0
2026-03-11 10:59:35,856 DEBUG [backend.app.services.bambu_mqtt] [[SERIAL]] Merged AMS data: 1 new units, 1 total
2026-03-11 10:59:35,856 DEBUG [backend.app.services.bambu_mqtt] [[SERIAL]] AMS 0 info=0x1001 -> extruder 0
2026-03-11 10:59:35,856 DEBUG [backend.app.services.bambu_mqtt] [[SERIAL]] ams_extruder_map: {'0': 0}
2026-03-11 10:59:35,857 DEBUG [backend.app.services.bambu_mqtt] [[SERIAL]] ams_status: 768 (main=3, sub=0)
2026-03-11 10:59:35,857 DEBUG [backend.app.services.bambu_mqtt] [[SERIAL]] Received command response: push_status
2026-03-11 10:59:35,858 DEBUG [backend.app.services.bambu_mqtt] [[SERIAL]] device.extruder.state=1 (switch_state bits 12-14: 0)
2026-03-11 10:59:35,859 DEBUG [backend.app.services.bambu_mqtt] [[SERIAL]] info.temp direct: 33°C (heater OFF)
2026-03-11 10:59:35,859 DEBUG [backend.app.services.bambu_mqtt] [[SERIAL]] ctc_info keys: ['temp']
2026-03-11 10:59:35,860 DEBUG [backend.app.services.bambu_mqtt] [[SERIAL]] Chamber heating calculated: target=0.0, current=33.0, heating=False, respect_local=False
2026-03-11 10:59:35,860 DEBUG [backend.app.services.bambu_mqtt] [[SERIAL]] Chamber temp updated to: 33.0, target: 0.0, heating: False
2026-03-11 10:59:35,860 DEBUG [backend.app.services.bambu_mqtt] [[SERIAL]] HMS data received: [{'attr': 201327104, 'code': 131076}, {'attr': 201326848, 'code': 65540}]
2026-03-11 10:59:35,861 DEBUG [backend.app.services.bambu_mqtt] [[SERIAL]] ipcam field: {'agora_service': 'disable', 'brtc_service': 'enable', 'bs_state': 0, 'ipcam_dev': '1', 'ipcam_record': 'enable', 'laser_preview_res': 7, 'mode_bits': 2, 'resolution': '1080p', 'rtsp_url': 'rtsps://[IP]:322/streaming/live/1', 'timelapse': 'disable', 'tl_store_hpd_type': 2, 'tl_store_path_type': 2, 'tutk_server': 'disable'}
2026-03-11 10:59:35,864 DEBUG [backend.app.services.bambu_mqtt] [[SERIAL]] wifi_signal received: -51dBm
2026-03-11 10:59:35,864 DEBUG [backend.app.services.bambu_mqtt] [[SERIAL]] lights_report: [{'mode': 'on', 'node': 'chamber_light'}, {'mode': 'flashing', 'node': 'work_light'}]
2026-03-11 10:59:35,865 DEBUG [backend.app.services.bambu_mqtt] [[SERIAL]] MQTT mapping field: [0]
2026-03-11 10:59:35,867 DEBUG [backend.app.services.bambu_mqtt] [[SERIAL]] gcode_state: RUNNING -> RUNNING, file: /data/Metadata/plate_1.gcode, subtask: test
2026-03-11 10:59:36,932 DEBUG [backend.app.services.bambu_mqtt] [[SERIAL]] Found xcam inside print data: {'allow_skip_parts': False, 'buildplate_marker_detector': True, 'first_layer_inspector': True, 'halt_print_sensitivity': 'medium', 'print_halt': True, 'printing_monitor': True, 'spaghetti_detector': True}
2026-03-11 10:59:36,933 DEBUG [backend.app.services.bambu_mqtt] [[SERIAL]] Parsing xcam data - all fields: ['allow_skip_parts', 'buildplate_marker_detector', 'first_layer_inspector', 'halt_print_sensitivity', 'print_halt', 'printing_monitor', 'spaghetti_detector']
2026-03-11 10:59:36,933 DEBUG [backend.app.services.bambu_mqtt] [[SERIAL]] Received gcode_state: RUNNING, gcode_file: /data/Metadata/plate_1.gcode, subtask_name: test
2026-03-11 10:59:36,933 DEBUG [backend.app.services.bambu_mqtt] [[SERIAL]] AMS dict fields: {'ams_exist_bits': '1', 'ams_exist_bits_raw': '1', 'cali_id': 0, 'cali_stat': 0, 'insert_flag': True, 'power_on_flag': True, 'tray_exist_bits': 'f', 'tray_is_bbl_bits': 'f', 'tray_now': '0', 'tray_pre': '0', 'tray_read_done_bits': 'f', 'tray_reading_bits': '0', 'tray_tar': '0', 'unbind_ams_stat': 0, 'version': 3141}
2026-03-11 10:59:36,933 DEBUG [backend.app.services.bambu_mqtt] [[SERIAL]] tray_now updated: 0
2026-03-11 10:59:36,933 DEBUG [backend.app.services.bambu_mqtt] [[SERIAL]] Merged AMS data: 1 new units, 1 total
2026-03-11 10:59:36,934 DEBUG [backend.app.services.bambu_mqtt] [[SERIAL]] AMS 0 info=0x1001 -> extruder 0
2026-03-11 10:59:36,934 DEBUG [backend.app.services.bambu_mqtt] [[SERIAL]] ams_extruder_map: {'0': 0}
2026-03-11 10:59:36,934 DEBUG [backend.app.services.bambu_mqtt] [[SERIAL]] ams_status: 768 (main=3, sub=0)
2026-03-11 10:59:36,934 DEBUG [backend.app.services.bambu_mqtt] [[SERIAL]] Received command response: push_status
2026-03-11 10:59:36,935 DEBUG [backend.app.services.bambu_mqtt] [[SERIAL]] mc_print_sub_stage changed: 0 -> 3
2026-03-11 10:59:36,935 DEBUG [backend.app.services.bambu_mqtt] [[SERIAL]] device.extruder.state=1 (switch_state bits 12-14: 0)
2026-03-11 10:59:36,936 DEBUG [backend.app.services.bambu_mqtt] [[SERIAL]] info.temp direct: 33°C (heater OFF)
2026-03-11 10:59:36,936 DEBUG [backend.app.services.bambu_mqtt] [[SERIAL]] ctc_info keys: ['temp']
2026-03-11 10:59:36,937 DEBUG [backend.app.services.bambu_mqtt] [[SERIAL]] Chamber heating calculated: target=0.0, current=33.0, heating=False, respect_local=False
2026-03-11 10:59:36,937 DEBUG [backend.app.services.bambu_mqtt] [[SERIAL]] Chamber temp updated to: 33.0, target: 0.0, heating: False
2026-03-11 10:59:36,937 DEBUG [backend.app.services.bambu_mqtt] [[SERIAL]] HMS data received: [{'attr': 201327104, 'code': 131076}, {'attr': 201326848, 'code': 65540}]
2026-03-11 10:59:36,938 DEBUG [backend.app.services.bambu_mqtt] [[SERIAL]] ipcam field: {'agora_service': 'disable', 'brtc_service': 'enable', 'bs_state': 0, 'ipcam_dev': '1', 'ipcam_record': 'enable', 'laser_preview_res': 7, 'mode_bits': 2, 'resolution': '1080p', 'rtsp_url': 'rtsps://[IP]:322/streaming/live/1', 'timelapse': 'disable', 'tl_store_hpd_type': 2, 'tl_store_path_type': 2, 'tutk_server': 'disable'}
2026-03-11 10:59:36,938 DEBUG [backend.app.services.bambu_mqtt] [[SERIAL]] wifi_signal received: -51dBm
2026-03-11 10:59:36,939 DEBUG [backend.app.services.bambu_mqtt] [[SERIAL]] lights_report: [{'mode': 'on', 'node': 'chamber_light'}, {'mode': 'flashing', 'node': 'work_light'}]
2026-03-11 10:59:36,939 DEBUG [backend.app.services.bambu_mqtt] [[SERIAL]] MQTT mapping field: [0]
2026-03-11 10:59:36,939 DEBUG [backend.app.services.bambu_mqtt] [[SERIAL]] gcode_state: RUNNING -> RUNNING, file: /data/Metadata/plate_1.gcode, subtask: test
2026-03-11 10:59:38,044 DEBUG [backend.app.services.bambu_mqtt] [[SERIAL]] Found xcam inside print data: {'allow_skip_parts': False, 'buildplate_marker_detector': True, 'first_layer_inspector': True, 'halt_print_sensitivity': 'medium', 'print_halt': True, 'printing_monitor': True, 'spaghetti_detector': True}
2026-03-11 10:59:38,045 DEBUG [backend.app.services.bambu_mqtt] [[SERIAL]] Parsing xcam data - all fields: ['allow_skip_parts', 'buildplate_marker_detector', 'first_layer_inspector', 'halt_print_sensitivity', 'print_halt', 'printing_monitor', 'spaghetti_detector']
2026-03-11 10:59:38,045 DEBUG [backend.app.services.bambu_mqtt] [[SERIAL]] Received gcode_state: RUNNING, gcode_file: /data/Metadata/plate_1.gcode, subtask_name: test
2026-03-11 10:59:38,045 DEBUG [backend.app.services.bambu_mqtt] [[SERIAL]] AMS dict fields: {'ams_exist_bits': '1', 'ams_exist_bits_raw': '1', 'cali_id': 0, 'cali_stat': 0, 'insert_flag': True, 'power_on_flag': True, 'tray_exist_bits': 'f', 'tray_is_bbl_bits': 'f', 'tray_now': '0', 'tray_pre': '0', 'tray_read_done_bits': 'f', 'tray_reading_bits': '0', 'tray_tar': '0', 'unbind_ams_stat': 0, 'version': 3141}
2026-03-11 10:59:38,045 DEBUG [backend.app.services.bambu_mqtt] [[SERIAL]] tray_now updated: 0
2026-03-11 10:59:38,046 DEBUG [backend.app.services.bambu_mqtt] [[SERIAL]] Merged AMS data: 1 new units, 1 total
2026-03-11 10:59:38,046 DEBUG [backend.app.services.bambu_mqtt] [[SERIAL]] AMS 0 info=0x1001 -> extruder 0
2026-03-11 10:59:38,046 DEBUG [backend.app.services.bambu_mqtt] [[SERIAL]] ams_extruder_map: {'0': 0}
2026-03-11 10:59:38,046 DEBUG [backend.app.services.bambu_mqtt] [[SERIAL]] ams_status: 768 (main=3, sub=0)
2026-03-11 10:59:38,046 DEBUG [backend.app.services.bambu_mqtt] [[SERIAL]] Received command response: push_status
2026-03-11 10:59:38,047 DEBUG [backend.app.services.bambu_mqtt] [[SERIAL]] device.extruder.state=1 (switch_state bits 12-14: 0)
2026-03-11 10:59:38,047 DEBUG [backend.app.services.bambu_mqtt] [[SERIAL]] info.temp direct: 33°C (heater OFF)
2026-03-11 10:59:38,047 DEBUG [backend.app.services.bambu_mqtt] [[SERIAL]] ctc_info keys: ['temp']
2026-03-11 10:59:38,047 DEBUG [backend.app.services.bambu_mqtt] [[SERIAL]] Chamber heating calculated: target=0.0, current=33.0, heating=False, respect_local=False
2026-03-11 10:59:38,048 DEBUG [backend.app.services.bambu_mqtt] [[SERIAL]] Chamber temp updated to: 33.0, target: 0.0, heating: False
2026-03-11 10:59:38,048 DEBUG [backend.app.services.bambu_mqtt] [[SERIAL]] HMS data received: [{'attr': 201327104, 'code': 131076}, {'attr': 201326848, 'code': 65540}]
2026-03-11 10:59:38,048 DEBUG [backend.app.services.bambu_mqtt] [[SERIAL]] ipcam field: {'agora_service': 'disable', 'brtc_service': 'enable', 'bs_state': 0, 'ipcam_dev': '1', 'ipcam_record': 'enable', 'laser_preview_res': 7, 'mode_bits': 2, 'resolution': '1080p', 'rtsp_url': 'rtsps://[IP]:322/streaming/live/1', 'timelapse': 'disable', 'tl_store_hpd_type': 2, 'tl_store_path_type': 2, 'tutk_server': 'disable'}
2026-03-11 10:59:38,048 DEBUG [backend.app.services.bambu_mqtt] [[SERIAL]] wifi_signal received: -51dBm
2026-03-11 10:59:38,048 DEBUG [backend.app.services.bambu_mqtt] [[SERIAL]] lights_report: [{'mode': 'on', 'node': 'chamber_light'}, {'mode': 'flashing', 'node': 'work_light'}]
2026-03-11 10:59:38,049 DEBUG [backend.app.services.bambu_mqtt] [[SERIAL]] MQTT mapping field: [0]
2026-03-11 10:59:38,049 DEBUG [backend.app.services.bambu_mqtt] [[SERIAL]] gcode_state: RUNNING -> RUNNING, file: /data/Metadata/plate_1.gcode, subtask: test
2026-03-11 10:59:39,143 DEBUG [backend.app.services.bambu_mqtt] [[SERIAL]] Found xcam inside print data: {'allow_skip_parts': False, 'buildplate_marker_detector': True, 'first_layer_inspector': True, 'halt_print_sensitivity': 'medium', 'print_halt': True, 'printing_monitor': True, 'spaghetti_detector': True}
2026-03-11 10:59:39,143 DEBUG [backend.app.services.bambu_mqtt] [[SERIAL]] Parsing xcam data - all fields: ['allow_skip_parts', 'buildplate_marker_detector', 'first_layer_inspector', 'halt_print_sensitivity', 'print_halt', 'printing_monitor', 'spaghetti_detector']
2026-03-11 10:59:39,143 DEBUG [backend.app.services.bambu_mqtt] [[SERIAL]] Received gcode_state: RUNNING, gcode_file: /data/Metadata/plate_1.gcode, subtask_name: test
2026-03-11 10:59:39,144 DEBUG [backend.app.services.bambu_mqtt] [[SERIAL]] AMS dict fields: {'ams_exist_bits': '1', 'ams_exist_bits_raw': '1', 'cali_id': 0, 'cali_stat': 0, 'insert_flag': True, 'power_on_flag': True, 'tray_exist_bits': 'f', 'tray_is_bbl_bits': 'f', 'tray_now': '0', 'tray_pre': '0', 'tray_read_done_bits': 'f', 'tray_reading_bits': '0', 'tray_tar': '0', 'unbind_ams_stat': 0, 'version': 3141}
2026-03-11 10:59:39,144 DEBUG [backend.app.services.bambu_mqtt] [[SERIAL]] tray_now updated: 0
2026-03-11 10:59:39,144 DEBUG [backend.app.services.bambu_mqtt] [[SERIAL]] Merged AMS data: 1 new units, 1 total
2026-03-11 10:59:39,144 DEBUG [backend.app.services.bambu_mqtt] [[SERIAL]] AMS 0 info=0x1001 -> extruder 0
2026-03-11 10:59:39,145 DEBUG [backend.app.services.bambu_mqtt] [[SERIAL]] ams_extruder_map: {'0': 0}
2026-03-11 10:59:39,145 DEBUG [backend.app.services.bambu_mqtt] [[SERIAL]] ams_status: 768 (main=3, sub=0)
2026-03-11 10:59:39,145 DEBUG [backend.app.services.bambu_mqtt] [[SERIAL]] Received command response: push_status
2026-03-11 10:59:39,145 DEBUG [backend.app.services.bambu_mqtt] [[SERIAL]] device.extruder.state=1 (switch_state bits 12-14: 0)
2026-03-11 10:59:39,145 DEBUG [backend.app.services.bambu_mqtt] [[SERIAL]] info.temp direct: 33°C (heater OFF)
2026-03-11 10:59:39,145 DEBUG [backend.app.services.bambu_mqtt] [[SERIAL]] ctc_info keys: ['temp']
2026-03-11 10:59:39,146 DEBUG [backend.app.services.bambu_mqtt] [[SERIAL]] Chamber heating calculated: target=0.0, current=33.0, heating=False, respect_local=False
2026-03-11 10:59:39,146 DEBUG [backend.app.services.bambu_mqtt] [[SERIAL]] Chamber temp updated to: 33.0, target: 0.0, heating: False
2026-03-11 10:59:39,146 DEBUG [backend.app.services.bambu_mqtt] [[SERIAL]] HMS data received: [{'attr': 201327104, 'code': 131076}, {'attr': 201326848, 'code': 65540}]
2026-03-11 10:59:39,146 DEBUG [backend.app.services.bambu_mqtt] [[SERIAL]] ipcam field: {'agora_service': 'disable', 'brtc_service': 'enable', 'bs_state': 0, 'ipcam_dev': '1', 'ipcam_record': 'enable', 'laser_preview_res': 7, 'mode_bits': 2, 'resolution': '1080p', 'rtsp_url': 'rtsps://[IP]:322/streaming/live/1', 'timelapse': 'disable', 'tl_store_hpd_type': 2, 'tl_store_path_type': 2, 'tutk_server': 'disable'}
2026-03-11 10:59:39,146 DEBUG [backend.app.services.bambu_mqtt] [[SERIAL]] wifi_signal received: -51dBm
2026-03-11 10:59:39,146 DEBUG [backend.app.services.bambu_mqtt] [[SERIAL]] lights_report: [{'mode': 'on', 'node': 'chamber_light'}, {'mode': 'flashing', 'node': 'work_light'}]
2026-03-11 10:59:39,147 DEBUG [backend.app.services.bambu_mqtt] [[SERIAL]] MQTT mapping field: [0]
2026-03-11 10:59:39,147 DEBUG [backend.app.services.bambu_mqtt] [[SERIAL]] gcode_state: RUNNING -> RUNNING, file: /data/Metadata/plate_1.gcode, subtask: test
2026-03-11 10:59:40,252 DEBUG [backend.app.services.bambu_mqtt] [[SERIAL]] Found xcam inside print data: {'allow_skip_parts': False, 'buildplate_marker_detector': True, 'first_layer_inspector': True, 'halt_print_sensitivity': 'medium', 'print_halt': True, 'printing_monitor': True, 'spaghetti_detector': True}
2026-03-11 10:59:40,252 DEBUG [backend.app.services.bambu_mqtt] [[SERIAL]] Parsing xcam data - all fields: ['allow_skip_parts', 'buildplate_marker_detector', 'first_layer_inspector', 'halt_print_sensitivity', 'print_halt', 'printing_monitor', 'spaghetti_detector']
2026-03-11 10:59:40,252 DEBUG [backend.app.services.bambu_mqtt] [[SERIAL]] Received gcode_state: RUNNING, gcode_file: /data/Metadata/plate_1.gcode, subtask_name: test
2026-03-11 10:59:40,256 DEBUG [backend.app.services.bambu_mqtt] [[SERIAL]] AMS dict fields: {'ams_exist_bits': '1', 'ams_exist_bits_raw': '1', 'cali_id': 0, 'cali_stat': 0, 'insert_flag': True, 'power_on_flag': True, 'tray_exist_bits': 'f', 'tray_is_bbl_bits': 'f', 'tray_now': '0', 'tray_pre': '0', 'tray_read_done_bits': 'f', 'tray_reading_bits': '0', 'tray_tar': '0', 'unbind_ams_stat': 0, 'version': 3141}
2026-03-11 10:59:40,256 DEBUG [backend.app.services.bambu_mqtt] [[SERIAL]] tray_now updated: 0
2026-03-11 10:59:40,256 DEBUG [backend.app.services.bambu_mqtt] [[SERIAL]] Merged AMS data: 1 new units, 1 total
2026-03-11 10:59:40,257 DEBUG [backend.app.services.bambu_mqtt] [[SERIAL]] AMS 0 info=0x1001 -> extruder 0
2026-03-11 10:59:40,257 DEBUG [backend.app.services.bambu_mqtt] [[SERIAL]] ams_extruder_map: {'0': 0}
2026-03-11 10:59:40,257 DEBUG [backend.app.services.bambu_mqtt] [[SERIAL]] ams_status: 768 (main=3, sub=0)
2026-03-11 10:59:40,257 DEBUG [backend.app.services.bambu_mqtt] [[SERIAL]] Received command response: push_status
2026-03-11 10:59:40,257 DEBUG [backend.app.services.bambu_mqtt] [[SERIAL]] device.extruder.state=1 (switch_state bits 12-14: 0)
2026-03-11 10:59:40,257 DEBUG [backend.app.services.bambu_mqtt] [[SERIAL]] info.temp direct: 33°C (heater OFF)
2026-03-11 10:59:40,257 DEBUG [backend.app.services.bambu_mqtt] [[SERIAL]] ctc_info keys: ['temp']
2026-03-11 10:59:40,257 DEBUG [backend.app.services.bambu_mqtt] [[SERIAL]] Chamber heating calculated: target=0.0, current=33.0, heating=False, respect_local=False
2026-03-11 10:59:40,257 DEBUG [backend.app.services.bambu_mqtt] [[SERIAL]] Chamber temp updated to: 33.0, target: 0.0, heating: False
2026-03-11 10:59:40,257 DEBUG [backend.app.services.bambu_mqtt] [[SERIAL]] HMS data received: [{'attr': 201327104, 'code': 131076}, {'attr': 201326848, 'code': 65540}]
2026-03-11 10:59:40,257 DEBUG [backend.app.services.bambu_mqtt] [[SERIAL]] ipcam field: {'agora_service': 'disable', 'brtc_service': 'enable', 'bs_state': 0, 'ipcam_dev': '1', 'ipcam_record': 'enable', 'laser_preview_res': 7, 'mode_bits': 2, 'resolution': '1080p', 'rtsp_url': 'rtsps://[IP]:322/streaming/live/1', 'timelapse': 'disable', 'tl_store_hpd_type': 2, 'tl_store_path_type': 2, 'tutk_server': 'disable'}
2026-03-11 10:59:40,257 DEBUG [backend.app.services.bambu_mqtt] [[SERIAL]] wifi_signal received: -51dBm
2026-03-11 10:59:40,257 DEBUG [backend.app.services.bambu_mqtt] [[SERIAL]] lights_report: [{'mode': 'on', 'node': 'chamber_light'}, {'mode': 'flashing', 'node': 'work_light'}]
2026-03-11 10:59:40,258 DEBUG [backend.app.services.bambu_mqtt] [[SERIAL]] MQTT mapping field: [0]
2026-03-11 10:59:40,258 DEBUG [backend.app.services.bambu_mqtt] [[SERIAL]] gcode_state: RUNNING -> RUNNING, file: /data/Metadata/plate_1.gcode, subtask: test
2026-03-11 10:59:41,383 DEBUG [backend.app.services.bambu_mqtt] [[SERIAL]] Found xcam inside print data: {'allow_skip_parts': False, 'buildplate_marker_detector': True, 'first_layer_inspector': True, 'halt_print_sensitivity': 'medium', 'print_halt': True, 'printing_monitor': True, 'spaghetti_detector': True}
2026-03-11 10:59:41,384 DEBUG [backend.app.services.bambu_mqtt] [[SERIAL]] Parsing xcam data - all fields: ['allow_skip_parts', 'buildplate_marker_detector', 'first_layer_inspector', 'halt_print_sensitivity', 'print_halt', 'printing_monitor', 'spaghetti_detector']
2026-03-11 10:59:41,384 DEBUG [backend.app.services.bambu_mqtt] [[SERIAL]] Received gcode_state: RUNNING, gcode_file: /data/Metadata/plate_1.gcode, subtask_name: test
2026-03-11 10:59:41,384 DEBUG [backend.app.services.bambu_mqtt] [[SERIAL]] AMS dict fields: {'ams_exist_bits': '1', 'ams_exist_bits_raw': '1', 'cali_id': 0, 'cali_stat': 0, 'insert_flag': True, 'power_on_flag': True, 'tray_exist_bits': 'f', 'tray_is_bbl_bits': 'f', 'tray_now': '0', 'tray_pre': '0', 'tray_read_done_bits': 'f', 'tray_reading_bits': '0', 'tray_tar': '0', 'unbind_ams_stat': 0, 'version': 3141}
2026-03-11 10:59:41,384 DEBUG [backend.app.services.bambu_mqtt] [[SERIAL]] tray_now updated: 0
2026-03-11 10:59:41,384 DEBUG [backend.app.services.bambu_mqtt] [[SERIAL]] Merged AMS data: 1 new units, 1 total
2026-03-11 10:59:41,385 DEBUG [backend.app.services.bambu_mqtt] [[SERIAL]] AMS 0 info=0x1001 -> extruder 0
2026-03-11 10:59:41,385 DEBUG [backend.app.services.bambu_mqtt] [[SERIAL]] ams_extruder_map: {'0': 0}
2026-03-11 10:59:41,385 DEBUG [backend.app.services.bambu_mqtt] [[SERIAL]] ams_status: 768 (main=3, sub=0)
2026-03-11 10:59:41,385 DEBUG [backend.app.services.bambu_mqtt] [[SERIAL]] Received command response: push_status
2026-03-11 10:59:41,385 DEBUG [backend.app.services.bambu_mqtt] [[SERIAL]] device.extruder.state=1 (switch_state bits 12-14: 0)
2026-03-11 10:59:41,385 DEBUG [backend.app.services.bambu_mqtt] [[SERIAL]] info.temp direct: 33°C (heater OFF)
2026-03-11 10:59:41,387 DEBUG [backend.app.services.bambu_mqtt] [[SERIAL]] ctc_info keys: ['temp']
2026-03-11 10:59:41,387 DEBUG [backend.app.services.bambu_mqtt] [[SERIAL]] Chamber heating calculated: target=0.0, current=33.0, heating=False, respect_local=False
2026-03-11 10:59:41,388 DEBUG [backend.app.services.bambu_mqtt] [[SERIAL]] Chamber temp updated to: 33.0, target: 0.0, heating: False
2026-03-11 10:59:41,388 DEBUG [backend.app.services.bambu_mqtt] [[SERIAL]] HMS data received: [{'attr': 201327104, 'code': 131076}, {'attr': 201326848, 'code': 65540}]
2026-03-11 10:59:41,388 DEBUG [backend.app.services.bambu_mqtt] [[SERIAL]] ipcam field: {'agora_service': 'disable', 'brtc_service': 'enable', 'bs_state': 0, 'ipcam_dev': '1', 'ipcam_record': 'enable', 'laser_preview_res': 7, 'mode_bits': 2, 'resolution': '1080p', 'rtsp_url': 'rtsps://[IP]:322/streaming/live/1', 'timelapse': 'disable', 'tl_store_hpd_type': 2, 'tl_store_path_type': 2, 'tutk_server': 'disable'}
2026-03-11 10:59:41,388 DEBUG [backend.app.services.bambu_mqtt] [[SERIAL]] wifi_signal received: -51dBm
2026-03-11 10:59:41,388 DEBUG [backend.app.services.bambu_mqtt] [[SERIAL]] lights_report: [{'mode': 'on', 'node': 'chamber_light'}, {'mode': 'flashing', 'node': 'work_light'}]
2026-03-11 10:59:41,388 DEBUG [backend.app.services.bambu_mqtt] [[SERIAL]] MQTT mapping field: [0]
2026-03-11 10:59:41,388 DEBUG [backend.app.services.bambu_mqtt] [[SERIAL]] gcode_state: RUNNING -> RUNNING, file: /data/Metadata/plate_1.gcode, subtask: test