2026-03-04 13:17:32,359 DEBUG [backend.app.services.bambu_mqtt] [[SERIAL]] Chamber temp updated to: 36.0, target: 0.0, heating: False
2026-03-04 13:17:32,359 DEBUG [backend.app.services.bambu_mqtt] [[SERIAL]] HMS data received: [{'attr': 201326848, 'code': 131099}]
2026-03-04 13:17:32,359 DEBUG [backend.app.services.bambu_mqtt] [[SERIAL]] ipcam field: {'agora_service': 'disable', 'brtc_service': 'enable', 'bs_state': 0, 'ipcam_dev': '1', 'ipcam_record': 'enable', 'laser_preview_res': 5, 'mode_bits': 2, 'resolution': '1080p', 'rtsp_url': 'rtsps://[IP]:322/streaming/live/1', 'timelapse': 'enable', 'tl_store_hpd_type': 2, 'tl_store_path_type': 2, 'tutk_server': 'disable'}
2026-03-04 13:17:32,359 DEBUG [backend.app.services.bambu_mqtt] [[SERIAL]] Timelapse detected during print (from ipcam)
2026-03-04 13:17:32,360 DEBUG [backend.app.services.bambu_mqtt] [[SERIAL]] wifi_signal received: -49dBm
2026-03-04 13:17:32,360 DEBUG [backend.app.services.bambu_mqtt] [[SERIAL]] lights_report: [{'mode': 'on', 'node': 'chamber_light'}, {'mode': 'flashing', 'node': 'work_light'}, {'mode': 'on', 'node': 'chamber_light2'}]
2026-03-04 13:17:32,360 DEBUG [backend.app.services.bambu_mqtt] [[SERIAL]] MQTT mapping field: [257, 515]
2026-03-04 13:17:32,360 DEBUG [backend.app.services.bambu_mqtt] [[SERIAL]] gcode_state: RUNNING -> RUNNING, file: /data/Metadata/plate_1.gcode, subtask: Spoolbuddy_V2_01
2026-03-04 13:17:33,486 DEBUG [backend.app.services.bambu_mqtt] [[SERIAL]] Found xcam inside print data: {'allow_skip_parts': False, 'buildplate_marker_detector': False, 'cfg': 224677, 'first_layer_inspector': False, 'halt_print_sensitivity': 'medium', 'print_halt': True, 'printing_monitor': True, 'spaghetti_detector': True}
2026-03-04 13:17:33,486 DEBUG [backend.app.services.bambu_mqtt] [[SERIAL]] Parsing xcam data - all fields: ['allow_skip_parts', 'buildplate_marker_detector', 'cfg', 'first_layer_inspector', 'halt_print_sensitivity', 'print_halt', 'printing_monitor', 'spaghetti_detector']
2026-03-04 13:17:33,486 DEBUG [backend.app.services.bambu_mqtt] [[SERIAL]] xcam cfg bitmask: 224677 (binary: 0b110110110110100101)
2026-03-04 13:17:33,486 DEBUG [backend.app.services.bambu_mqtt] [[SERIAL]] Received gcode_state: RUNNING, gcode_file: /data/Metadata/plate_1.gcode, subtask_name: Spoolbuddy_V2_01
2026-03-04 13:17:33,486 DEBUG [backend.app.services.bambu_mqtt] [[SERIAL]] AMS dict fields: {'ams_exist_bits': '17', 'ams_exist_bits_raw': '17', 'cali_id': 255, 'cali_stat': 0, 'insert_flag': True, 'power_on_flag': False, 'tray_exist_bits': '10fff', 'tray_is_bbl_bits': 'fff', 'tray_now': '1', 'tray_pre': '1', 'tray_read_done_bits': '10fff', 'tray_reading_bits': '0', 'tray_tar': '1', 'unbind_ams_stat': 0, 'version': 12617}
2026-03-04 13:17:33,486 DEBUG [backend.app.services.bambu_mqtt] [[SERIAL]] tray_now updated: 5
2026-03-04 13:17:33,486 DEBUG [backend.app.services.bambu_mqtt] [[SERIAL]] Merged AMS data: 4 new units, 4 total
2026-03-04 13:17:33,486 DEBUG [backend.app.services.bambu_mqtt] [[SERIAL]] AMS 0 info=2103 (bit8=0) -> extruder 1
2026-03-04 13:17:33,486 DEBUG [backend.app.services.bambu_mqtt] [[SERIAL]] AMS 1 info=2003 (bit8=1) -> extruder 0
2026-03-04 13:17:33,486 DEBUG [backend.app.services.bambu_mqtt] [[SERIAL]] AMS 2 info=1101 (bit8=0) -> extruder 1
2026-03-04 13:17:33,486 DEBUG [backend.app.services.bambu_mqtt] [[SERIAL]] AMS 128 info=2004 (bit8=1) -> extruder 0
2026-03-04 13:17:33,486 DEBUG [backend.app.services.bambu_mqtt] [[SERIAL]] ams_extruder_map: {'0': 1, '1': 0, '2': 1, '128': 0}
2026-03-04 13:17:33,486 DEBUG [backend.app.services.bambu_mqtt] [[SERIAL]] ams_status: 768 (main=3, sub=0)
2026-03-04 13:17:33,486 DEBUG [backend.app.services.bambu_mqtt] [[SERIAL]] Received command response: push_status
2026-03-04 13:17:33,487 DEBUG [backend.app.services.bambu_mqtt] [[SERIAL]] device.extruder.state=2 (switch_state bits 12-14: 0)
2026-03-04 13:17:33,487 DEBUG [backend.app.services.bambu_mqtt] [[SERIAL]] info.temp direct: 36°C (heater OFF)
2026-03-04 13:17:33,487 DEBUG [backend.app.services.bambu_mqtt] [[SERIAL]] ctc_info keys: ['temp']
2026-03-04 13:17:33,487 DEBUG [backend.app.services.bambu_mqtt] [[SERIAL]] Chamber heating calculated: target=0.0, current=36.0, heating=False, respect_local=False
2026-03-04 13:17:33,487 DEBUG [backend.app.services.bambu_mqtt] [[SERIAL]] Chamber temp updated to: 36.0, target: 0.0, heating: False
2026-03-04 13:17:33,487 DEBUG [backend.app.services.bambu_mqtt] [[SERIAL]] HMS data received: [{'attr': 201326848, 'code': 131099}]
2026-03-04 13:17:33,487 DEBUG [backend.app.services.bambu_mqtt] [[SERIAL]] ipcam field: {'agora_service': 'disable', 'brtc_service': 'enable', 'bs_state': 0, 'ipcam_dev': '1', 'ipcam_record': 'enable', 'laser_preview_res': 5, 'mode_bits': 2, 'resolution': '1080p', 'rtsp_url': 'rtsps://[IP]:322/streaming/live/1', 'timelapse': 'enable', 'tl_store_hpd_type': 2, 'tl_store_path_type': 2, 'tutk_server': 'disable'}
2026-03-04 13:17:33,487 DEBUG [backend.app.services.bambu_mqtt] [[SERIAL]] Timelapse detected during print (from ipcam)
2026-03-04 13:17:33,487 DEBUG [backend.app.services.bambu_mqtt] [[SERIAL]] wifi_signal received: -49dBm
2026-03-04 13:17:33,487 DEBUG [backend.app.services.bambu_mqtt] [[SERIAL]] lights_report: [{'mode': 'on', 'node': 'chamber_light'}, {'mode': 'flashing', 'node': 'work_light'}, {'mode': 'on', 'node': 'chamber_light2'}]
2026-03-04 13:17:33,487 DEBUG [backend.app.services.bambu_mqtt] [[SERIAL]] MQTT mapping field: [257, 515]
2026-03-04 13:17:33,487 DEBUG [backend.app.services.bambu_mqtt] [[SERIAL]] gcode_state: RUNNING -> RUNNING, file: /data/Metadata/plate_1.gcode, subtask: Spoolbuddy_V2_01
2026-03-04 13:17:34,731 DEBUG [backend.app.services.bambu_mqtt] [[SERIAL]] Found xcam inside print data: {'allow_skip_parts': False, 'buildplate_marker_detector': False, 'cfg': 224677, 'first_layer_inspector': False, 'halt_print_sensitivity': 'medium', 'print_halt': True, 'printing_monitor': True, 'spaghetti_detector': True}
2026-03-04 13:17:34,731 DEBUG [backend.app.services.bambu_mqtt] [[SERIAL]] Parsing xcam data - all fields: ['allow_skip_parts', 'buildplate_marker_detector', 'cfg', 'first_layer_inspector', 'halt_print_sensitivity', 'print_halt', 'printing_monitor', 'spaghetti_detector']
2026-03-04 13:17:34,731 DEBUG [backend.app.services.bambu_mqtt] [[SERIAL]] xcam cfg bitmask: 224677 (binary: 0b110110110110100101)
2026-03-04 13:17:34,731 DEBUG [backend.app.services.bambu_mqtt] [[SERIAL]] Received gcode_state: RUNNING, gcode_file: /data/Metadata/plate_1.gcode, subtask_name: Spoolbuddy_V2_01
2026-03-04 13:17:34,731 DEBUG [backend.app.services.bambu_mqtt] [[SERIAL]] AMS dict fields: {'ams_exist_bits': '17', 'ams_exist_bits_raw': '17', 'cali_id': 255, 'cali_stat': 0, 'insert_flag': True, 'power_on_flag': False, 'tray_exist_bits': '10fff', 'tray_is_bbl_bits': 'fff', 'tray_now': '1', 'tray_pre': '1', 'tray_read_done_bits': '10fff', 'tray_reading_bits': '0', 'tray_tar': '1', 'unbind_ams_stat': 0, 'version': 12617}
2026-03-04 13:17:34,731 DEBUG [backend.app.services.bambu_mqtt] [[SERIAL]] tray_now updated: 5
2026-03-04 13:17:34,732 DEBUG [backend.app.services.bambu_mqtt] [[SERIAL]] Merged AMS data: 4 new units, 4 total
2026-03-04 13:17:34,732 DEBUG [backend.app.services.bambu_mqtt] [[SERIAL]] AMS 0 info=2103 (bit8=0) -> extruder 1
2026-03-04 13:17:34,732 DEBUG [backend.app.services.bambu_mqtt] [[SERIAL]] AMS 1 info=2003 (bit8=1) -> extruder 0
2026-03-04 13:17:34,732 DEBUG [backend.app.services.bambu_mqtt] [[SERIAL]] AMS 2 info=1101 (bit8=0) -> extruder 1
2026-03-04 13:17:34,732 DEBUG [backend.app.services.bambu_mqtt] [[SERIAL]] AMS 128 info=2004 (bit8=1) -> extruder 0
2026-03-04 13:17:34,732 DEBUG [backend.app.services.bambu_mqtt] [[SERIAL]] ams_extruder_map: {'0': 1, '1': 0, '2': 1, '128': 0}
2026-03-04 13:17:34,732 DEBUG [backend.app.services.bambu_mqtt] [[SERIAL]] ams_status: 768 (main=3, sub=0)
2026-03-04 13:17:34,732 DEBUG [backend.app.services.bambu_mqtt] [[SERIAL]] Received command response: push_status
2026-03-04 13:17:34,732 DEBUG [backend.app.services.bambu_mqtt] [[SERIAL]] device.extruder.state=2 (switch_state bits 12-14: 0)
2026-03-04 13:17:34,732 DEBUG [backend.app.services.bambu_mqtt] [[SERIAL]] info.temp direct: 36°C (heater OFF)
2026-03-04 13:17:34,732 DEBUG [backend.app.services.bambu_mqtt] [[SERIAL]] ctc_info keys: ['temp']
2026-03-04 13:17:34,732 DEBUG [backend.app.services.bambu_mqtt] [[SERIAL]] Chamber heating calculated: target=0.0, current=36.0, heating=False, respect_local=False
2026-03-04 13:17:34,732 DEBUG [backend.app.services.bambu_mqtt] [[SERIAL]] Chamber temp updated to: 36.0, target: 0.0, heating: False
2026-03-04 13:17:34,732 DEBUG [backend.app.services.bambu_mqtt] [[SERIAL]] HMS data received: [{'attr': 201326848, 'code': 131099}]
2026-03-04 13:17:34,732 DEBUG [backend.app.services.bambu_mqtt] [[SERIAL]] ipcam field: {'agora_service': 'disable', 'brtc_service': 'enable', 'bs_state': 0, 'ipcam_dev': '1', 'ipcam_record': 'enable', 'laser_preview_res': 5, 'mode_bits': 2, 'resolution': '1080p', 'rtsp_url': 'rtsps://[IP]:322/streaming/live/1', 'timelapse': 'enable', 'tl_store_hpd_type': 2, 'tl_store_path_type': 2, 'tutk_server': 'disable'}
2026-03-04 13:17:34,732 DEBUG [backend.app.services.bambu_mqtt] [[SERIAL]] Timelapse detected during print (from ipcam)
2026-03-04 13:17:34,732 DEBUG [backend.app.services.bambu_mqtt] [[SERIAL]] wifi_signal received: -49dBm
2026-03-04 13:17:34,732 DEBUG [backend.app.services.bambu_mqtt] [[SERIAL]] lights_report: [{'mode': 'on', 'node': 'chamber_light'}, {'mode': 'flashing', 'node': 'work_light'}, {'mode': 'on', 'node': 'chamber_light2'}]
2026-03-04 13:17:34,732 DEBUG [backend.app.services.bambu_mqtt] [[SERIAL]] MQTT mapping field: [257, 515]
2026-03-04 13:17:34,732 DEBUG [backend.app.services.bambu_mqtt] [[SERIAL]] gcode_state: RUNNING -> RUNNING, file: /data/Metadata/plate_1.gcode, subtask: Spoolbuddy_V2_01
2026-03-04 13:17:35,713 DEBUG [backend.app.services.bambu_mqtt] [[SERIAL]] Found xcam inside print data: {'allow_skip_parts': False, 'buildplate_marker_detector': False, 'cfg': 224677, 'first_layer_inspector': False, 'halt_print_sensitivity': 'medium', 'print_halt': True, 'printing_monitor': True, 'spaghetti_detector': True}
2026-03-04 13:17:35,713 DEBUG [backend.app.services.bambu_mqtt] [[SERIAL]] Parsing xcam data - all fields: ['allow_skip_parts', 'buildplate_marker_detector', 'cfg', 'first_layer_inspector', 'halt_print_sensitivity', 'print_halt', 'printing_monitor', 'spaghetti_detector']
2026-03-04 13:17:35,713 DEBUG [backend.app.services.bambu_mqtt] [[SERIAL]] xcam cfg bitmask: 224677 (binary: 0b110110110110100101)
2026-03-04 13:17:35,713 DEBUG [backend.app.services.bambu_mqtt] [[SERIAL]] Received gcode_state: RUNNING, gcode_file: /data/Metadata/plate_1.gcode, subtask_name: Spoolbuddy_V2_01
2026-03-04 13:17:35,713 DEBUG [backend.app.services.bambu_mqtt] [[SERIAL]] AMS dict fields: {'ams_exist_bits': '17', 'ams_exist_bits_raw': '17', 'cali_id': 255, 'cali_stat': 0, 'insert_flag': True, 'power_on_flag': False, 'tray_exist_bits': '10fff', 'tray_is_bbl_bits': 'fff', 'tray_now': '1', 'tray_pre': '1', 'tray_read_done_bits': '10fff', 'tray_reading_bits': '0', 'tray_tar': '1', 'unbind_ams_stat': 0, 'version': 12617}
2026-03-04 13:17:35,713 DEBUG [backend.app.services.bambu_mqtt] [[SERIAL]] tray_now updated: 5
2026-03-04 13:17:35,713 DEBUG [backend.app.services.bambu_mqtt] [[SERIAL]] Merged AMS data: 4 new units, 4 total
2026-03-04 13:17:35,714 DEBUG [backend.app.services.bambu_mqtt] [[SERIAL]] AMS 0 info=2103 (bit8=0) -> extruder 1
2026-03-04 13:17:35,714 DEBUG [backend.app.services.bambu_mqtt] [[SERIAL]] AMS 1 info=2003 (bit8=1) -> extruder 0
2026-03-04 13:17:35,714 DEBUG [backend.app.services.bambu_mqtt] [[SERIAL]] AMS 2 info=1101 (bit8=0) -> extruder 1
2026-03-04 13:17:35,714 DEBUG [backend.app.services.bambu_mqtt] [[SERIAL]] AMS 128 info=2004 (bit8=1) -> extruder 0
2026-03-04 13:17:35,714 DEBUG [backend.app.services.bambu_mqtt] [[SERIAL]] ams_extruder_map: {'0': 1, '1': 0, '2': 1, '128': 0}
2026-03-04 13:17:35,714 DEBUG [backend.app.services.bambu_mqtt] [[SERIAL]] ams_status: 768 (main=3, sub=0)
2026-03-04 13:17:35,714 DEBUG [backend.app.services.bambu_mqtt] [[SERIAL]] Received command response: push_status
2026-03-04 13:17:35,714 DEBUG [backend.app.services.bambu_mqtt] [[SERIAL]] device.extruder.state=2 (switch_state bits 12-14: 0)
2026-03-04 13:17:35,714 DEBUG [backend.app.services.bambu_mqtt] [[SERIAL]] info.temp direct: 36°C (heater OFF)
2026-03-04 13:17:35,714 DEBUG [backend.app.services.bambu_mqtt] [[SERIAL]] ctc_info keys: ['temp']
2026-03-04 13:17:35,714 DEBUG [backend.app.services.bambu_mqtt] [[SERIAL]] Chamber heating calculated: target=0.0, current=36.0, heating=False, respect_local=False
2026-03-04 13:17:35,714 DEBUG [backend.app.services.bambu_mqtt] [[SERIAL]] Chamber temp updated to: 36.0, target: 0.0, heating: False
2026-03-04 13:17:35,714 DEBUG [backend.app.services.bambu_mqtt] [[SERIAL]] HMS data received: [{'attr': 201326848, 'code': 131099}]
2026-03-04 13:17:35,714 DEBUG [backend.app.services.bambu_mqtt] [[SERIAL]] ipcam field: {'agora_service': 'disable', 'brtc_service': 'enable', 'bs_state': 0, 'ipcam_dev': '1', 'ipcam_record': 'enable', 'laser_preview_res': 5, 'mode_bits': 2, 'resolution': '1080p', 'rtsp_url': 'rtsps://[IP]:322/streaming/live/1', 'timelapse': 'enable', 'tl_store_hpd_type': 2, 'tl_store_path_type': 2, 'tutk_server': 'disable'}
2026-03-04 13:17:35,714 DEBUG [backend.app.services.bambu_mqtt] [[SERIAL]] Timelapse detected during print (from ipcam)
2026-03-04 13:17:35,714 DEBUG [backend.app.services.bambu_mqtt] [[SERIAL]] wifi_signal received: -49dBm
2026-03-04 13:17:35,714 DEBUG [backend.app.services.bambu_mqtt] [[SERIAL]] lights_report: [{'mode': 'on', 'node': 'chamber_light'}, {'mode': 'flashing', 'node': 'work_light'}, {'mode': 'on', 'node': 'chamber_light2'}]
2026-03-04 13:17:35,714 DEBUG [backend.app.services.bambu_mqtt] [[SERIAL]] MQTT mapping field: [257, 515]
2026-03-04 13:17:35,714 DEBUG [backend.app.services.bambu_mqtt] [[SERIAL]] gcode_state: RUNNING -> RUNNING, file: /data/Metadata/plate_1.gcode, subtask: Spoolbuddy_V2_01
2026-03-04 13:17:36,375 INFO [backend.app.api.routes.camera] Camera stream cancelled (stream_id=1-6d91c07e)
2026-03-04 13:17:36,375 INFO [backend.app.api.routes.camera] Terminating ffmpeg process for stream 1-6d91c07e
2026-03-04 13:17:36,375 INFO [backend.app.api.routes.camera] Stream 1-6d91c07e cancelled
2026-03-04 13:17:36,390 INFO [backend.app.api.routes.camera] Stopped 0 camera stream(s) for printer 1
2026-03-04 13:17:37,082 DEBUG [backend.app.services.bambu_mqtt] [[SERIAL]] Found xcam inside print data: {'allow_skip_parts': False, 'buildplate_marker_detector': False, 'cfg': 224677, 'first_layer_inspector': False, 'halt_print_sensitivity': 'medium', 'print_halt': True, 'printing_monitor': True, 'spaghetti_detector': True}
2026-03-04 13:17:37,082 DEBUG [backend.app.services.bambu_mqtt] [[SERIAL]] Parsing xcam data - all fields: ['allow_skip_parts', 'buildplate_marker_detector', 'cfg', 'first_layer_inspector', 'halt_print_sensitivity', 'print_halt', 'printing_monitor', 'spaghetti_detector']
2026-03-04 13:17:37,082 DEBUG [backend.app.services.bambu_mqtt] [[SERIAL]] xcam cfg bitmask: 224677 (binary: 0b110110110110100101)
2026-03-04 13:17:37,082 DEBUG [backend.app.services.bambu_mqtt] [[SERIAL]] Received gcode_state: RUNNING, gcode_file: /data/Metadata/plate_1.gcode, subtask_name: Spoolbuddy_V2_01
2026-03-04 13:17:37,082 DEBUG [backend.app.services.bambu_mqtt] [[SERIAL]] AMS dict fields: {'ams_exist_bits': '17', 'ams_exist_bits_raw': '17', 'cali_id': 255, 'cali_stat': 0, 'insert_flag': True, 'power_on_flag': False, 'tray_exist_bits': '10fff', 'tray_is_bbl_bits': 'fff', 'tray_now': '1', 'tray_pre': '1', 'tray_read_done_bits': '10fff', 'tray_reading_bits': '0', 'tray_tar': '1', 'unbind_ams_stat': 0, 'version': 12617}
2026-03-04 13:17:37,082 DEBUG [backend.app.services.bambu_mqtt] [[SERIAL]] tray_now updated: 5
2026-03-04 13:17:37,082 DEBUG [backend.app.services.bambu_mqtt] [[SERIAL]] Merged AMS data: 4 new units, 4 total
2026-03-04 13:17:37,082 DEBUG [backend.app.services.bambu_mqtt] [[SERIAL]] AMS 0 info=2103 (bit8=0) -> extruder 1
2026-03-04 13:17:37,082 DEBUG [backend.app.services.bambu_mqtt] [[SERIAL]] AMS 1 info=2003 (bit8=1) -> extruder 0
2026-03-04 13:17:37,082 DEBUG [backend.app.services.bambu_mqtt] [[SERIAL]] AMS 2 info=1101 (bit8=0) -> extruder 1
2026-03-04 13:17:37,082 DEBUG [backend.app.services.bambu_mqtt] [[SERIAL]] AMS 128 info=2004 (bit8=1) -> extruder 0
2026-03-04 13:17:37,082 DEBUG [backend.app.services.bambu_mqtt] [[SERIAL]] ams_extruder_map: {'0': 1, '1': 0, '2': 1, '128': 0}
2026-03-04 13:17:37,083 DEBUG [backend.app.services.bambu_mqtt] [[SERIAL]] ams_status: 768 (main=3, sub=0)
2026-03-04 13:17:37,083 DEBUG [backend.app.services.bambu_mqtt] [[SERIAL]] Received command response: push_status
2026-03-04 13:17:37,083 DEBUG [backend.app.services.bambu_mqtt] [[SERIAL]] device.extruder.state=2 (switch_state bits 12-14: 0)
2026-03-04 13:17:37,083 DEBUG [backend.app.services.bambu_mqtt] [[SERIAL]] info.temp direct: 36°C (heater OFF)
2026-03-04 13:17:37,083 DEBUG [backend.app.services.bambu_mqtt] [[SERIAL]] ctc_info keys: ['temp']
2026-03-04 13:17:37,083 DEBUG [backend.app.services.bambu_mqtt] [[SERIAL]] Chamber heating calculated: target=0.0, current=36.0, heating=False, respect_local=False
2026-03-04 13:17:37,083 DEBUG [backend.app.services.bambu_mqtt] [[SERIAL]] Chamber temp updated to: 36.0, target: 0.0, heating: False
2026-03-04 13:17:37,083 DEBUG [backend.app.services.bambu_mqtt] [[SERIAL]] HMS data received: [{'attr': 201326848, 'code': 131099}]
2026-03-04 13:17:37,083 DEBUG [backend.app.services.bambu_mqtt] [[SERIAL]] ipcam field: {'agora_service': 'disable', 'brtc_service': 'enable', 'bs_state': 0, 'ipcam_dev': '1', 'ipcam_record': 'enable', 'laser_preview_res': 5, 'mode_bits': 2, 'resolution': '1080p', 'rtsp_url': 'rtsps://[IP]:322/streaming/live/1', 'timelapse': 'enable', 'tl_store_hpd_type': 2, 'tl_store_path_type': 2, 'tutk_server': 'disable'}
2026-03-04 13:17:37,083 DEBUG [backend.app.services.bambu_mqtt] [[SERIAL]] Timelapse detected during print (from ipcam)
2026-03-04 13:17:37,083 DEBUG [backend.app.services.bambu_mqtt] [[SERIAL]] wifi_signal received: -49dBm
2026-03-04 13:17:37,083 DEBUG [backend.app.services.bambu_mqtt] [[SERIAL]] lights_report: [{'mode': 'on', 'node': 'chamber_light'}, {'mode': 'flashing', 'node': 'work_light'}, {'mode': 'on', 'node': 'chamber_light2'}]
2026-03-04 13:17:37,083 DEBUG [backend.app.services.bambu_mqtt] [[SERIAL]] MQTT mapping field: [257, 515]
2026-03-04 13:17:37,084 DEBUG [backend.app.services.bambu_mqtt] [[SERIAL]] gcode_state: RUNNING -> RUNNING, file: /data/Metadata/plate_1.gcode, subtask: Spoolbuddy_V2_01
2026-03-04 13:17:37,835 DEBUG [backend.app.main] [[PRINTER]] Runtime tracking: added 30s, total=180521s (50.14h)
2026-03-04 13:17:37,835 DEBUG [backend.app.main] [[PRINTER]] Runtime tracking: not connected
2026-03-04 13:17:37,836 DEBUG [backend.app.main] Updated runtime for 1 printer(s)
2026-03-04 13:17:38,223 DEBUG [backend.app.services.bambu_mqtt] [[SERIAL]] Found xcam inside print data: {'allow_skip_parts': False, 'buildplate_marker_detector': False, 'cfg': 224677, 'first_layer_inspector': False, 'halt_print_sensitivity': 'medium', 'print_halt': True, 'printing_monitor': True, 'spaghetti_detector': True}
2026-03-04 13:17:38,223 DEBUG [backend.app.services.bambu_mqtt] [[SERIAL]] Parsing xcam data - all fields: ['allow_skip_parts', 'buildplate_marker_detector', 'cfg', 'first_layer_inspector', 'halt_print_sensitivity', 'print_halt', 'printing_monitor', 'spaghetti_detector']
2026-03-04 13:17:38,223 DEBUG [backend.app.services.bambu_mqtt] [[SERIAL]] xcam cfg bitmask: 224677 (binary: 0b110110110110100101)
2026-03-04 13:17:38,224 DEBUG [backend.app.services.bambu_mqtt] [[SERIAL]] Received gcode_state: RUNNING, gcode_file: /data/Metadata/plate_1.gcode, subtask_name: Spoolbuddy_V2_01
2026-03-04 13:17:38,224 DEBUG [backend.app.services.bambu_mqtt] [[SERIAL]] AMS dict fields: {'ams_exist_bits': '17', 'ams_exist_bits_raw': '17', 'cali_id': 255, 'cali_stat': 0, 'insert_flag': True, 'power_on_flag': False, 'tray_exist_bits': '10fff', 'tray_is_bbl_bits': 'fff', 'tray_now': '1', 'tray_pre': '1', 'tray_read_done_bits': '10fff', 'tray_reading_bits': '0', 'tray_tar': '1', 'unbind_ams_stat': 0, 'version': 12617}
2026-03-04 13:17:38,224 DEBUG [backend.app.services.bambu_mqtt] [[SERIAL]] tray_now updated: 5
2026-03-04 13:17:38,224 DEBUG [backend.app.services.bambu_mqtt] [[SERIAL]] Merged AMS data: 4 new units, 4 total
2026-03-04 13:17:38,224 DEBUG [backend.app.services.bambu_mqtt] [[SERIAL]] AMS 0 info=2103 (bit8=0) -> extruder 1
2026-03-04 13:17:38,224 DEBUG [backend.app.services.bambu_mqtt] [[SERIAL]] AMS 1 info=2003 (bit8=1) -> extruder 0
2026-03-04 13:17:38,225 DEBUG [backend.app.services.bambu_mqtt] [[SERIAL]] AMS 2 info=1101 (bit8=0) -> extruder 1
2026-03-04 13:17:38,225 DEBUG [backend.app.services.bambu_mqtt] [[SERIAL]] AMS 128 info=2004 (bit8=1) -> extruder 0
2026-03-04 13:17:38,225 DEBUG [backend.app.services.bambu_mqtt] [[SERIAL]] ams_extruder_map: {'0': 1, '1': 0, '2': 1, '128': 0}
2026-03-04 13:17:38,225 DEBUG [backend.app.services.bambu_mqtt] [[SERIAL]] ams_status: 768 (main=3, sub=0)
2026-03-04 13:17:38,225 DEBUG [backend.app.services.bambu_mqtt] [[SERIAL]] Received command response: push_status
2026-03-04 13:17:38,225 DEBUG [backend.app.services.bambu_mqtt] [[SERIAL]] device.extruder.state=2 (switch_state bits 12-14: 0)
2026-03-04 13:17:38,225 DEBUG [backend.app.services.bambu_mqtt] [[SERIAL]] info.temp direct: 36°C (heater OFF)
2026-03-04 13:17:38,225 DEBUG [backend.app.services.bambu_mqtt] [[SERIAL]] ctc_info keys: ['temp']
2026-03-04 13:17:38,226 DEBUG [backend.app.services.bambu_mqtt] [[SERIAL]] Chamber heating calculated: target=0.0, current=36.0, heating=False, respect_local=False
2026-03-04 13:17:38,226 DEBUG [backend.app.services.bambu_mqtt] [[SERIAL]] Chamber temp updated to: 36.0, target: 0.0, heating: False
2026-03-04 13:17:38,226 DEBUG [backend.app.services.bambu_mqtt] [[SERIAL]] HMS data received: [{'attr': 201326848, 'code': 131099}]
2026-03-04 13:17:38,227 DEBUG [backend.app.services.bambu_mqtt] [[SERIAL]] ipcam field: {'agora_service': 'disable', 'brtc_service': 'enable', 'bs_state': 0, 'ipcam_dev': '1', 'ipcam_record': 'enable', 'laser_preview_res': 5, 'mode_bits': 2, 'resolution': '1080p', 'rtsp_url': 'rtsps://[IP]:322/streaming/live/1', 'timelapse': 'enable', 'tl_store_hpd_type': 2, 'tl_store_path_type': 2, 'tutk_server': 'disable'}
2026-03-04 13:17:38,227 DEBUG [backend.app.services.bambu_mqtt] [[SERIAL]] Timelapse detected during print (from ipcam)
2026-03-04 13:17:38,227 DEBUG [backend.app.services.bambu_mqtt] [[SERIAL]] wifi_signal received: -49dBm
2026-03-04 13:17:38,227 DEBUG [backend.app.services.bambu_mqtt] [[SERIAL]] lights_report: [{'mode': 'on', 'node': 'chamber_light'}, {'mode': 'flashing', 'node': 'work_light'}, {'mode': 'on', 'node': 'chamber_light2'}]
2026-03-04 13:17:38,227 DEBUG [backend.app.services.bambu_mqtt] [[SERIAL]] MQTT mapping field: [257, 515]
2026-03-04 13:17:38,227 DEBUG [backend.app.services.bambu_mqtt] [[SERIAL]] gcode_state: RUNNING -> RUNNING, file: /data/Metadata/plate_1.gcode, subtask: Spoolbuddy_V2_01
2026-03-04 13:17:39,222 DEBUG [backend.app.services.bambu_mqtt] [[SERIAL]] Found xcam inside print data: {'allow_skip_parts': False, 'buildplate_marker_detector': False, 'cfg': 224677, 'first_layer_inspector': False, 'halt_print_sensitivity': 'medium', 'print_halt': True, 'printing_monitor': True, 'spaghetti_detector': True}
2026-03-04 13:17:39,223 DEBUG [backend.app.services.bambu_mqtt] [[SERIAL]] Parsing xcam data - all fields: ['allow_skip_parts', 'buildplate_marker_detector', 'cfg', 'first_layer_inspector', 'halt_print_sensitivity', 'print_halt', 'printing_monitor', 'spaghetti_detector']
2026-03-04 13:17:39,223 DEBUG [backend.app.services.bambu_mqtt] [[SERIAL]] xcam cfg bitmask: 224677 (binary: 0b110110110110100101)
2026-03-04 13:17:39,223 DEBUG [backend.app.services.bambu_mqtt] [[SERIAL]] Received gcode_state: RUNNING, gcode_file: /data/Metadata/plate_1.gcode, subtask_name: Spoolbuddy_V2_01
2026-03-04 13:17:39,223 DEBUG [backend.app.services.bambu_mqtt] [[SERIAL]] AMS dict fields: {'ams_exist_bits': '17', 'ams_exist_bits_raw': '17', 'cali_id': 255, 'cali_stat': 0, 'insert_flag': True, 'power_on_flag': False, 'tray_exist_bits': '10fff', 'tray_is_bbl_bits': 'fff', 'tray_now': '1', 'tray_pre': '1', 'tray_read_done_bits': '10fff', 'tray_reading_bits': '0', 'tray_tar': '1', 'unbind_ams_stat': 0, 'version': 12617}
2026-03-04 13:17:39,223 DEBUG [backend.app.services.bambu_mqtt] [[SERIAL]] tray_now updated: 5
2026-03-04 13:17:39,223 DEBUG [backend.app.services.bambu_mqtt] [[SERIAL]] Merged AMS data: 4 new units, 4 total
2026-03-04 13:17:39,223 DEBUG [backend.app.services.bambu_mqtt] [[SERIAL]] AMS 0 info=2103 (bit8=0) -> extruder 1
2026-03-04 13:17:39,223 DEBUG [backend.app.services.bambu_mqtt] [[SERIAL]] AMS 1 info=2003 (bit8=1) -> extruder 0
2026-03-04 13:17:39,223 DEBUG [backend.app.services.bambu_mqtt] [[SERIAL]] AMS 2 info=1101 (bit8=0) -> extruder 1
2026-03-04 13:17:39,223 DEBUG [backend.app.services.bambu_mqtt] [[SERIAL]] AMS 128 info=2004 (bit8=1) -> extruder 0
2026-03-04 13:17:39,223 DEBUG [backend.app.services.bambu_mqtt] [[SERIAL]] ams_extruder_map: {'0': 1, '1': 0, '2': 1, '128': 0}
2026-03-04 13:17:39,223 DEBUG [backend.app.services.bambu_mqtt] [[SERIAL]] ams_status: 768 (main=3, sub=0)
2026-03-04 13:17:39,223 DEBUG [backend.app.services.bambu_mqtt] [[SERIAL]] Received command response: push_status
2026-03-04 13:17:39,224 DEBUG [backend.app.services.bambu_mqtt] [[SERIAL]] device.extruder.state=2 (switch_state bits 12-14: 0)
2026-03-04 13:17:39,224 DEBUG [backend.app.services.bambu_mqtt] [[SERIAL]] info.temp direct: 36°C (heater OFF)
2026-03-04 13:17:39,224 DEBUG [backend.app.services.bambu_mqtt] [[SERIAL]] ctc_info keys: ['temp']
2026-03-04 13:17:39,224 DEBUG [backend.app.services.bambu_mqtt] [[SERIAL]] Chamber heating calculated: target=0.0, current=36.0, heating=False, respect_local=False
2026-03-04 13:17:39,224 DEBUG [backend.app.services.bambu_mqtt] [[SERIAL]] Chamber temp updated to: 36.0, target: 0.0, heating: False
2026-03-04 13:17:39,224 DEBUG [backend.app.services.bambu_mqtt] [[SERIAL]] HMS data received: [{'attr': 201326848, 'code': 131099}]
2026-03-04 13:17:39,224 DEBUG [backend.app.services.bambu_mqtt] [[SERIAL]] ipcam field: {'agora_service': 'disable', 'brtc_service': 'enable', 'bs_state': 0, 'ipcam_dev': '1', 'ipcam_record': 'enable', 'laser_preview_res': 5, 'mode_bits': 2, 'resolution': '1080p', 'rtsp_url': 'rtsps://[IP]:322/streaming/live/1', 'timelapse': 'enable', 'tl_store_hpd_type': 2, 'tl_store_path_type': 2, 'tutk_server': 'disable'}
2026-03-04 13:17:39,224 DEBUG [backend.app.services.bambu_mqtt] [[SERIAL]] Timelapse detected during print (from ipcam)
2026-03-04 13:17:39,224 DEBUG [backend.app.services.bambu_mqtt] [[SERIAL]] wifi_signal received: -49dBm
2026-03-04 13:17:39,224 DEBUG [backend.app.services.bambu_mqtt] [[SERIAL]] lights_report: [{'mode': 'on', 'node': 'chamber_light'}, {'mode': 'flashing', 'node': 'work_light'}, {'mode': 'on', 'node': 'chamber_light2'}]
2026-03-04 13:17:39,224 DEBUG [backend.app.services.bambu_mqtt] [[SERIAL]] MQTT mapping field: [257, 515]
2026-03-04 13:17:39,224 DEBUG [backend.app.services.bambu_mqtt] [[SERIAL]] gcode_state: RUNNING -> RUNNING, file: /data/Metadata/plate_1.gcode, subtask: Spoolbuddy_V2_01
2026-03-04 13:17:39,508 INFO [backend.app.api.routes.support] Log level changed to INFO
2026-03-04 13:17:40,999 INFO [backend.app.api.routes.camera] Using RTSP protocol for H2D
2026-03-04 13:17:41,000 INFO [backend.app.api.routes.camera] Starting RTSP camera stream for [IP] (stream_id=1-f3bb4deb, model=H2D, fps=15)
2026-03-04 13:17:42,643 INFO [backend.app.api.routes.websocket] WebSocket client disconnected normally
2026-03-04 13:17:42,645 INFO [backend.app.api.routes.camera] Camera stream cancelled (stream_id=1-f3bb4deb)
2026-03-04 13:17:42,646 INFO [backend.app.api.routes.camera] Terminating ffmpeg process for stream 1-f3bb4deb
2026-03-04 13:17:42,646 INFO [backend.app.api.routes.camera] Stream 1-f3bb4deb cancelled
2026-03-04 13:17:42,832 INFO [backend.app.api.routes.camera] Using RTSP protocol for H2D
2026-03-04 13:17:42,832 INFO [backend.app.api.routes.camera] Starting RTSP camera stream for [IP] (stream_id=1-ebd19780, model=H2D, fps=15)
2026-03-04 13:17:42,857 INFO [backend.app.api.routes.websocket] WebSocket client connecting...
2026-03-04 13:17:42,858 INFO [backend.app.api.routes.websocket] WebSocket client connected
2026-03-04 13:17:42,859 INFO [backend.app.api.routes.websocket] Sent initial status for 2 printers
2026-03-04 13:17:43,054 INFO [backend.app.api.routes.cloud] get_filament_info called with 7 IDs: ['GFG02', 'GFA06', 'GFA00', 'GFA02', 'P8aa1726', 'GFL05', 'P8a85d5a']
2026-03-04 13:17:43,206 INFO [backend.app.api.routes.printers] Detected plate number 1 from gcode_file: /data/Metadata/plate_1.gcode
2026-03-04 13:17:43,419 INFO [backend.app.api.routes.websocket] WebSocket client disconnected normally
2026-03-04 13:17:43,421 INFO [backend.app.api.routes.camera] Camera stream cancelled (stream_id=1-ebd19780)
2026-03-04 13:17:43,421 INFO [backend.app.api.routes.camera] Terminating ffmpeg process for stream 1-ebd19780
2026-03-04 13:17:43,421 INFO [backend.app.api.routes.camera] Stream 1-ebd19780 cancelled
2026-03-04 13:17:43,611 INFO [backend.app.api.routes.camera] Using RTSP protocol for H2D
2026-03-04 13:17:43,612 INFO [backend.app.api.routes.camera] Starting RTSP camera stream for [IP] (stream_id=1-c3b8e603, model=H2D, fps=15)
2026-03-04 13:17:43,639 INFO [backend.app.api.routes.websocket] WebSocket client connecting...
2026-03-04 13:17:43,640 INFO [backend.app.api.routes.websocket] WebSocket client connected
2026-03-04 13:17:43,640 INFO [backend.app.api.routes.websocket] Sent initial status for 2 printers
2026-03-04 13:17:43,857 INFO [backend.app.api.routes.cloud] get_filament_info called with 7 IDs: ['GFG02', 'GFA06', 'GFA00', 'GFA02', 'P8aa1726', 'GFL05', 'P8a85d5a']
2026-03-04 13:17:43,990 INFO [backend.app.api.routes.printers] Detected plate number 1 from gcode_file: /data/Metadata/plate_1.gcode
2026-03-04 13:17:52,833 INFO [backend.app.api.routes.camera] Killing orphaned ffmpeg process found via /proc (pid=610481)
2026-03-04 13:17:52,833 INFO [backend.app.api.routes.camera] Killing orphaned ffmpeg process found via /proc (pid=610556)
2026-03-04 13:17:52,833 INFO [backend.app.api.routes.camera] Killing orphaned ffmpeg process found via /proc (pid=610650)
2026-03-04 13:17:52,833 INFO [backend.app.api.routes.camera] Cleaned up 3 orphaned camera stream(s)