2026-03-16 07:40:58,416 INFO [backend.app.main] Recorded 1 AMS sensor history entries
2026-03-16 07:45:58,422 INFO [backend.app.main] Recorded 1 AMS sensor history entries
2026-03-16 07:50:58,428 INFO [backend.app.main] Recorded 1 AMS sensor history entries
2026-03-16 07:55:58,448 INFO [backend.app.main] Recorded 1 AMS sensor history entries
2026-03-16 08:00:58,453 INFO [backend.app.main] Recorded 1 AMS sensor history entries
2026-03-16 08:05:58,469 INFO [backend.app.main] Recorded 1 AMS sensor history entries
2026-03-16 08:10:58,474 INFO [backend.app.main] Recorded 1 AMS sensor history entries
2026-03-16 08:15:58,479 INFO [backend.app.main] Recorded 1 AMS sensor history entries
2026-03-16 08:20:58,484 INFO [backend.app.main] Recorded 1 AMS sensor history entries
2026-03-16 08:25:58,490 INFO [backend.app.main] Recorded 1 AMS sensor history entries
2026-03-16 08:30:58,495 INFO [backend.app.main] Recorded 1 AMS sensor history entries
2026-03-16 08:35:58,501 INFO [backend.app.main] Recorded 1 AMS sensor history entries
2026-03-16 08:40:58,507 INFO [backend.app.main] Recorded 1 AMS sensor history entries
2026-03-16 08:45:58,511 INFO [backend.app.main] Recorded 1 AMS sensor history entries
2026-03-16 08:50:58,525 INFO [backend.app.main] Recorded 1 AMS sensor history entries
2026-03-16 08:55:58,530 INFO [backend.app.main] Recorded 1 AMS sensor history entries
2026-03-16 09:00:59,158 INFO [backend.app.main] Recorded 1 AMS sensor history entries
2026-03-16 09:05:59,166 INFO [backend.app.main] Recorded 1 AMS sensor history entries
2026-03-16 09:10:59,171 INFO [backend.app.main] Recorded 1 AMS sensor history entries
2026-03-16 09:15:59,176 INFO [backend.app.main] Recorded 1 AMS sensor history entries
2026-03-16 09:20:59,188 INFO [backend.app.main] Recorded 1 AMS sensor history entries
2026-03-16 09:25:59,194 INFO [backend.app.main] Recorded 1 AMS sensor history entries
2026-03-16 09:30:59,201 INFO [backend.app.main] Recorded 1 AMS sensor history entries
2026-03-16 09:35:59,206 INFO [backend.app.main] Recorded 1 AMS sensor history entries
2026-03-16 09:40:59,222 INFO [backend.app.main] Recorded 1 AMS sensor history entries
2026-03-16 09:45:59,228 INFO [backend.app.main] Recorded 1 AMS sensor history entries
2026-03-16 09:50:59,245 INFO [backend.app.main] Recorded 1 AMS sensor history entries
2026-03-16 09:55:59,256 INFO [backend.app.main] Recorded 1 AMS sensor history entries
2026-03-16 10:00:59,267 INFO [backend.app.main] Recorded 1 AMS sensor history entries
2026-03-16 10:05:59,274 INFO [backend.app.main] Recorded 1 AMS sensor history entries
2026-03-16 10:10:59,286 INFO [backend.app.main] Recorded 1 AMS sensor history entries
2026-03-16 10:15:59,298 INFO [backend.app.main] Recorded 1 AMS sensor history entries
2026-03-16 10:20:59,304 INFO [backend.app.main] Recorded 1 AMS sensor history entries
2026-03-16 10:25:59,321 INFO [backend.app.main] Recorded 1 AMS sensor history entries
2026-03-16 10:30:59,327 INFO [backend.app.main] Recorded 1 AMS sensor history entries
2026-03-16 10:35:59,333 INFO [backend.app.main] Recorded 1 AMS sensor history entries
2026-03-16 10:40:59,338 INFO [backend.app.main] Recorded 1 AMS sensor history entries
2026-03-16 10:45:59,343 INFO [backend.app.main] Recorded 1 AMS sensor history entries
2026-03-16 10:50:59,349 INFO [backend.app.main] Recorded 1 AMS sensor history entries
2026-03-16 10:55:59,368 INFO [backend.app.main] Recorded 1 AMS sensor history entries
2026-03-16 11:00:59,373 INFO [backend.app.main] Recorded 1 AMS sensor history entries
2026-03-16 11:05:59,381 INFO [backend.app.main] Recorded 1 AMS sensor history entries
2026-03-16 11:10:59,389 INFO [backend.app.main] Recorded 1 AMS sensor history entries
2026-03-16 11:15:59,395 INFO [backend.app.main] Recorded 1 AMS sensor history entries
2026-03-16 11:20:59,399 INFO [backend.app.main] Recorded 1 AMS sensor history entries
2026-03-16 11:25:59,404 INFO [backend.app.main] Recorded 1 AMS sensor history entries
2026-03-16 11:30:59,409 INFO [backend.app.main] Recorded 1 AMS sensor history entries
2026-03-16 11:35:59,423 INFO [backend.app.main] Recorded 1 AMS sensor history entries
2026-03-16 11:40:59,428 INFO [backend.app.main] Recorded 1 AMS sensor history entries
2026-03-16 11:45:59,434 INFO [backend.app.main] Recorded 1 AMS sensor history entries
2026-03-16 11:50:59,440 INFO [backend.app.main] Recorded 1 AMS sensor history entries
2026-03-16 11:55:59,445 INFO [backend.app.main] Recorded 1 AMS sensor history entries
2026-03-16 12:00:59,450 INFO [backend.app.main] Recorded 1 AMS sensor history entries
2026-03-16 12:05:59,455 INFO [backend.app.main] Recorded 1 AMS sensor history entries
2026-03-16 12:10:59,460 INFO [backend.app.main] Recorded 1 AMS sensor history entries
2026-03-16 12:15:59,466 INFO [backend.app.main] Recorded 1 AMS sensor history entries
2026-03-16 12:20:59,471 INFO [backend.app.main] Recorded 1 AMS sensor history entries
2026-03-16 12:25:59,491 INFO [backend.app.main] Recorded 1 AMS sensor history entries
2026-03-16 12:30:59,501 INFO [backend.app.main] Recorded 1 AMS sensor history entries
2026-03-16 12:35:59,506 INFO [backend.app.main] Recorded 1 AMS sensor history entries
2026-03-16 12:40:59,511 INFO [backend.app.main] Recorded 1 AMS sensor history entries
2026-03-16 12:41:03,806 INFO [root] Logging to file: /app/logs/bambuddy.log
2026-03-16 12:41:03,806 INFO [root] Bambuddy starting - debug=False, log_level=INFO
2026-03-16 12:41:04,907 INFO [backend.app.services.mqtt_relay] MQTT relay disabled
2026-03-16 12:41:05,696 WARNING [backend.app.services.bambu_mqtt] [[SERIAL]] MQTT disconnected: rc=Unspecified error, flags=DisconnectFlags(is_disconnect_packet_from_server=False)
2026-03-16 12:41:05,696 WARNING [backend.app.services.bambu_mqtt] [[SERIAL]] Disconnected shortly after request topic subscription. Disabling request topic for this printer.
2026-03-16 12:41:05,926 INFO [backend.app.services.background_dispatch] Background dispatch dispatcher started
2026-03-16 12:41:05,926 INFO [backend.app.services.smart_plug_manager] Smart plug scheduler started
2026-03-16 12:41:05,930 INFO [backend.app.services.print_scheduler] Print scheduler started
2026-03-16 12:41:05,933 INFO [backend.app.services.notification_service] Notification digest scheduler started
2026-03-16 12:41:05,933 INFO [backend.app.services.github_backup] Starting GitHub backup scheduler
2026-03-16 12:41:05,933 INFO [backend.app.main] AMS history recording started
2026-03-16 12:41:05,933 INFO [backend.app.main] Printer runtime tracking started
2026-03-16 12:41:05,933 INFO [backend.app.main] SpoolBuddy watchdog started
2026-03-16 12:41:05,933 INFO [backend.app.main] Camera stream cleanup started
2026-03-16 12:41:05,956 ERROR [backend.app.services.virtual_printer.manager] Cannot create directory /app/data/virtual_printer/uploads: Permission denied. For Docker: ensure the data volume is writable by the container user. For bare metal: run 'sudo chown -R $(whoami) /app/data/virtual_printer'
2026-03-16 12:41:05,956 ERROR [backend.app.services.virtual_printer.manager] Cannot create directory /app/data/virtual_printer/certs: Permission denied. For Docker: ensure the data volume is writable by the container user. For bare metal: run 'sudo chown -R $(whoami) /app/data/virtual_printer'
2026-03-16 12:41:05,961 INFO [root] Virtual printer manager synced from database
2026-03-16 12:41:07,606 INFO [backend.app.services.bambu_mqtt] [[SERIAL]] Firmware version: 01.09.00.00
2026-03-16 12:41:07,607 INFO [backend.app.main] [Printer 1] Broadcasting AMS change via WebSocket
2026-03-16 12:41:15,964 INFO [backend.app.main] Recorded 1 AMS sensor history entries
2026-03-16 12:46:15,969 INFO [backend.app.main] Recorded 1 AMS sensor history entries
2026-03-16 12:51:15,973 INFO [backend.app.main] Recorded 1 AMS sensor history entries
2026-03-16 12:56:15,980 INFO [backend.app.main] Recorded 1 AMS sensor history entries
2026-03-16 13:01:15,985 INFO [backend.app.main] Recorded 1 AMS sensor history entries
2026-03-16 13:06:15,988 INFO [backend.app.main] Recorded 1 AMS sensor history entries
2026-03-16 13:11:15,994 INFO [backend.app.main] Recorded 1 AMS sensor history entries
2026-03-16 13:16:15,998 INFO [backend.app.main] Recorded 1 AMS sensor history entries
2026-03-16 13:21:16,002 INFO [backend.app.main] Recorded 1 AMS sensor history entries
2026-03-16 13:26:16,007 INFO [backend.app.main] Recorded 1 AMS sensor history entries
2026-03-16 13:31:16,011 INFO [backend.app.main] Recorded 1 AMS sensor history entries
2026-03-16 13:36:16,015 INFO [backend.app.main] Recorded 1 AMS sensor history entries
2026-03-16 13:41:16,020 INFO [backend.app.main] Recorded 1 AMS sensor history entries
2026-03-16 13:46:16,028 INFO [backend.app.main] Recorded 1 AMS sensor history entries
2026-03-16 13:51:16,032 INFO [backend.app.main] Recorded 1 AMS sensor history entries
2026-03-16 13:56:16,037 INFO [backend.app.main] Recorded 1 AMS sensor history entries
2026-03-16 14:01:16,043 INFO [backend.app.main] Recorded 1 AMS sensor history entries
2026-03-16 14:06:16,047 INFO [backend.app.main] Recorded 1 AMS sensor history entries
2026-03-16 14:11:16,051 INFO [backend.app.main] Recorded 1 AMS sensor history entries
2026-03-16 14:16:16,055 INFO [backend.app.main] Recorded 1 AMS sensor history entries
2026-03-16 14:21:16,060 INFO [backend.app.main] Recorded 1 AMS sensor history entries
2026-03-16 14:26:16,064 INFO [backend.app.main] Recorded 1 AMS sensor history entries
2026-03-16 14:31:16,069 INFO [backend.app.main] Recorded 1 AMS sensor history entries
2026-03-16 14:36:16,073 INFO [backend.app.main] Recorded 1 AMS sensor history entries
2026-03-16 14:41:16,077 INFO [backend.app.main] Recorded 1 AMS sensor history entries
2026-03-16 14:46:16,083 INFO [backend.app.main] Recorded 1 AMS sensor history entries
2026-03-16 14:51:16,089 INFO [backend.app.main] Recorded 1 AMS sensor history entries
2026-03-16 14:56:16,093 INFO [backend.app.main] Recorded 1 AMS sensor history entries
2026-03-16 15:01:16,098 INFO [backend.app.main] Recorded 1 AMS sensor history entries
2026-03-16 15:06:16,103 INFO [backend.app.main] Recorded 1 AMS sensor history entries
2026-03-16 15:11:16,108 INFO [backend.app.main] Recorded 1 AMS sensor history entries
2026-03-16 15:16:16,113 INFO [backend.app.main] Recorded 1 AMS sensor history entries
2026-03-16 15:21:16,117 INFO [backend.app.main] Recorded 1 AMS sensor history entries
2026-03-16 15:26:16,122 INFO [backend.app.main] Recorded 1 AMS sensor history entries
2026-03-16 15:31:16,127 INFO [backend.app.main] Recorded 1 AMS sensor history entries
2026-03-16 15:36:16,133 INFO [backend.app.main] Recorded 1 AMS sensor history entries
2026-03-16 15:41:16,138 INFO [backend.app.main] Recorded 1 AMS sensor history entries
2026-03-16 15:46:16,142 INFO [backend.app.main] Recorded 1 AMS sensor history entries
2026-03-16 15:51:16,147 INFO [backend.app.main] Recorded 1 AMS sensor history entries
2026-03-16 15:56:16,151 INFO [backend.app.main] Recorded 1 AMS sensor history entries
2026-03-16 16:01:16,156 INFO [backend.app.main] Recorded 1 AMS sensor history entries
2026-03-16 16:06:16,161 INFO [backend.app.main] Recorded 1 AMS sensor history entries
2026-03-16 16:11:16,170 INFO [backend.app.main] Recorded 1 AMS sensor history entries
2026-03-16 16:16:16,175 INFO [backend.app.main] Recorded 1 AMS sensor history entries
2026-03-16 16:21:16,179 INFO [backend.app.main] Recorded 1 AMS sensor history entries
2026-03-16 16:26:16,183 INFO [backend.app.main] Recorded 1 AMS sensor history entries
2026-03-16 16:31:16,188 INFO [backend.app.main] Recorded 1 AMS sensor history entries
2026-03-16 16:36:16,195 INFO [backend.app.main] Recorded 1 AMS sensor history entries
2026-03-16 16:41:16,200 INFO [backend.app.main] Recorded 1 AMS sensor history entries
2026-03-16 16:43:57,450 INFO [backend.app.api.routes.websocket] WebSocket client connecting...
2026-03-16 16:43:57,450 INFO [backend.app.api.routes.websocket] WebSocket client connected
2026-03-16 16:43:57,451 INFO [backend.app.api.routes.websocket] Sent initial status for 1 printers
2026-03-16 16:43:58,091 INFO [backend.app.api.routes.cloud] get_filament_info called with 3 IDs: ['GFL03', 'GFL99', 'GFG99']
2026-03-16 16:43:58,211 INFO [backend.app.services.firmware_check] Got Bambu Lab build ID: HWv0JsiNmBdIFJS8jobY-
2026-03-16 16:44:05,672 INFO [backend.app.api.routes.camera] Using chamber image protocol for P1P
2026-03-16 16:44:05,673 INFO [backend.app.api.routes.camera] Starting chamber image stream for [IP] (stream_id=1-c719ca32, model=P1P)
2026-03-16 16:44:10,119 INFO [backend.app.services.bambu_mqtt] [[SERIAL]] Set chamber lights on (seq=6)
2026-03-16 16:44:15,674 ERROR [backend.app.services.camera] Chamber image: failed to connect to [IP]:6000: 
2026-03-16 16:44:15,674 ERROR [backend.app.api.routes.camera] Failed to connect to chamber image stream for [IP]
2026-03-16 16:44:15,722 INFO [backend.app.api.routes.camera] Using chamber image protocol for P1P
2026-03-16 16:44:15,722 INFO [backend.app.api.routes.camera] Starting chamber image stream for [IP] (stream_id=1-2ad7c71f, model=P1P)
2026-03-16 16:44:17,724 INFO [backend.app.api.routes.camera] Using chamber image protocol for P1P
2026-03-16 16:44:17,724 INFO [backend.app.api.routes.camera] Starting chamber image stream for [IP] (stream_id=1-3a5608b8, model=P1P)
2026-03-16 16:44:21,731 INFO [backend.app.api.routes.camera] Using chamber image protocol for P1P
2026-03-16 16:44:21,731 INFO [backend.app.api.routes.camera] Starting chamber image stream for [IP] (stream_id=1-2de52c74, model=P1P)
2026-03-16 16:44:22,882 INFO [backend.app.services.bambu_mqtt] [[SERIAL]] Set chamber lights off (seq=8)
2026-03-16 16:44:23,668 INFO [backend.app.api.routes.camera] Stopped 0 camera stream(s) for printer 1
2026-03-16 16:44:25,724 ERROR [backend.app.services.camera] Chamber image: failed to connect to [IP]:6000: 
2026-03-16 16:44:25,724 ERROR [backend.app.api.routes.camera] Failed to connect to chamber image stream for [IP]
2026-03-16 16:44:27,726 ERROR [backend.app.services.camera] Chamber image: failed to connect to [IP]:6000: 
2026-03-16 16:44:27,726 ERROR [backend.app.api.routes.camera] Failed to connect to chamber image stream for [IP]
2026-03-16 16:44:31,732 ERROR [backend.app.services.camera] Chamber image: failed to connect to [IP]:6000: 
2026-03-16 16:44:31,732 ERROR [backend.app.api.routes.camera] Failed to connect to chamber image stream for [IP]
2026-03-16 16:44:52,089 INFO [backend.app.api.routes.support] Log level changed to DEBUG
2026-03-16 16:44:52,089 INFO [backend.app.api.routes.bug_report] Bug report: temporarily enabled debug logging
2026-03-16 16:44:52,089 DEBUG [backend.app.services.bambu_mqtt] [[SERIAL]] Requesting status update (pushall)
2026-03-16 16:44:52,223 DEBUG [backend.app.services.bambu_mqtt] [[SERIAL]] Received gcode_state: FINISH, gcode_file: , subtask_name: Sword Wall Mount - Colors 80mm Wide
2026-03-16 16:44:52,223 DEBUG [backend.app.services.bambu_mqtt] [[SERIAL]] AMS dict fields: {'ams_exist_bits': '1', 'tray_exist_bits': 'f', 'tray_is_bbl_bits': 'f', 'tray_tar': '255', 'tray_now': '255', 'tray_pre': '255', 'tray_read_done_bits': 'f', 'tray_reading_bits': '0', 'version': 6, 'insert_flag': True, 'power_on_flag': False}
2026-03-16 16:44:52,223 DEBUG [backend.app.services.bambu_mqtt] [[SERIAL]] tray_now updated: 255
2026-03-16 16:44:52,223 DEBUG [backend.app.services.bambu_mqtt] [[SERIAL]] Merged AMS data: 1 new units, 1 total
2026-03-16 16:44:52,223 DEBUG [backend.app.services.bambu_mqtt] [[SERIAL]] AMS 0 info=0x1001 -> extruder 0
2026-03-16 16:44:52,224 DEBUG [backend.app.services.bambu_mqtt] [[SERIAL]] ams_extruder_map: {'0': 0}
2026-03-16 16:44:52,224 DEBUG [backend.app.services.bambu_mqtt] [[SERIAL]] ams_status: 0 (main=0, sub=0)
2026-03-16 16:44:52,224 DEBUG [backend.app.services.bambu_mqtt] [[SERIAL]] Received command response: push_status
2026-03-16 16:44:52,224 DEBUG [backend.app.services.bambu_mqtt] [[SERIAL]] chamber_temper raw value: 5.0
2026-03-16 16:44:52,224 DEBUG [backend.app.services.bambu_mqtt] [[SERIAL]] chamber_temper direct value: 5.0°C (heater OFF)
2026-03-16 16:44:52,224 DEBUG [backend.app.services.bambu_mqtt] [[SERIAL]] Chamber heating calculated: target=0.0, current=5.0, heating=False, respect_local=False
2026-03-16 16:44:52,224 DEBUG [backend.app.services.bambu_mqtt] [[SERIAL]] Chamber temp updated to: 5.0, target: 0.0, heating: False
2026-03-16 16:44:52,224 DEBUG [backend.app.services.bambu_mqtt] [[SERIAL]] HMS data received: []
2026-03-16 16:44:52,224 DEBUG [backend.app.services.bambu_mqtt] [[SERIAL]] ipcam field: {'ipcam_dev': '1', 'ipcam_record': 'enable', 'timelapse': 'disable', 'resolution': '', 'tutk_server': 'disable', 'mode_bits': 3}
2026-03-16 16:44:52,224 DEBUG [backend.app.services.bambu_mqtt] [[SERIAL]] wifi_signal received: -53dBm
2026-03-16 16:44:52,224 DEBUG [backend.app.services.bambu_mqtt] [[SERIAL]] lights_report: [{'node': 'chamber_light', 'mode': 'off'}]
2026-03-16 16:44:52,225 DEBUG [backend.app.services.bambu_mqtt] [[SERIAL]] gcode_state: FINISH -> FINISH, file: , subtask: Sword Wall Mount - Colors 80mm Wide
2026-03-16 16:44:54,252 DEBUG [backend.app.services.bambu_mqtt] [[SERIAL]] Received command response: push_status
2026-03-16 16:44:56,258 DEBUG [backend.app.api.routes.printers] API returning ams_mapping: [], ams_extruder_map: {'0': 0}
2026-03-16 16:44:56,258 DEBUG [backend.app.api.routes.printers] Using tray_now directly as global ID: 255
2026-03-16 16:44:58,298 DEBUG [backend.app.services.bambu_mqtt] [[SERIAL]] Received command response: push_status
2026-03-16 16:45:00,331 DEBUG [backend.app.services.bambu_mqtt] [[SERIAL]] Received command response: push_status
2026-03-16 16:45:00,332 DEBUG [backend.app.services.bambu_mqtt] [[SERIAL]] wifi_signal received: -52dBm
2026-03-16 16:45:04,385 DEBUG [backend.app.services.bambu_mqtt] [[SERIAL]] Received command response: push_status
2026-03-16 16:45:04,385 DEBUG [backend.app.services.bambu_mqtt] [[SERIAL]] wifi_signal received: -53dBm
2026-03-16 16:45:08,458 DEBUG [backend.app.services.bambu_mqtt] [[SERIAL]] Merged AMS data: 1 new units, 1 total
2026-03-16 16:45:08,458 DEBUG [backend.app.services.bambu_mqtt] [[SERIAL]] AMS 0 info=0x1001 -> extruder 0
2026-03-16 16:45:08,458 DEBUG [backend.app.services.bambu_mqtt] [[SERIAL]] ams_extruder_map: {'0': 0}
2026-03-16 16:45:08,458 DEBUG [backend.app.services.bambu_mqtt] [[SERIAL]] Received command response: push_status
2026-03-16 16:45:08,458 DEBUG [backend.app.services.bambu_mqtt] [[SERIAL]] wifi_signal received: -56dBm
2026-03-16 16:45:10,539 DEBUG [backend.app.services.bambu_mqtt] [[SERIAL]] Merged AMS data: 1 new units, 1 total
2026-03-16 16:45:10,539 DEBUG [backend.app.services.bambu_mqtt] [[SERIAL]] AMS 0 info=0x1001 -> extruder 0
2026-03-16 16:45:10,539 DEBUG [backend.app.services.bambu_mqtt] [[SERIAL]] ams_extruder_map: {'0': 0}
2026-03-16 16:45:10,539 DEBUG [backend.app.services.bambu_mqtt] [[SERIAL]] Received command response: push_status
2026-03-16 16:45:10,539 DEBUG [backend.app.services.bambu_mqtt] [[SERIAL]] wifi_signal received: -53dBm
2026-03-16 16:45:12,582 DEBUG [backend.app.services.bambu_mqtt] [[SERIAL]] Merged AMS data: 1 new units, 1 total
2026-03-16 16:45:12,582 DEBUG [backend.app.services.bambu_mqtt] [[SERIAL]] AMS 0 info=0x1001 -> extruder 0
2026-03-16 16:45:12,582 DEBUG [backend.app.services.bambu_mqtt] [[SERIAL]] ams_extruder_map: {'0': 0}
2026-03-16 16:45:12,582 DEBUG [backend.app.services.bambu_mqtt] [[SERIAL]] Received command response: push_status
2026-03-16 16:45:16,634 DEBUG [backend.app.services.bambu_mqtt] [[SERIAL]] Received command response: push_status
2026-03-16 16:45:16,635 DEBUG [backend.app.services.bambu_mqtt] [[SERIAL]] wifi_signal received: -50dBm
2026-03-16 16:45:18,666 DEBUG [backend.app.services.bambu_mqtt] [[SERIAL]] Received command response: push_status
2026-03-16 16:45:18,666 DEBUG [backend.app.services.bambu_mqtt] [[SERIAL]] wifi_signal received: -53dBm
2026-03-16 16:45:20,696 DEBUG [backend.app.services.bambu_mqtt] [[SERIAL]] Received command response: push_status