Location: [IP]
NT: urn:bambulab-com:device:3dprinter:1
USN: [SERIAL]
Cache-Control: max-age=1800
DevModel.bambu.com: C12
DevName.bambu.com: Bambi
 - Proxy
DevSignal.bambu.com: -40
DevConnect.bambu.com: lan
DevBind.bambu.com: free
Devseclink.bambu.com: secure
DevVersion.bambu.com: 01.09.01.00
DevCap.bambu.com: 1


2026-03-20 19:26:08,324 DEBUG [backend.app.services.virtual_printer.ssdp_server] Broadcast SSDP for 'Bambi' on LAN B ([IP])
2026-03-20 19:26:09,465 DEBUG [backend.app.services.bambu_mqtt] [[SERIAL]] Received command response: push_status
2026-03-20 19:26:09,465 DEBUG [backend.app.services.bambu_mqtt] [[SERIAL]] wifi_signal received: -38dBm
2026-03-20 19:26:11,500 DEBUG [backend.app.services.bambu_mqtt] [[SERIAL]] Received command response: push_status
2026-03-20 19:26:11,501 DEBUG [backend.app.services.bambu_mqtt] [[SERIAL]] wifi_signal received: -39dBm
2026-03-20 19:26:13,143 DEBUG [backend.app.services.virtual_printer.ssdp_server] Received SSDP from printer [IP]: Bambi
2026-03-20 19:26:13,143 DEBUG [backend.app.services.virtual_printer.ssdp_server] Rewrote SSDP for proxy:
NOTIFY * HTTP/1.1
HOST: [IP]:1900
Server: UPnP/1.0
Location: [IP]
NT: urn:bambulab-com:device:3dprinter:1
USN: [SERIAL]
Cache-Control: max-age=1800
DevModel.bambu.com: C12
DevName.bambu.com: Bambi
 - Proxy
DevSignal.bambu.com: -41
DevConnect.bambu.com: lan
DevBind.bambu.com: free
Devseclink.bambu.com: secure
DevVersion.bambu.com: 01.09.01.00
DevCap.bambu.com: 1


2026-03-20 19:26:13,143 DEBUG [backend.app.services.virtual_printer.ssdp_server] Broadcast SSDP for 'Bambi' on LAN B ([IP])
2026-03-20 19:26:13,244 DEBUG [backend.app.services.virtual_printer.ssdp_server] Received SSDP from printer [IP]: Bambi
2026-03-20 19:26:13,244 DEBUG [backend.app.services.virtual_printer.ssdp_server] Rewrote SSDP for proxy:
NOTIFY * HTTP/1.1
HOST: [IP]:1900
Server: UPnP/1.0
Location: [IP]
NT: urn:bambulab-com:device:3dprinter:1
USN: [SERIAL]
Cache-Control: max-age=1800
DevModel.bambu.com: C12
DevName.bambu.com: Bambi
 - Proxy
DevSignal.bambu.com: -41
DevConnect.bambu.com: lan
DevBind.bambu.com: free
Devseclink.bambu.com: secure
DevVersion.bambu.com: 01.09.01.00
DevCap.bambu.com: 1


2026-03-20 19:26:13,244 DEBUG [backend.app.services.virtual_printer.ssdp_server] Broadcast SSDP for 'Bambi' on LAN B ([IP])
2026-03-20 19:26:13,344 DEBUG [backend.app.services.virtual_printer.ssdp_server] Received SSDP from printer [IP]: Bambi
2026-03-20 19:26:13,345 DEBUG [backend.app.services.virtual_printer.ssdp_server] Rewrote SSDP for proxy:
NOTIFY * HTTP/1.1
HOST: [IP]:1900
Server: UPnP/1.0
Location: [IP]
NT: urn:bambulab-com:device:3dprinter:1
USN: [SERIAL]
Cache-Control: max-age=1800
DevModel.bambu.com: C12
DevName.bambu.com: Bambi
 - Proxy
DevSignal.bambu.com: -41
DevConnect.bambu.com: lan
DevBind.bambu.com: free
Devseclink.bambu.com: secure
DevVersion.bambu.com: 01.09.01.00
DevCap.bambu.com: 1


2026-03-20 19:26:13,345 DEBUG [backend.app.services.virtual_printer.ssdp_server] Broadcast SSDP for 'Bambi' on LAN B ([IP])
2026-03-20 19:26:13,445 DEBUG [backend.app.services.virtual_printer.ssdp_server] Received SSDP from printer [IP]: Bambi
2026-03-20 19:26:13,445 DEBUG [backend.app.services.virtual_printer.ssdp_server] Rewrote SSDP for proxy:
NOTIFY * HTTP/1.1
HOST: [IP]:1900
Server: UPnP/1.0
Location: [IP]
NT: urn:bambulab-com:device:3dprinter:1
USN: [SERIAL]
Cache-Control: max-age=1800
DevModel.bambu.com: C12
DevName.bambu.com: Bambi
 - Proxy
DevSignal.bambu.com: -41
DevConnect.bambu.com: lan
DevBind.bambu.com: free
Devseclink.bambu.com: secure
DevVersion.bambu.com: 01.09.01.00
DevCap.bambu.com: 1


2026-03-20 19:26:13,446 DEBUG [backend.app.services.virtual_printer.ssdp_server] Broadcast SSDP for 'Bambi' on LAN B ([IP])
2026-03-20 19:26:13,529 DEBUG [backend.app.services.bambu_mqtt] [[SERIAL]] Received command response: push_status
2026-03-20 19:26:13,530 DEBUG [backend.app.services.bambu_mqtt] [[SERIAL]] wifi_signal received: -41dBm
2026-03-20 19:26:17,576 DEBUG [backend.app.services.bambu_mqtt] [[SERIAL]] Received command response: push_status
2026-03-20 19:26:17,576 DEBUG [backend.app.services.bambu_mqtt] [[SERIAL]] wifi_signal received: -40dBm
2026-03-20 19:26:19,607 DEBUG [backend.app.services.bambu_mqtt] [[SERIAL]] Received command response: push_status
2026-03-20 19:26:19,608 DEBUG [backend.app.services.bambu_mqtt] [[SERIAL]] wifi_signal received: -39dBm
2026-03-20 19:26:23,283 DEBUG [backend.app.services.virtual_printer.ssdp_server] Received SSDP from printer [IP]: Bambi
2026-03-20 19:26:23,284 DEBUG [backend.app.services.virtual_printer.ssdp_server] Rewrote SSDP for proxy:
NOTIFY * HTTP/1.1
HOST: [IP]:1900
Server: UPnP/1.0
Location: [IP]
NT: urn:bambulab-com:device:3dprinter:1
USN: [SERIAL]
Cache-Control: max-age=1800
DevModel.bambu.com: C12
DevName.bambu.com: Bambi
 - Proxy
DevSignal.bambu.com: -40
DevConnect.bambu.com: lan
DevBind.bambu.com: free
Devseclink.bambu.com: secure
DevVersion.bambu.com: 01.09.01.00
DevCap.bambu.com: 1


2026-03-20 19:26:23,284 DEBUG [backend.app.services.virtual_printer.ssdp_server] Broadcast SSDP for 'Bambi' on LAN B ([IP])
2026-03-20 19:26:23,384 DEBUG [backend.app.services.virtual_printer.ssdp_server] Received SSDP from printer [IP]: Bambi
2026-03-20 19:26:23,385 DEBUG [backend.app.services.virtual_printer.ssdp_server] Rewrote SSDP for proxy:
NOTIFY * HTTP/1.1
HOST: [IP]:1900
Server: UPnP/1.0
Location: [IP]
NT: urn:bambulab-com:device:3dprinter:1
USN: [SERIAL]
Cache-Control: max-age=1800
DevModel.bambu.com: C12
DevName.bambu.com: Bambi
 - Proxy
DevSignal.bambu.com: -40
DevConnect.bambu.com: lan
DevBind.bambu.com: free
Devseclink.bambu.com: secure
DevVersion.bambu.com: 01.09.01.00
DevCap.bambu.com: 1


2026-03-20 19:26:23,385 DEBUG [backend.app.services.virtual_printer.ssdp_server] Broadcast SSDP for 'Bambi' on LAN B ([IP])
2026-03-20 19:26:23,485 DEBUG [backend.app.services.virtual_printer.ssdp_server] Received SSDP from printer [IP]: Bambi
2026-03-20 19:26:23,486 DEBUG [backend.app.services.virtual_printer.ssdp_server] Rewrote SSDP for proxy:
NOTIFY * HTTP/1.1
HOST: [IP]:1900
Server: UPnP/1.0
Location: [IP]
NT: urn:bambulab-com:device:3dprinter:1
USN: [SERIAL]
Cache-Control: max-age=1800
DevModel.bambu.com: C12
DevName.bambu.com: Bambi
 - Proxy
DevSignal.bambu.com: -40
DevConnect.bambu.com: lan
DevBind.bambu.com: free
Devseclink.bambu.com: secure
DevVersion.bambu.com: 01.09.01.00
DevCap.bambu.com: 1


2026-03-20 19:26:23,486 DEBUG [backend.app.services.virtual_printer.ssdp_server] Broadcast SSDP for 'Bambi' on LAN B ([IP])
2026-03-20 19:26:23,586 DEBUG [backend.app.services.virtual_printer.ssdp_server] Received SSDP from printer [IP]: Bambi
2026-03-20 19:26:23,586 DEBUG [backend.app.services.virtual_printer.ssdp_server] Rewrote SSDP for proxy:
NOTIFY * HTTP/1.1
HOST: [IP]:1900
Server: UPnP/1.0
Location: [IP]
NT: urn:bambulab-com:device:3dprinter:1
USN: [SERIAL]
Cache-Control: max-age=1800
DevModel.bambu.com: C12
DevName.bambu.com: Bambi
 - Proxy
DevSignal.bambu.com: -40
DevConnect.bambu.com: lan
DevBind.bambu.com: free
Devseclink.bambu.com: secure
DevVersion.bambu.com: 01.09.01.00
DevCap.bambu.com: 1


2026-03-20 19:26:23,587 DEBUG [backend.app.services.virtual_printer.ssdp_server] Broadcast SSDP for 'Bambi' on LAN B ([IP])
2026-03-20 19:26:24,051 DEBUG [backend.app.main] [[PRINTER]] Runtime tracking: added 30s, total=914070s (253.91h)
2026-03-20 19:26:24,053 DEBUG [backend.app.main] Updated runtime for 1 printer(s)
2026-03-20 19:26:25,685 DEBUG [backend.app.services.bambu_mqtt] [[SERIAL]] Received command response: push_status
2026-03-20 19:26:25,685 DEBUG [backend.app.services.bambu_mqtt] [[SERIAL]] wifi_signal received: -40dBm
2026-03-20 19:26:27,727 DEBUG [backend.app.services.bambu_mqtt] [[SERIAL]] Received command response: push_status
2026-03-20 19:26:27,727 DEBUG [backend.app.services.bambu_mqtt] [[SERIAL]] wifi_signal received: -38dBm