2026-03-16 18:25:24,621 DEBUG [backend.app.services.bambu_mqtt] [[SERIAL]] xcam cfg bitmask: 224695 (binary: 0b110110110110110111)
2026-03-16 18:25:24,621 DEBUG [backend.app.services.bambu_mqtt] [[SERIAL]] Received gcode_state: FAILED, gcode_file: /data/Metadata/plate_1.gcode, subtask_name: ShelfWedge
2026-03-16 18:25:24,621 DEBUG [backend.app.services.bambu_mqtt] [[SERIAL]] AMS dict fields: {'ams_exist_bits': 'ff', 'ams_exist_bits_raw': 'ff', 'cali_id': 255, 'cali_stat': 0, 'insert_flag': True, 'power_on_flag': False, 'tray_exist_bits': 'fffff', 'tray_is_bbl_bits': 'fffff', 'tray_now': '255', 'tray_pre': '255', 'tray_read_done_bits': 'fffff', 'tray_reading_bits': '0', 'tray_tar': '255', 'unbind_ams_stat': 0, 'version': 71725}
2026-03-16 18:25:24,621 DEBUG [backend.app.services.bambu_mqtt] [[SERIAL]] tray_now updated: 255
2026-03-16 18:25:24,622 DEBUG [backend.app.services.bambu_mqtt] [[SERIAL]] Merged AMS data: 8 new units, 8 total
2026-03-16 18:25:24,622 DEBUG [backend.app.services.bambu_mqtt] [[SERIAL]] AMS 0 info=0x1003 -> extruder 0
2026-03-16 18:25:24,622 DEBUG [backend.app.services.bambu_mqtt] [[SERIAL]] AMS 1 info=0x1103 -> extruder 1
2026-03-16 18:25:24,623 DEBUG [backend.app.services.bambu_mqtt] [[SERIAL]] AMS 128 info=0x2004 -> extruder 0
2026-03-16 18:25:24,623 DEBUG [backend.app.services.bambu_mqtt] [[SERIAL]] AMS 129 info=0x2004 -> extruder 0
2026-03-16 18:25:24,623 DEBUG [backend.app.services.bambu_mqtt] [[SERIAL]] AMS 130 info=0x2104 -> extruder 1
2026-03-16 18:25:24,623 DEBUG [backend.app.services.bambu_mqtt] [[SERIAL]] AMS 131 info=0x2104 -> extruder 1
2026-03-16 18:25:24,623 DEBUG [backend.app.services.bambu_mqtt] [[SERIAL]] AMS 2 info=0x1103 -> extruder 1
2026-03-16 18:25:24,623 DEBUG [backend.app.services.bambu_mqtt] [[SERIAL]] AMS 3 info=0x1003 -> extruder 0
2026-03-16 18:25:24,623 DEBUG [backend.app.services.bambu_mqtt] [[SERIAL]] ams_extruder_map: {'0': 0, '1': 1, '128': 0, '129': 0, '130': 1, '131': 1, '2': 1, '3': 0}
2026-03-16 18:25:24,624 DEBUG [backend.app.services.bambu_mqtt] [[SERIAL]] ams_status: 0 (main=0, sub=0)
2026-03-16 18:25:24,624 DEBUG [backend.app.services.bambu_mqtt] [[SERIAL]] Received command response: push_status
2026-03-16 18:25:24,624 DEBUG [backend.app.services.bambu_mqtt] [[SERIAL]] device.extruder.state=274 (switch_state bits 12-14: 0)
2026-03-16 18:25:24,624 DEBUG [backend.app.services.bambu_mqtt] [[SERIAL]] info.temp direct: 25°C (heater OFF)
2026-03-16 18:25:24,624 DEBUG [backend.app.services.bambu_mqtt] [[SERIAL]] ctc_info keys: ['temp']
2026-03-16 18:25:24,624 DEBUG [backend.app.services.bambu_mqtt] [[SERIAL]] Chamber heating calculated: target=0.0, current=25.0, heating=False, respect_local=False
2026-03-16 18:25:24,625 DEBUG [backend.app.services.bambu_mqtt] [[SERIAL]] Chamber temp updated to: 25.0, target: 0.0, heating: False
2026-03-16 18:25:24,625 DEBUG [backend.app.services.bambu_mqtt] [[SERIAL]] HMS data received: [{'attr': 201326848, 'code': 131099}]
2026-03-16 18:25:24,625 DEBUG [backend.app.services.bambu_mqtt] [[SERIAL]] ipcam field: {'agora_service': 'disable', 'brtc_service': 'enable', 'bs_state': 0, 'ipcam_dev': '1', 'ipcam_record': 'enable', 'laser_preview_res': 5, 'mode_bits': 2, 'resolution': '1080p', 'rtsp_url': 'rtsps://[IP]:322/streaming/live/1', 'timelapse': 'disable', 'tl_store_hpd_type': 2, 'tl_store_path_type': 2, 'tutk_server': 'disable'}
2026-03-16 18:25:24,625 DEBUG [backend.app.services.bambu_mqtt] [[SERIAL]] wifi_signal received: -90dBm
2026-03-16 18:25:24,625 DEBUG [backend.app.services.bambu_mqtt] [[SERIAL]] lights_report: [{'mode': 'on', 'node': 'chamber_light'}, {'mode': 'flashing', 'node': 'work_light'}, {'mode': 'on', 'node': 'chamber_light2'}]
2026-03-16 18:25:24,625 DEBUG [backend.app.services.bambu_mqtt] [[SERIAL]] MQTT mapping field: [3]
2026-03-16 18:25:24,625 DEBUG [backend.app.services.bambu_mqtt] [[SERIAL]] gcode_state: FAILED -> FAILED, file: /data/Metadata/plate_1.gcode, subtask: ShelfWedge
2026-03-16 18:25:24,632 DEBUG [backend.app.services.bambu_mqtt] [[SERIAL]] Received command response: extrusion_cali_get
2026-03-16 18:25:24,632 DEBUG [backend.app.services.bambu_mqtt] [[SERIAL]] MQTT mapping field: [1]
2026-03-16 18:25:24,660 DEBUG [backend.app.services.bambu_mqtt] [[SERIAL]] Ignoring spurious disconnect (last message 0.4s ago)
2026-03-16 18:25:24,733 DEBUG [backend.app.services.bambu_mqtt] [[SERIAL]] Found xcam inside print data: {'allow_skip_parts': False, 'buildplate_marker_detector': True, 'cfg': 224695, 'first_layer_inspector': True, 'halt_print_sensitivity': 'medium', 'print_halt': True, 'printing_monitor': True, 'spaghetti_detector': True}
2026-03-16 18:25:24,733 DEBUG [backend.app.services.bambu_mqtt] [[SERIAL]] Parsing xcam data - all fields: ['allow_skip_parts', 'buildplate_marker_detector', 'cfg', 'first_layer_inspector', 'halt_print_sensitivity', 'print_halt', 'printing_monitor', 'spaghetti_detector']
2026-03-16 18:25:24,733 DEBUG [backend.app.services.bambu_mqtt] [[SERIAL]] xcam cfg bitmask: 224695 (binary: 0b110110110110110111)
2026-03-16 18:25:24,733 DEBUG [backend.app.services.bambu_mqtt] [[SERIAL]] Received gcode_state: FINISH, gcode_file: /data/Metadata/plate_1.gcode, subtask_name: ShelfWedge
2026-03-16 18:25:24,733 DEBUG [backend.app.services.bambu_mqtt] [[SERIAL]] AMS dict fields: {'ams_exist_bits': 'ff', 'ams_exist_bits_raw': 'ff', 'cali_id': 255, 'cali_stat': 0, 'insert_flag': True, 'power_on_flag': True, 'tray_exist_bits': 'fffff', 'tray_is_bbl_bits': 'fffff', 'tray_now': '255', 'tray_pre': '255', 'tray_read_done_bits': 'fffff', 'tray_reading_bits': '0', 'tray_tar': '255', 'unbind_ams_stat': 0, 'version': 118283}
2026-03-16 18:25:24,733 DEBUG [backend.app.services.bambu_mqtt] [[SERIAL]] tray_now updated: 255
2026-03-16 18:25:24,734 DEBUG [backend.app.services.bambu_mqtt] [[SERIAL]] Merged AMS data: 8 new units, 8 total
2026-03-16 18:25:24,734 DEBUG [backend.app.services.bambu_mqtt] [[SERIAL]] AMS 0 info=0x2003 -> extruder 0
2026-03-16 18:25:24,734 DEBUG [backend.app.services.bambu_mqtt] [[SERIAL]] AMS 1 info=0x1003 -> extruder 0
2026-03-16 18:25:24,734 DEBUG [backend.app.services.bambu_mqtt] [[SERIAL]] AMS 128 info=0x142024 -> extruder 0
2026-03-16 18:25:24,734 DEBUG [backend.app.services.bambu_mqtt] [[SERIAL]] AMS 129 info=0x142124 -> extruder 1
2026-03-16 18:25:24,734 DEBUG [backend.app.services.bambu_mqtt] [[SERIAL]] AMS 130 info=0x142024 -> extruder 0
2026-03-16 18:25:24,734 DEBUG [backend.app.services.bambu_mqtt] [[SERIAL]] AMS 131 info=0x142124 -> extruder 1
2026-03-16 18:25:24,734 DEBUG [backend.app.services.bambu_mqtt] [[SERIAL]] AMS 2 info=0x1103 -> extruder 1
2026-03-16 18:25:24,734 DEBUG [backend.app.services.bambu_mqtt] [[SERIAL]] AMS 3 info=0x1103 -> extruder 1
2026-03-16 18:25:24,734 DEBUG [backend.app.services.bambu_mqtt] [[SERIAL]] ams_extruder_map: {'0': 0, '1': 0, '128': 0, '129': 1, '130': 0, '131': 1, '2': 1, '3': 1}
2026-03-16 18:25:24,734 DEBUG [backend.app.services.bambu_mqtt] [[SERIAL]] ams_status: 0 (main=0, sub=0)
2026-03-16 18:25:24,734 DEBUG [backend.app.services.bambu_mqtt] [[SERIAL]] Received command response: push_status
2026-03-16 18:25:24,734 DEBUG [backend.app.services.bambu_mqtt] [[SERIAL]] device.extruder.state=2 (switch_state bits 12-14: 0)
2026-03-16 18:25:24,734 DEBUG [backend.app.services.bambu_mqtt] [[SERIAL]] info.temp direct: 25°C (heater OFF)
2026-03-16 18:25:24,734 DEBUG [backend.app.services.bambu_mqtt] [[SERIAL]] ctc_info keys: ['temp']
2026-03-16 18:25:24,734 DEBUG [backend.app.services.bambu_mqtt] [[SERIAL]] Chamber heating calculated: target=0.0, current=25.0, heating=False, respect_local=False
2026-03-16 18:25:24,734 DEBUG [backend.app.services.bambu_mqtt] [[SERIAL]] Chamber temp updated to: 25.0, target: 0.0, heating: False
2026-03-16 18:25:24,734 DEBUG [backend.app.services.bambu_mqtt] [[SERIAL]] HMS data received: [{'attr': 201326848, 'code': 131099}]
2026-03-16 18:25:24,734 DEBUG [backend.app.services.bambu_mqtt] [[SERIAL]] ipcam field: {'agora_service': 'disable', 'brtc_service': 'enable', 'bs_state': 0, 'ipcam_dev': '1', 'ipcam_record': 'enable', 'laser_preview_res': 5, 'mode_bits': 2, 'resolution': '1080p', 'rtsp_url': 'rtsps://[IP]:322/streaming/live/1', 'timelapse': 'disable', 'tl_store_hpd_type': 2, 'tl_store_path_type': 2, 'tutk_server': 'disable'}
2026-03-16 18:25:24,734 DEBUG [backend.app.services.bambu_mqtt] [[SERIAL]] wifi_signal received: -90dBm
2026-03-16 18:25:24,734 DEBUG [backend.app.services.bambu_mqtt] [[SERIAL]] lights_report: [{'mode': 'on', 'node': 'chamber_light'}, {'mode': 'flashing', 'node': 'work_light'}, {'mode': 'on', 'node': 'chamber_light2'}]
2026-03-16 18:25:24,735 DEBUG [backend.app.services.bambu_mqtt] [[SERIAL]] MQTT mapping field: [0]
2026-03-16 18:25:24,735 DEBUG [backend.app.services.bambu_mqtt] [[SERIAL]] gcode_state: FINISH -> FINISH, file: /data/Metadata/plate_1.gcode, subtask: ShelfWedge
2026-03-16 18:25:24,828 DEBUG [backend.app.services.bambu_mqtt] [[SERIAL]] Requesting firmware version info
2026-03-16 18:25:24,828 DEBUG [backend.app.services.bambu_mqtt] [[SERIAL]] Sending K-profile priming request
2026-03-16 18:25:24,831 INFO [backend.app.services.bambu_mqtt] [[SERIAL]] Request topic subscription accepted. ams_mapping capture enabled for slicer-initiated prints.
2026-03-16 18:25:24,890 DEBUG [backend.app.services.bambu_mqtt] [[SERIAL]] Found xcam inside print data: {'allow_skip_parts': False, 'buildplate_marker_detector': True, 'first_layer_inspector': True, 'halt_print_sensitivity': 'medium', 'print_halt': True, 'printing_monitor': True, 'spaghetti_detector': True}
2026-03-16 18:25:24,890 DEBUG [backend.app.services.bambu_mqtt] [[SERIAL]] Parsing xcam data - all fields: ['allow_skip_parts', 'buildplate_marker_detector', 'first_layer_inspector', 'halt_print_sensitivity', 'print_halt', 'printing_monitor', 'spaghetti_detector']
2026-03-16 18:25:24,890 DEBUG [backend.app.services.bambu_mqtt] [[SERIAL]] Received gcode_state: FINISH, gcode_file: /data/Metadata/plate_1.gcode, subtask_name: Holder
2026-03-16 18:25:24,890 DEBUG [backend.app.services.bambu_mqtt] [[SERIAL]] AMS dict fields: {'ams_exist_bits': '1', 'ams_exist_bits_raw': '1', 'cali_id': 0, 'cali_stat': 0, 'insert_flag': True, 'power_on_flag': True, 'tray_exist_bits': 'f', 'tray_is_bbl_bits': 'f', 'tray_now': '255', 'tray_pre': '255', 'tray_read_done_bits': 'f', 'tray_reading_bits': '0', 'tray_tar': '255', 'unbind_ams_stat': 0, 'version': 16700}
2026-03-16 18:25:24,891 DEBUG [backend.app.services.bambu_mqtt] [[SERIAL]] tray_now updated: 255
2026-03-16 18:25:24,891 DEBUG [backend.app.services.bambu_mqtt] [[SERIAL]] Merged AMS data: 1 new units, 1 total
2026-03-16 18:25:24,891 DEBUG [backend.app.services.bambu_mqtt] [[SERIAL]] AMS 0 info=0x1001 -> extruder 0
2026-03-16 18:25:24,891 DEBUG [backend.app.services.bambu_mqtt] [[SERIAL]] ams_extruder_map: {'0': 0}
2026-03-16 18:25:24,891 DEBUG [backend.app.services.bambu_mqtt] [[SERIAL]] ams_status: 0 (main=0, sub=0)
2026-03-16 18:25:24,892 DEBUG [backend.app.services.bambu_mqtt] [[SERIAL]] Received command response: push_status
2026-03-16 18:25:24,892 DEBUG [backend.app.services.bambu_mqtt] [[SERIAL]] device.extruder.state=1 (switch_state bits 12-14: 0)
2026-03-16 18:25:24,892 DEBUG [backend.app.services.bambu_mqtt] [[SERIAL]] info.temp direct: 26°C (heater OFF)
2026-03-16 18:25:24,893 DEBUG [backend.app.services.bambu_mqtt] [[SERIAL]] ctc_info keys: ['temp']
2026-03-16 18:25:24,893 DEBUG [backend.app.services.bambu_mqtt] [[SERIAL]] Chamber heating calculated: target=0.0, current=26.0, heating=False, respect_local=False
2026-03-16 18:25:24,893 DEBUG [backend.app.services.bambu_mqtt] [[SERIAL]] Chamber temp updated to: 26.0, target: 0.0, heating: False
2026-03-16 18:25:24,893 DEBUG [backend.app.services.bambu_mqtt] [[SERIAL]] HMS data received: []
2026-03-16 18:25:24,893 DEBUG [backend.app.services.bambu_mqtt] [[SERIAL]] ipcam field: {'agora_service': 'disable', 'brtc_service': 'enable', 'bs_state': 0, 'ipcam_dev': '1', 'ipcam_record': 'enable', 'laser_preview_res': 7, 'mode_bits': 2, 'resolution': '1080p', 'rtsp_url': 'rtsps://[IP]:322/streaming/live/1', 'timelapse': 'disable', 'tl_store_hpd_type': 2, 'tl_store_path_type': 2, 'tutk_server': 'disable'}
2026-03-16 18:25:24,893 DEBUG [backend.app.services.bambu_mqtt] [[SERIAL]] wifi_signal received: -90dBm
2026-03-16 18:25:24,894 DEBUG [backend.app.services.bambu_mqtt] [[SERIAL]] lights_report: [{'mode': 'on', 'node': 'chamber_light'}, {'mode': 'flashing', 'node': 'work_light'}]
2026-03-16 18:25:24,894 DEBUG [backend.app.services.bambu_mqtt] [[SERIAL]] MQTT mapping field: [0]
2026-03-16 18:25:24,894 DEBUG [backend.app.services.bambu_mqtt] [[SERIAL]] gcode_state: FINISH -> FINISH, file: /data/Metadata/plate_1.gcode, subtask: Holder
2026-03-16 18:25:24,972 DEBUG [backend.app.services.bambu_mqtt] [[SERIAL]] AMS 0 firmware: 00.00.06.75
2026-03-16 18:25:24,979 DEBUG [backend.app.services.bambu_mqtt] [[SERIAL]] Received command response: extrusion_cali_get
2026-03-16 18:25:24,979 DEBUG [backend.app.services.bambu_mqtt] [[SERIAL]] MQTT mapping field: [1]
2026-03-16 18:25:25,058 DEBUG [backend.app.services.bambu_mqtt] [[SERIAL]] Found xcam inside print data: {'allow_skip_parts': False, 'buildplate_marker_detector': True, 'first_layer_inspector': True, 'halt_print_sensitivity': 'medium', 'print_halt': True, 'printing_monitor': False, 'spaghetti_detector': False}
2026-03-16 18:25:25,059 DEBUG [backend.app.services.bambu_mqtt] [[SERIAL]] Parsing xcam data - all fields: ['allow_skip_parts', 'buildplate_marker_detector', 'first_layer_inspector', 'halt_print_sensitivity', 'print_halt', 'printing_monitor', 'spaghetti_detector']
2026-03-16 18:25:25,059 DEBUG [backend.app.services.bambu_mqtt] [[SERIAL]] Received gcode_state: FINISH, gcode_file: /data/Metadata/plate_1.gcode, subtask_name: 3D Print Bracket Back V5.stl
2026-03-16 18:25:25,059 DEBUG [backend.app.services.bambu_mqtt] [[SERIAL]] AMS dict fields: {'ams_exist_bits': '2', 'ams_exist_bits_raw': '2', 'cali_id': 0, 'cali_stat': 0, 'insert_flag': True, 'power_on_flag': False, 'tray_exist_bits': 'f0', 'tray_is_bbl_bits': 'f0', 'tray_now': '255', 'tray_pre': '255', 'tray_read_done_bits': 'f0', 'tray_reading_bits': '0', 'tray_tar': '255', 'unbind_ams_stat': 0, 'version': 9232}
2026-03-16 18:25:25,059 DEBUG [backend.app.services.bambu_mqtt] [[SERIAL]] tray_now updated: 255
2026-03-16 18:25:25,060 DEBUG [backend.app.services.bambu_mqtt] [[SERIAL]] Merged AMS data: 1 new units, 1 total
2026-03-16 18:25:25,060 DEBUG [backend.app.services.bambu_mqtt] [[SERIAL]] AMS 1 info=0x1001 -> extruder 0
2026-03-16 18:25:25,060 DEBUG [backend.app.services.bambu_mqtt] [[SERIAL]] ams_extruder_map: {'1': 0}
2026-03-16 18:25:25,060 DEBUG [backend.app.services.bambu_mqtt] [[SERIAL]] ams_status: 0 (main=0, sub=0)
2026-03-16 18:25:25,060 DEBUG [backend.app.services.bambu_mqtt] [[SERIAL]] Received command response: push_status
2026-03-16 18:25:25,061 DEBUG [backend.app.services.bambu_mqtt] [[SERIAL]] device.extruder.state=1 (switch_state bits 12-14: 0)
2026-03-16 18:25:25,061 DEBUG [backend.app.services.bambu_mqtt] [[SERIAL]] info.temp direct: 29°C (heater OFF)
2026-03-16 18:25:25,061 DEBUG [backend.app.services.bambu_mqtt] [[SERIAL]] ctc_info keys: ['temp']
2026-03-16 18:25:25,061 DEBUG [backend.app.services.bambu_mqtt] [[SERIAL]] Chamber heating calculated: target=0.0, current=29.0, heating=False, respect_local=False
2026-03-16 18:25:25,062 DEBUG [backend.app.services.bambu_mqtt] [[SERIAL]] Chamber temp updated to: 29.0, target: 0.0, heating: False
2026-03-16 18:25:25,062 DEBUG [backend.app.services.bambu_mqtt] [[SERIAL]] HMS data received: []
2026-03-16 18:25:25,062 DEBUG [backend.app.services.bambu_mqtt] [[SERIAL]] ipcam field: {'agora_service': 'disable', 'brtc_service': 'enable', 'bs_state': 0, 'ipcam_dev': '1', 'ipcam_record': 'enable', 'laser_preview_res': 7, 'mode_bits': 2, 'resolution': '1080p', 'rtsp_url': 'rtsps://[IP]:322/streaming/live/1', 'timelapse': 'disable', 'tl_store_hpd_type': 2, 'tl_store_path_type': 2, 'tutk_server': 'disable'}
2026-03-16 18:25:25,062 DEBUG [backend.app.services.bambu_mqtt] [[SERIAL]] wifi_signal received: -90dBm
2026-03-16 18:25:25,062 DEBUG [backend.app.services.bambu_mqtt] [[SERIAL]] lights_report: [{'mode': 'on', 'node': 'chamber_light'}, {'mode': 'flashing', 'node': 'work_light'}]
2026-03-16 18:25:25,063 DEBUG [backend.app.services.bambu_mqtt] [[SERIAL]] MQTT mapping field: [258]
2026-03-16 18:25:25,063 DEBUG [backend.app.services.bambu_mqtt] [[SERIAL]] gcode_state: FINISH -> FINISH, file: /data/Metadata/plate_1.gcode, subtask: 3D Print Bracket Back V5.stl
2026-03-16 18:25:25,137 DEBUG [backend.app.services.bambu_mqtt] [[SERIAL]] Requesting firmware version info
2026-03-16 18:25:25,138 DEBUG [backend.app.services.bambu_mqtt] [[SERIAL]] Sending K-profile priming request
2026-03-16 18:25:25,141 INFO [backend.app.services.bambu_mqtt] [[SERIAL]] Request topic subscription accepted. ams_mapping capture enabled for slicer-initiated prints.
2026-03-16 18:25:25,210 DEBUG [backend.app.services.bambu_mqtt] [[SERIAL]] Ignoring spurious disconnect (last message 0.2s ago)
2026-03-16 18:25:25,227 DEBUG [backend.app.services.bambu_mqtt] [[SERIAL]] AMS 0 firmware: 00.00.06.75
2026-03-16 18:25:25,280 DEBUG [backend.app.services.bambu_mqtt] [[SERIAL]] Received command response: extrusion_cali_get
2026-03-16 18:25:25,281 DEBUG [backend.app.services.bambu_mqtt] [[SERIAL]] MQTT mapping field: [3]
2026-03-16 18:25:25,339 DEBUG [backend.app.services.bambu_mqtt] [[SERIAL]] Found xcam inside print data: {'allow_skip_parts': False, 'buildplate_marker_detector': True, 'first_layer_inspector': True, 'halt_print_sensitivity': 'low', 'print_halt': True, 'printing_monitor': True, 'spaghetti_detector': True}
2026-03-16 18:25:25,339 DEBUG [backend.app.services.bambu_mqtt] [[SERIAL]] Parsing xcam data - all fields: ['allow_skip_parts', 'buildplate_marker_detector', 'first_layer_inspector', 'halt_print_sensitivity', 'print_halt', 'printing_monitor', 'spaghetti_detector']
2026-03-16 18:25:25,339 DEBUG [backend.app.services.bambu_mqtt] [[SERIAL]] Received gcode_state: FINISH, gcode_file: /data/Metadata/plate_1.gcode, subtask_name: Air Knife Block_V2
2026-03-16 18:25:25,340 DEBUG [backend.app.services.bambu_mqtt] [[SERIAL]] AMS dict fields: {'ams_exist_bits': '1', 'ams_exist_bits_raw': '1', 'cali_id': 0, 'cali_stat': 0, 'insert_flag': True, 'power_on_flag': True, 'tray_exist_bits': 'f', 'tray_is_bbl_bits': 'f', 'tray_now': '255', 'tray_pre': '255', 'tray_read_done_bits': 'f', 'tray_reading_bits': '0', 'tray_tar': '255', 'unbind_ams_stat': 0, 'version': 28716}
2026-03-16 18:25:25,340 DEBUG [backend.app.services.bambu_mqtt] [[SERIAL]] tray_now updated: 255
2026-03-16 18:25:25,340 DEBUG [backend.app.services.bambu_mqtt] [[SERIAL]] Merged AMS data: 1 new units, 1 total
2026-03-16 18:25:25,340 DEBUG [backend.app.services.bambu_mqtt] [[SERIAL]] AMS 0 info=0x1001 -> extruder 0
2026-03-16 18:25:25,341 DEBUG [backend.app.services.bambu_mqtt] [[SERIAL]] ams_extruder_map: {'0': 0}
2026-03-16 18:25:25,341 DEBUG [backend.app.services.bambu_mqtt] [[SERIAL]] ams_status: 0 (main=0, sub=0)
2026-03-16 18:25:25,341 DEBUG [backend.app.services.bambu_mqtt] [[SERIAL]] Received command response: push_status
2026-03-16 18:25:25,341 DEBUG [backend.app.services.bambu_mqtt] [[SERIAL]] device.extruder.state=1 (switch_state bits 12-14: 0)
2026-03-16 18:25:25,342 DEBUG [backend.app.services.bambu_mqtt] [[SERIAL]] info.temp direct: 27°C (heater OFF)
2026-03-16 18:25:25,342 DEBUG [backend.app.services.bambu_mqtt] [[SERIAL]] ctc_info keys: ['temp']
2026-03-16 18:25:25,342 DEBUG [backend.app.services.bambu_mqtt] [[SERIAL]] Chamber heating calculated: target=0.0, current=27.0, heating=False, respect_local=False
2026-03-16 18:25:25,342 DEBUG [backend.app.services.bambu_mqtt] [[SERIAL]] Chamber temp updated to: 27.0, target: 0.0, heating: False
2026-03-16 18:25:25,343 DEBUG [backend.app.services.bambu_mqtt] [[SERIAL]] HMS data received: []
2026-03-16 18:25:25,343 DEBUG [backend.app.services.bambu_mqtt] [[SERIAL]] ipcam field: {'agora_service': 'disable', 'brtc_service': 'enable', 'bs_state': 0, 'ipcam_dev': '1', 'ipcam_record': 'disable', 'laser_preview_res': 7, 'mode_bits': 2, 'resolution': '1080p', 'rtsp_url': 'rtsps://[IP]:322/streaming/live/1', 'timelapse': 'disable', 'tl_store_hpd_type': 2, 'tl_store_path_type': 2, 'tutk_server': 'disable'}
2026-03-16 18:25:25,343 DEBUG [backend.app.services.bambu_mqtt] [[SERIAL]] wifi_signal received: -90dBm
2026-03-16 18:25:25,343 DEBUG [backend.app.services.bambu_mqtt] [[SERIAL]] lights_report: [{'mode': 'on', 'node': 'chamber_light'}, {'mode': 'flashing', 'node': 'work_light'}]
2026-03-16 18:25:25,343 DEBUG [backend.app.services.bambu_mqtt] [[SERIAL]] MQTT mapping field: [3]
2026-03-16 18:25:25,343 DEBUG [backend.app.services.bambu_mqtt] [[SERIAL]] gcode_state: FINISH -> FINISH, file: /data/Metadata/plate_1.gcode, subtask: Air Knife Block_V2
2026-03-16 18:25:25,416 DEBUG [backend.app.services.bambu_mqtt] [[SERIAL]] Ignoring spurious disconnect (last message 0.5s ago)
2026-03-16 18:25:25,456 DEBUG [backend.app.services.bambu_mqtt] [[SERIAL]] Ignoring spurious disconnect (last message 0.7s ago)
2026-03-16 18:25:25,488 DEBUG [backend.app.services.bambu_mqtt] [[SERIAL]] Ignoring spurious disconnect (last message 0.9s ago)
2026-03-16 18:25:25,651 DEBUG [backend.app.services.bambu_mqtt] [[SERIAL]] Found xcam inside print data: {'allow_skip_parts': False, 'buildplate_marker_detector': True, 'first_layer_inspector': True, 'halt_print_sensitivity': 'medium', 'print_halt': True, 'printing_monitor': False, 'spaghetti_detector': False}
2026-03-16 18:25:25,651 DEBUG [backend.app.services.bambu_mqtt] [[SERIAL]] Parsing xcam data - all fields: ['allow_skip_parts', 'buildplate_marker_detector', 'first_layer_inspector', 'halt_print_sensitivity', 'print_halt', 'printing_monitor', 'spaghetti_detector']
2026-03-16 18:25:25,652 DEBUG [backend.app.services.bambu_mqtt] [[SERIAL]] Received gcode_state: RUNNING, gcode_file: /data/Metadata/plate_1.gcode, subtask_name: HW-EC-005-0001
2026-03-16 18:25:25,652 DEBUG [backend.app.services.bambu_mqtt] [[SERIAL]] AMS dict fields: {'ams_exist_bits': '1', 'ams_exist_bits_raw': '1', 'cali_id': 0, 'cali_stat': 0, 'insert_flag': True, 'power_on_flag': True, 'tray_exist_bits': 'e', 'tray_is_bbl_bits': 'e', 'tray_now': '1', 'tray_pre': '1', 'tray_read_done_bits': 'e', 'tray_reading_bits': '0', 'tray_tar': '1', 'unbind_ams_stat': 0, 'version': 23205}
2026-03-16 18:25:25,652 DEBUG [backend.app.services.bambu_mqtt] [[SERIAL]] tray_now updated: 1
2026-03-16 18:25:25,652 DEBUG [backend.app.services.bambu_mqtt] [[SERIAL]] Merged AMS data: 1 new units, 1 total
2026-03-16 18:25:25,653 DEBUG [backend.app.services.bambu_mqtt] [[SERIAL]] AMS 0 info=0x1001 -> extruder 0
2026-03-16 18:25:25,653 DEBUG [backend.app.services.bambu_mqtt] [[SERIAL]] ams_extruder_map: {'0': 0}
2026-03-16 18:25:25,653 DEBUG [backend.app.services.bambu_mqtt] [[SERIAL]] ams_status: 768 (main=3, sub=0)
2026-03-16 18:25:25,653 DEBUG [backend.app.services.bambu_mqtt] [[SERIAL]] Received command response: push_status
2026-03-16 18:25:25,654 DEBUG [backend.app.services.bambu_mqtt] [[SERIAL]] device.extruder.state=1 (switch_state bits 12-14: 0)
2026-03-16 18:25:25,654 DEBUG [backend.app.services.bambu_mqtt] [[SERIAL]] info.temp direct: 38°C (heater OFF)
2026-03-16 18:25:25,654 DEBUG [backend.app.services.bambu_mqtt] [[SERIAL]] ctc_info keys: ['temp']
2026-03-16 18:25:25,654 DEBUG [backend.app.services.bambu_mqtt] [[SERIAL]] Chamber heating calculated: target=0.0, current=38.0, heating=False, respect_local=False
2026-03-16 18:25:25,654 DEBUG [backend.app.services.bambu_mqtt] [[SERIAL]] Chamber temp updated to: 38.0, target: 0.0, heating: False
2026-03-16 18:25:25,655 DEBUG [backend.app.services.bambu_mqtt] [[SERIAL]] HMS data received: []
2026-03-16 18:25:25,655 DEBUG [backend.app.services.bambu_mqtt] [[SERIAL]] ipcam field: {'agora_service': 'disable', 'brtc_service': 'enable', 'bs_state': 0, 'ipcam_dev': '1', 'ipcam_record': 'enable', 'laser_preview_res': 7, 'mode_bits': 2, 'resolution': '1080p', 'rtsp_url': 'rtsps://[IP]:322/streaming/live/1', 'timelapse': 'disable', 'tl_store_hpd_type': 2, 'tl_store_path_type': 2, 'tutk_server': 'disable'}
2026-03-16 18:25:25,655 DEBUG [backend.app.services.bambu_mqtt] [[SERIAL]] wifi_signal received: -90dBm
2026-03-16 18:25:25,655 DEBUG [backend.app.services.bambu_mqtt] [[SERIAL]] lights_report: [{'mode': 'on', 'node': 'chamber_light'}, {'mode': 'flashing', 'node': 'work_light'}]
2026-03-16 18:25:25,656 DEBUG [backend.app.services.bambu_mqtt] [[SERIAL]] MQTT mapping field: [1]
2026-03-16 18:25:25,656 DEBUG [backend.app.services.bambu_mqtt] [[SERIAL]] gcode_state: RUNNING -> RUNNING, file: /data/Metadata/plate_1.gcode, subtask: HW-EC-005-0001
2026-03-16 18:25:25,731 DEBUG [backend.app.services.bambu_mqtt] [[SERIAL]] Requesting firmware version info
2026-03-16 18:25:25,732 DEBUG [backend.app.services.bambu_mqtt] [[SERIAL]] Sending K-profile priming request
2026-03-16 18:25:25,734 INFO [backend.app.services.bambu_mqtt] [[SERIAL]] Request topic subscription accepted. ams_mapping capture enabled for slicer-initiated prints.
2026-03-16 18:25:25,772 DEBUG [backend.app.services.bambu_mqtt] [[SERIAL]] Ignoring spurious disconnect (last message 0.1s ago)
2026-03-16 18:25:25,871 DEBUG [backend.app.services.bambu_mqtt] [[SERIAL]] AMS 0 firmware: 03.00.21.29
2026-03-16 18:25:25,871 DEBUG [backend.app.services.bambu_mqtt] [[SERIAL]] AMS 1 firmware: 03.00.21.29
2026-03-16 18:25:25,871 DEBUG [backend.app.services.bambu_mqtt] [[SERIAL]] AMS 2 firmware: 03.00.21.29
2026-03-16 18:25:25,871 DEBUG [backend.app.services.bambu_mqtt] [[SERIAL]] AMS 3 firmware: 03.00.21.29
2026-03-16 18:25:25,872 DEBUG [backend.app.services.bambu_mqtt] [[SERIAL]] AMS 128 firmware: 03.00.21.29
2026-03-16 18:25:25,872 DEBUG [backend.app.services.bambu_mqtt] [[SERIAL]] AMS 129 firmware: 03.00.21.29
2026-03-16 18:25:25,872 DEBUG [backend.app.services.bambu_mqtt] [[SERIAL]] AMS 130 firmware: 03.00.21.29
2026-03-16 18:25:25,872 DEBUG [backend.app.services.bambu_mqtt] [[SERIAL]] AMS 131 firmware: 03.00.21.29
2026-03-16 18:25:25,877 DEBUG [backend.app.services.bambu_mqtt] [[SERIAL]] Found xcam inside print data: {'allow_skip_parts': False, 'buildplate_marker_detector': True, 'first_layer_inspector': True, 'halt_print_sensitivity': 'medium', 'print_halt': True, 'printing_monitor': True, 'spaghetti_detector': True}
2026-03-16 18:25:25,877 DEBUG [backend.app.services.bambu_mqtt] [[SERIAL]] Parsing xcam data - all fields: ['allow_skip_parts', 'buildplate_marker_detector', 'first_layer_inspector', 'halt_print_sensitivity', 'print_halt', 'printing_monitor', 'spaghetti_detector']
2026-03-16 18:25:25,878 DEBUG [backend.app.services.bambu_mqtt] [[SERIAL]] Received gcode_state: FINISH, gcode_file: /data/Metadata/plate_1.gcode, subtask_name: Cable track
2026-03-16 18:25:25,878 DEBUG [backend.app.services.bambu_mqtt] [[SERIAL]] AMS dict fields: {'ams_exist_bits': '1', 'ams_exist_bits_raw': '1', 'cali_id': 0, 'cali_stat': 0, 'insert_flag': True, 'power_on_flag': False, 'tray_exist_bits': 'f', 'tray_is_bbl_bits': 'f', 'tray_now': '255', 'tray_pre': '255', 'tray_read_done_bits': 'f', 'tray_reading_bits': '0', 'tray_tar': '255', 'unbind_ams_stat': 0, 'version': 468}
2026-03-16 18:25:25,878 DEBUG [backend.app.services.bambu_mqtt] [[SERIAL]] tray_now updated: 255
2026-03-16 18:25:25,878 DEBUG [backend.app.services.bambu_mqtt] [[SERIAL]] Merged AMS data: 1 new units, 1 total
2026-03-16 18:25:25,878 DEBUG [backend.app.services.bambu_mqtt] [[SERIAL]] AMS 0 info=0x1001 -> extruder 0
2026-03-16 18:25:25,879 DEBUG [backend.app.services.bambu_mqtt] [[SERIAL]] ams_extruder_map: {'0': 0}
2026-03-16 18:25:25,879 DEBUG [backend.app.services.bambu_mqtt] [[SERIAL]] ams_status: 0 (main=0, sub=0)
2026-03-16 18:25:25,879 DEBUG [backend.app.services.bambu_mqtt] [[SERIAL]] Received command response: push_status
2026-03-16 18:25:25,879 DEBUG [backend.app.services.bambu_mqtt] [[SERIAL]] device.extruder.state=1 (switch_state bits 12-14: 0)
2026-03-16 18:25:25,879 DEBUG [backend.app.services.bambu_mqtt] [[SERIAL]] info.temp direct: 28°C (heater OFF)
2026-03-16 18:25:25,880 DEBUG [backend.app.services.bambu_mqtt] [[SERIAL]] ctc_info keys: ['temp']
2026-03-16 18:25:25,880 DEBUG [backend.app.services.bambu_mqtt] [[SERIAL]] Chamber heating calculated: target=0.0, current=28.0, heating=False, respect_local=False
2026-03-16 18:25:25,880 DEBUG [backend.app.services.bambu_mqtt] [[SERIAL]] Chamber temp updated to: 28.0, target: 0.0, heating: False
2026-03-16 18:25:25,880 DEBUG [backend.app.services.bambu_mqtt] [[SERIAL]] HMS data received: []
2026-03-16 18:25:25,880 DEBUG [backend.app.services.bambu_mqtt] [[SERIAL]] ipcam field: {'agora_service': 'disable', 'brtc_service': 'enable', 'bs_state': 0, 'ipcam_dev': '1', 'ipcam_record': 'enable', 'laser_preview_res': 7, 'mode_bits': 2, 'resolution': '720p', 'rtsp_url': 'rtsps://[IP]:322/streaming/live/1', 'timelapse': 'disable', 'tl_store_hpd_type': 2, 'tl_store_path_type': 2, 'tutk_server': 'disable'}
2026-03-16 18:25:25,880 DEBUG [backend.app.services.bambu_mqtt] [[SERIAL]] wifi_signal received: -90dBm
2026-03-16 18:25:25,880 DEBUG [backend.app.services.bambu_mqtt] [[SERIAL]] lights_report: [{'mode': 'on', 'node': 'chamber_light'}, {'mode': 'flashing', 'node': 'work_light'}]
2026-03-16 18:25:25,881 DEBUG [backend.app.services.bambu_mqtt] [[SERIAL]] MQTT mapping field: [1]
2026-03-16 18:25:25,881 DEBUG [backend.app.services.bambu_mqtt] [[SERIAL]] gcode_state: FINISH -> FINISH, file: /data/Metadata/plate_1.gcode, subtask: Cable track
2026-03-16 18:25:25,881 DEBUG [backend.app.services.bambu_mqtt] [[SERIAL]] Received command response: extrusion_cali_get
2026-03-16 18:25:25,881 DEBUG [backend.app.services.bambu_mqtt] [[SERIAL]] MQTT mapping field: [257]
2026-03-16 18:25:26,128 DEBUG [backend.app.services.bambu_mqtt] [[SERIAL]] Ignoring spurious disconnect (last message 0.3s ago)
2026-03-16 18:25:26,283 DEBUG [backend.app.services.bambu_mqtt] [[SERIAL]] Requesting firmware version info
2026-03-16 18:25:26,283 DEBUG [backend.app.services.bambu_mqtt] [[SERIAL]] Sending K-profile priming request
2026-03-16 18:25:26,286 INFO [backend.app.services.bambu_mqtt] [[SERIAL]] Request topic subscription accepted. ams_mapping capture enabled for slicer-initiated prints.
2026-03-16 18:25:26,370 DEBUG [backend.app.services.bambu_mqtt] [[SERIAL]] AMS 1 firmware: 00.00.06.75
2026-03-16 18:25:26,372 DEBUG [backend.app.services.bambu_mqtt] [[SERIAL]] Ignoring spurious disconnect (last message 1.0s ago)