2026-03-18 11:22:29,718 DEBUG [backend.app.services.bambu_mqtt] [[SERIAL]] Received gcode_state: RUNNING, gcode_file: /data/Metadata/plate_4.gcode, subtask_name: X1 Schwarz Ohne Mund
2026-03-18 11:22:29,718 DEBUG [backend.app.services.bambu_mqtt] [[SERIAL]] AMS dict fields: {'ams_exist_bits': '1', 'ams_exist_bits_raw': '1', 'cali_id': 0, 'cali_stat': 0, 'insert_flag': True, 'power_on_flag': True, 'tray_exist_bits': 'd', 'tray_is_bbl_bits': 'd', 'tray_now': '0', 'tray_pre': '0', 'tray_read_done_bits': 'd', 'tray_reading_bits': '0', 'tray_tar': '0', 'unbind_ams_stat': 0, 'version': 135}
2026-03-18 11:22:29,719 DEBUG [backend.app.services.bambu_mqtt] [[SERIAL]] tray_now updated: 0
2026-03-18 11:22:29,719 DEBUG [backend.app.services.bambu_mqtt] [[SERIAL]] Merged AMS data: 1 new units, 1 total
2026-03-18 11:22:29,719 DEBUG [backend.app.services.bambu_mqtt] [[SERIAL]] AMS 0 info=0x1001 -> extruder 0
2026-03-18 11:22:29,719 DEBUG [backend.app.services.bambu_mqtt] [[SERIAL]] ams_extruder_map: {'0': 0}
2026-03-18 11:22:29,719 DEBUG [backend.app.services.bambu_mqtt] [[SERIAL]] ams_status: 768 (main=3, sub=0)
2026-03-18 11:22:29,719 DEBUG [backend.app.services.bambu_mqtt] [[SERIAL]] Received command response: push_status
2026-03-18 11:22:29,719 DEBUG [backend.app.services.bambu_mqtt] [[SERIAL]] device.extruder.state=1 (switch_state bits 12-14: 0)
2026-03-18 11:22:29,720 DEBUG [backend.app.services.bambu_mqtt] [[SERIAL]] info.temp direct: 31°C (heater OFF)
2026-03-18 11:22:29,720 DEBUG [backend.app.services.bambu_mqtt] [[SERIAL]] ctc_info keys: ['temp']
2026-03-18 11:22:29,720 DEBUG [backend.app.services.bambu_mqtt] [[SERIAL]] Chamber heating calculated: target=0.0, current=31.0, heating=False, respect_local=False
2026-03-18 11:22:29,720 DEBUG [backend.app.services.bambu_mqtt] [[SERIAL]] Chamber temp updated to: 31.0, target: 0.0, heating: False
2026-03-18 11:22:29,720 DEBUG [backend.app.services.bambu_mqtt] [[SERIAL]] HMS data received: [{'attr': 201326848, 'code': 131074}]
2026-03-18 11:22:29,720 DEBUG [backend.app.services.bambu_mqtt] [[SERIAL]] ipcam field: {'agora_service': 'disable', 'brtc_service': 'enable', 'bs_state': 0, 'ipcam_dev': '1', 'ipcam_record': 'enable', 'laser_preview_res': 7, 'mode_bits': 2, 'resolution': '1080p', 'rtsp_url': 'rtsps://[IP]:322/streaming/live/1', 'timelapse': 'disable', 'tl_store_hpd_type': 2, 'tl_store_path_type': 2, 'tutk_server': 'disable'}
2026-03-18 11:22:29,720 DEBUG [backend.app.services.bambu_mqtt] [[SERIAL]] wifi_signal received: -72dBm
2026-03-18 11:22:29,721 DEBUG [backend.app.services.bambu_mqtt] [[SERIAL]] lights_report: [{'mode': 'on', 'node': 'chamber_light'}, {'mode': 'flashing', 'node': 'work_light'}]
2026-03-18 11:22:29,721 DEBUG [backend.app.services.bambu_mqtt] [[SERIAL]] MQTT mapping field: [0, 3]
2026-03-18 11:22:29,721 DEBUG [backend.app.services.bambu_mqtt] [[SERIAL]] gcode_state: RUNNING -> RUNNING, file: /data/Metadata/plate_4.gcode, subtask: X1 Schwarz Ohne Mund
2026-03-18 11:22:30,575 DEBUG [backend.app.services.bambu_mqtt] [[SERIAL]] Merged AMS data: 1 new units, 1 total
2026-03-18 11:22:30,575 DEBUG [backend.app.services.bambu_mqtt] [[SERIAL]] AMS 0 info=0x2003 -> extruder 0
2026-03-18 11:22:30,575 DEBUG [backend.app.services.bambu_mqtt] [[SERIAL]] ams_extruder_map: {'0': 0}
2026-03-18 11:22:30,575 DEBUG [backend.app.services.bambu_mqtt] [[SERIAL]] Received command response: push_status
2026-03-18 11:22:30,575 DEBUG [backend.app.services.bambu_mqtt] [[SERIAL]] mc_print_sub_stage changed: 1 -> 2
2026-03-18 11:22:30,575 DEBUG [backend.app.services.bambu_mqtt] [[SERIAL]] stg_cur changed: 3 -> 14 (Cleaning nozzle tip)
2026-03-18 11:22:30,818 DEBUG [backend.app.services.bambu_mqtt] [[SERIAL]] Found xcam inside print data: {'allow_skip_parts': False, 'buildplate_marker_detector': False, 'first_layer_inspector': True, 'halt_print_sensitivity': 'medium', 'print_halt': True, 'printing_monitor': True, 'spaghetti_detector': True}
2026-03-18 11:22:30,818 DEBUG [backend.app.services.bambu_mqtt] [[SERIAL]] Parsing xcam data - all fields: ['allow_skip_parts', 'buildplate_marker_detector', 'first_layer_inspector', 'halt_print_sensitivity', 'print_halt', 'printing_monitor', 'spaghetti_detector']
2026-03-18 11:22:30,818 DEBUG [backend.app.services.bambu_mqtt] [[SERIAL]] Received gcode_state: RUNNING, gcode_file: /data/Metadata/plate_4.gcode, subtask_name: X1 Schwarz Ohne Mund
2026-03-18 11:22:30,818 DEBUG [backend.app.services.bambu_mqtt] [[SERIAL]] AMS dict fields: {'ams_exist_bits': '1', 'ams_exist_bits_raw': '1', 'cali_id': 0, 'cali_stat': 0, 'insert_flag': True, 'power_on_flag': True, 'tray_exist_bits': 'd', 'tray_is_bbl_bits': 'd', 'tray_now': '0', 'tray_pre': '0', 'tray_read_done_bits': 'd', 'tray_reading_bits': '0', 'tray_tar': '0', 'unbind_ams_stat': 0, 'version': 135}
2026-03-18 11:22:30,818 DEBUG [backend.app.services.bambu_mqtt] [[SERIAL]] tray_now updated: 0
2026-03-18 11:22:30,819 DEBUG [backend.app.services.bambu_mqtt] [[SERIAL]] Merged AMS data: 1 new units, 1 total
2026-03-18 11:22:30,819 DEBUG [backend.app.services.bambu_mqtt] [[SERIAL]] AMS 0 info=0x1001 -> extruder 0
2026-03-18 11:22:30,819 DEBUG [backend.app.services.bambu_mqtt] [[SERIAL]] ams_extruder_map: {'0': 0}
2026-03-18 11:22:30,819 DEBUG [backend.app.services.bambu_mqtt] [[SERIAL]] ams_status: 768 (main=3, sub=0)
2026-03-18 11:22:30,819 DEBUG [backend.app.services.bambu_mqtt] [[SERIAL]] Received command response: push_status
2026-03-18 11:22:30,819 DEBUG [backend.app.services.bambu_mqtt] [[SERIAL]] device.extruder.state=1 (switch_state bits 12-14: 0)
2026-03-18 11:22:30,819 DEBUG [backend.app.services.bambu_mqtt] [[SERIAL]] info.temp direct: 31°C (heater OFF)
2026-03-18 11:22:30,820 DEBUG [backend.app.services.bambu_mqtt] [[SERIAL]] ctc_info keys: ['temp']
2026-03-18 11:22:30,820 DEBUG [backend.app.services.bambu_mqtt] [[SERIAL]] Chamber heating calculated: target=0.0, current=31.0, heating=False, respect_local=False
2026-03-18 11:22:30,820 DEBUG [backend.app.services.bambu_mqtt] [[SERIAL]] Chamber temp updated to: 31.0, target: 0.0, heating: False
2026-03-18 11:22:30,820 DEBUG [backend.app.services.bambu_mqtt] [[SERIAL]] HMS data received: [{'attr': 201326848, 'code': 131074}]
2026-03-18 11:22:30,820 DEBUG [backend.app.services.bambu_mqtt] [[SERIAL]] ipcam field: {'agora_service': 'disable', 'brtc_service': 'enable', 'bs_state': 0, 'ipcam_dev': '1', 'ipcam_record': 'enable', 'laser_preview_res': 7, 'mode_bits': 2, 'resolution': '1080p', 'rtsp_url': 'rtsps://[IP]:322/streaming/live/1', 'timelapse': 'disable', 'tl_store_hpd_type': 2, 'tl_store_path_type': 2, 'tutk_server': 'disable'}
2026-03-18 11:22:30,820 DEBUG [backend.app.services.bambu_mqtt] [[SERIAL]] wifi_signal received: -72dBm
2026-03-18 11:22:30,820 DEBUG [backend.app.services.bambu_mqtt] [[SERIAL]] lights_report: [{'mode': 'on', 'node': 'chamber_light'}, {'mode': 'flashing', 'node': 'work_light'}]
2026-03-18 11:22:30,821 DEBUG [backend.app.services.bambu_mqtt] [[SERIAL]] MQTT mapping field: [0, 3]
2026-03-18 11:22:30,821 DEBUG [backend.app.services.bambu_mqtt] [[SERIAL]] gcode_state: RUNNING -> RUNNING, file: /data/Metadata/plate_4.gcode, subtask: X1 Schwarz Ohne Mund
2026-03-18 11:22:31,898 DEBUG [backend.app.services.bambu_mqtt] [[SERIAL]] Found xcam inside print data: {'allow_skip_parts': False, 'buildplate_marker_detector': False, 'first_layer_inspector': True, 'halt_print_sensitivity': 'medium', 'print_halt': True, 'printing_monitor': True, 'spaghetti_detector': True}
2026-03-18 11:22:31,899 DEBUG [backend.app.services.bambu_mqtt] [[SERIAL]] Parsing xcam data - all fields: ['allow_skip_parts', 'buildplate_marker_detector', 'first_layer_inspector', 'halt_print_sensitivity', 'print_halt', 'printing_monitor', 'spaghetti_detector']
2026-03-18 11:22:31,899 DEBUG [backend.app.services.bambu_mqtt] [[SERIAL]] Received gcode_state: RUNNING, gcode_file: /data/Metadata/plate_4.gcode, subtask_name: X1 Schwarz Ohne Mund
2026-03-18 11:22:31,899 DEBUG [backend.app.services.bambu_mqtt] [[SERIAL]] AMS dict fields: {'ams_exist_bits': '1', 'ams_exist_bits_raw': '1', 'cali_id': 0, 'cali_stat': 0, 'insert_flag': True, 'power_on_flag': True, 'tray_exist_bits': 'd', 'tray_is_bbl_bits': 'd', 'tray_now': '0', 'tray_pre': '0', 'tray_read_done_bits': 'd', 'tray_reading_bits': '0', 'tray_tar': '0', 'unbind_ams_stat': 0, 'version': 135}
2026-03-18 11:22:31,899 DEBUG [backend.app.services.bambu_mqtt] [[SERIAL]] tray_now updated: 0
2026-03-18 11:22:31,899 DEBUG [backend.app.services.bambu_mqtt] [[SERIAL]] Merged AMS data: 1 new units, 1 total
2026-03-18 11:22:31,899 DEBUG [backend.app.services.bambu_mqtt] [[SERIAL]] AMS 0 info=0x1001 -> extruder 0
2026-03-18 11:22:31,900 DEBUG [backend.app.services.bambu_mqtt] [[SERIAL]] ams_extruder_map: {'0': 0}
2026-03-18 11:22:31,900 DEBUG [backend.app.services.bambu_mqtt] [[SERIAL]] ams_status: 768 (main=3, sub=0)
2026-03-18 11:22:31,900 DEBUG [backend.app.services.bambu_mqtt] [[SERIAL]] Received command response: push_status
2026-03-18 11:22:31,900 DEBUG [backend.app.services.bambu_mqtt] [[SERIAL]] device.extruder.state=1 (switch_state bits 12-14: 0)
2026-03-18 11:22:31,900 DEBUG [backend.app.services.bambu_mqtt] [[SERIAL]] info.temp direct: 31°C (heater OFF)
2026-03-18 11:22:31,900 DEBUG [backend.app.services.bambu_mqtt] [[SERIAL]] ctc_info keys: ['temp']
2026-03-18 11:22:31,900 DEBUG [backend.app.services.bambu_mqtt] [[SERIAL]] Chamber heating calculated: target=0.0, current=31.0, heating=False, respect_local=False
2026-03-18 11:22:31,901 DEBUG [backend.app.services.bambu_mqtt] [[SERIAL]] Chamber temp updated to: 31.0, target: 0.0, heating: False
2026-03-18 11:22:31,901 DEBUG [backend.app.services.bambu_mqtt] [[SERIAL]] HMS data received: [{'attr': 201326848, 'code': 131074}]
2026-03-18 11:22:31,901 DEBUG [backend.app.services.bambu_mqtt] [[SERIAL]] ipcam field: {'agora_service': 'disable', 'brtc_service': 'enable', 'bs_state': 0, 'ipcam_dev': '1', 'ipcam_record': 'enable', 'laser_preview_res': 7, 'mode_bits': 2, 'resolution': '1080p', 'rtsp_url': 'rtsps://[IP]:322/streaming/live/1', 'timelapse': 'disable', 'tl_store_hpd_type': 2, 'tl_store_path_type': 2, 'tutk_server': 'disable'}
2026-03-18 11:22:31,901 DEBUG [backend.app.services.bambu_mqtt] [[SERIAL]] wifi_signal received: -72dBm
2026-03-18 11:22:31,901 DEBUG [backend.app.services.bambu_mqtt] [[SERIAL]] lights_report: [{'mode': 'on', 'node': 'chamber_light'}, {'mode': 'flashing', 'node': 'work_light'}]
2026-03-18 11:22:31,901 DEBUG [backend.app.services.bambu_mqtt] [[SERIAL]] MQTT mapping field: [0, 3]
2026-03-18 11:22:31,902 DEBUG [backend.app.services.bambu_mqtt] [[SERIAL]] gcode_state: RUNNING -> RUNNING, file: /data/Metadata/plate_4.gcode, subtask: X1 Schwarz Ohne Mund
2026-03-18 11:22:32,601 DEBUG [backend.app.services.bambu_mqtt] [[SERIAL]] Merged AMS data: 1 new units, 1 total
2026-03-18 11:22:32,602 DEBUG [backend.app.services.bambu_mqtt] [[SERIAL]] AMS 0 info=0x2003 -> extruder 0
2026-03-18 11:22:32,602 DEBUG [backend.app.services.bambu_mqtt] [[SERIAL]] ams_extruder_map: {'0': 0}
2026-03-18 11:22:32,602 DEBUG [backend.app.services.bambu_mqtt] [[SERIAL]] Received command response: push_status
2026-03-18 11:22:33,131 DEBUG [backend.app.services.bambu_mqtt] [[SERIAL]] Found xcam inside print data: {'allow_skip_parts': False, 'buildplate_marker_detector': False, 'first_layer_inspector': True, 'halt_print_sensitivity': 'medium', 'print_halt': True, 'printing_monitor': True, 'spaghetti_detector': True}
2026-03-18 11:22:33,131 DEBUG [backend.app.services.bambu_mqtt] [[SERIAL]] Parsing xcam data - all fields: ['allow_skip_parts', 'buildplate_marker_detector', 'first_layer_inspector', 'halt_print_sensitivity', 'print_halt', 'printing_monitor', 'spaghetti_detector']
2026-03-18 11:22:33,131 DEBUG [backend.app.services.bambu_mqtt] [[SERIAL]] Received gcode_state: RUNNING, gcode_file: /data/Metadata/plate_4.gcode, subtask_name: X1 Schwarz Ohne Mund
2026-03-18 11:22:33,131 DEBUG [backend.app.services.bambu_mqtt] [[SERIAL]] AMS dict fields: {'ams_exist_bits': '1', 'ams_exist_bits_raw': '1', 'cali_id': 0, 'cali_stat': 0, 'insert_flag': True, 'power_on_flag': True, 'tray_exist_bits': 'd', 'tray_is_bbl_bits': 'd', 'tray_now': '0', 'tray_pre': '0', 'tray_read_done_bits': 'd', 'tray_reading_bits': '0', 'tray_tar': '0', 'unbind_ams_stat': 0, 'version': 135}
2026-03-18 11:22:33,131 DEBUG [backend.app.services.bambu_mqtt] [[SERIAL]] tray_now updated: 0
2026-03-18 11:22:33,132 DEBUG [backend.app.services.bambu_mqtt] [[SERIAL]] Merged AMS data: 1 new units, 1 total
2026-03-18 11:22:33,132 DEBUG [backend.app.services.bambu_mqtt] [[SERIAL]] AMS 0 info=0x1001 -> extruder 0
2026-03-18 11:22:33,132 DEBUG [backend.app.services.bambu_mqtt] [[SERIAL]] ams_extruder_map: {'0': 0}
2026-03-18 11:22:33,132 DEBUG [backend.app.services.bambu_mqtt] [[SERIAL]] ams_status: 768 (main=3, sub=0)
2026-03-18 11:22:33,132 DEBUG [backend.app.services.bambu_mqtt] [[SERIAL]] Received command response: push_status
2026-03-18 11:22:33,132 DEBUG [backend.app.services.bambu_mqtt] [[SERIAL]] device.extruder.state=1 (switch_state bits 12-14: 0)
2026-03-18 11:22:33,132 DEBUG [backend.app.services.bambu_mqtt] [[SERIAL]] info.temp direct: 31°C (heater OFF)
2026-03-18 11:22:33,133 DEBUG [backend.app.services.bambu_mqtt] [[SERIAL]] ctc_info keys: ['temp']
2026-03-18 11:22:33,133 DEBUG [backend.app.services.bambu_mqtt] [[SERIAL]] Chamber heating calculated: target=0.0, current=31.0, heating=False, respect_local=False
2026-03-18 11:22:33,133 DEBUG [backend.app.services.bambu_mqtt] [[SERIAL]] Chamber temp updated to: 31.0, target: 0.0, heating: False
2026-03-18 11:22:33,133 DEBUG [backend.app.services.bambu_mqtt] [[SERIAL]] HMS data received: [{'attr': 201326848, 'code': 131074}]
2026-03-18 11:22:33,133 DEBUG [backend.app.services.bambu_mqtt] [[SERIAL]] ipcam field: {'agora_service': 'disable', 'brtc_service': 'enable', 'bs_state': 0, 'ipcam_dev': '1', 'ipcam_record': 'enable', 'laser_preview_res': 7, 'mode_bits': 2, 'resolution': '1080p', 'rtsp_url': 'rtsps://[IP]:322/streaming/live/1', 'timelapse': 'disable', 'tl_store_hpd_type': 2, 'tl_store_path_type': 2, 'tutk_server': 'disable'}
2026-03-18 11:22:33,133 DEBUG [backend.app.services.bambu_mqtt] [[SERIAL]] wifi_signal received: -72dBm
2026-03-18 11:22:33,133 DEBUG [backend.app.services.bambu_mqtt] [[SERIAL]] lights_report: [{'mode': 'on', 'node': 'chamber_light'}, {'mode': 'flashing', 'node': 'work_light'}]
2026-03-18 11:22:33,134 DEBUG [backend.app.services.bambu_mqtt] [[SERIAL]] MQTT mapping field: [0, 3]
2026-03-18 11:22:33,134 DEBUG [backend.app.services.bambu_mqtt] [[SERIAL]] gcode_state: RUNNING -> RUNNING, file: /data/Metadata/plate_4.gcode, subtask: X1 Schwarz Ohne Mund
2026-03-18 11:22:34,229 DEBUG [backend.app.services.bambu_mqtt] [[SERIAL]] Found xcam inside print data: {'allow_skip_parts': False, 'buildplate_marker_detector': False, 'first_layer_inspector': True, 'halt_print_sensitivity': 'medium', 'print_halt': True, 'printing_monitor': True, 'spaghetti_detector': True}
2026-03-18 11:22:34,229 DEBUG [backend.app.services.bambu_mqtt] [[SERIAL]] Parsing xcam data - all fields: ['allow_skip_parts', 'buildplate_marker_detector', 'first_layer_inspector', 'halt_print_sensitivity', 'print_halt', 'printing_monitor', 'spaghetti_detector']
2026-03-18 11:22:34,230 DEBUG [backend.app.services.bambu_mqtt] [[SERIAL]] Received gcode_state: RUNNING, gcode_file: /data/Metadata/plate_4.gcode, subtask_name: X1 Schwarz Ohne Mund
2026-03-18 11:22:34,230 DEBUG [backend.app.services.bambu_mqtt] [[SERIAL]] AMS dict fields: {'ams_exist_bits': '1', 'ams_exist_bits_raw': '1', 'cali_id': 0, 'cali_stat': 0, 'insert_flag': True, 'power_on_flag': True, 'tray_exist_bits': 'd', 'tray_is_bbl_bits': 'd', 'tray_now': '0', 'tray_pre': '0', 'tray_read_done_bits': 'd', 'tray_reading_bits': '0', 'tray_tar': '0', 'unbind_ams_stat': 0, 'version': 135}
2026-03-18 11:22:34,230 DEBUG [backend.app.services.bambu_mqtt] [[SERIAL]] tray_now updated: 0
2026-03-18 11:22:34,230 DEBUG [backend.app.services.bambu_mqtt] [[SERIAL]] Merged AMS data: 1 new units, 1 total
2026-03-18 11:22:34,230 DEBUG [backend.app.services.bambu_mqtt] [[SERIAL]] AMS 0 info=0x1001 -> extruder 0
2026-03-18 11:22:34,230 DEBUG [backend.app.services.bambu_mqtt] [[SERIAL]] ams_extruder_map: {'0': 0}
2026-03-18 11:22:34,230 DEBUG [backend.app.services.bambu_mqtt] [[SERIAL]] ams_status: 768 (main=3, sub=0)
2026-03-18 11:22:34,230 DEBUG [backend.app.services.bambu_mqtt] [[SERIAL]] Received command response: push_status
2026-03-18 11:22:34,231 DEBUG [backend.app.services.bambu_mqtt] [[SERIAL]] device.extruder.state=1 (switch_state bits 12-14: 0)
2026-03-18 11:22:34,231 DEBUG [backend.app.services.bambu_mqtt] [[SERIAL]] info.temp direct: 31°C (heater OFF)
2026-03-18 11:22:34,231 DEBUG [backend.app.services.bambu_mqtt] [[SERIAL]] ctc_info keys: ['temp']
2026-03-18 11:22:34,231 DEBUG [backend.app.services.bambu_mqtt] [[SERIAL]] Chamber heating calculated: target=0.0, current=31.0, heating=False, respect_local=False
2026-03-18 11:22:34,231 DEBUG [backend.app.services.bambu_mqtt] [[SERIAL]] Chamber temp updated to: 31.0, target: 0.0, heating: False
2026-03-18 11:22:34,231 DEBUG [backend.app.services.bambu_mqtt] [[SERIAL]] HMS data received: [{'attr': 201326848, 'code': 131074}]
2026-03-18 11:22:34,231 DEBUG [backend.app.services.bambu_mqtt] [[SERIAL]] ipcam field: {'agora_service': 'disable', 'brtc_service': 'enable', 'bs_state': 0, 'ipcam_dev': '1', 'ipcam_record': 'enable', 'laser_preview_res': 7, 'mode_bits': 2, 'resolution': '1080p', 'rtsp_url': 'rtsps://[IP]:322/streaming/live/1', 'timelapse': 'disable', 'tl_store_hpd_type': 2, 'tl_store_path_type': 2, 'tutk_server': 'disable'}
2026-03-18 11:22:34,232 DEBUG [backend.app.services.bambu_mqtt] [[SERIAL]] wifi_signal received: -72dBm
2026-03-18 11:22:34,232 DEBUG [backend.app.services.bambu_mqtt] [[SERIAL]] lights_report: [{'mode': 'on', 'node': 'chamber_light'}, {'mode': 'flashing', 'node': 'work_light'}]
2026-03-18 11:22:34,232 DEBUG [backend.app.services.bambu_mqtt] [[SERIAL]] MQTT mapping field: [0, 3]
2026-03-18 11:22:34,232 DEBUG [backend.app.services.bambu_mqtt] [[SERIAL]] gcode_state: RUNNING -> RUNNING, file: /data/Metadata/plate_4.gcode, subtask: X1 Schwarz Ohne Mund
2026-03-18 11:22:34,628 DEBUG [backend.app.services.bambu_mqtt] [[SERIAL]] Received command response: push_status
2026-03-18 11:22:35,303 DEBUG [backend.app.services.bambu_mqtt] [[SERIAL]] Found xcam inside print data: {'allow_skip_parts': False, 'buildplate_marker_detector': False, 'first_layer_inspector': True, 'halt_print_sensitivity': 'medium', 'print_halt': True, 'printing_monitor': True, 'spaghetti_detector': True}
2026-03-18 11:22:35,304 DEBUG [backend.app.services.bambu_mqtt] [[SERIAL]] Parsing xcam data - all fields: ['allow_skip_parts', 'buildplate_marker_detector', 'first_layer_inspector', 'halt_print_sensitivity', 'print_halt', 'printing_monitor', 'spaghetti_detector']
2026-03-18 11:22:35,304 DEBUG [backend.app.services.bambu_mqtt] [[SERIAL]] Received gcode_state: RUNNING, gcode_file: /data/Metadata/plate_4.gcode, subtask_name: X1 Schwarz Ohne Mund
2026-03-18 11:22:35,304 DEBUG [backend.app.services.bambu_mqtt] [[SERIAL]] AMS dict fields: {'ams_exist_bits': '1', 'ams_exist_bits_raw': '1', 'cali_id': 0, 'cali_stat': 0, 'insert_flag': True, 'power_on_flag': True, 'tray_exist_bits': 'd', 'tray_is_bbl_bits': 'd', 'tray_now': '0', 'tray_pre': '0', 'tray_read_done_bits': 'd', 'tray_reading_bits': '0', 'tray_tar': '0', 'unbind_ams_stat': 0, 'version': 135}
2026-03-18 11:22:35,304 DEBUG [backend.app.services.bambu_mqtt] [[SERIAL]] tray_now updated: 0
2026-03-18 11:22:35,304 DEBUG [backend.app.services.bambu_mqtt] [[SERIAL]] Merged AMS data: 1 new units, 1 total
2026-03-18 11:22:35,304 DEBUG [backend.app.services.bambu_mqtt] [[SERIAL]] AMS 0 info=0x1001 -> extruder 0
2026-03-18 11:22:35,304 DEBUG [backend.app.services.bambu_mqtt] [[SERIAL]] ams_extruder_map: {'0': 0}
2026-03-18 11:22:35,305 DEBUG [backend.app.services.bambu_mqtt] [[SERIAL]] ams_status: 768 (main=3, sub=0)
2026-03-18 11:22:35,305 DEBUG [backend.app.services.bambu_mqtt] [[SERIAL]] Received command response: push_status
2026-03-18 11:22:35,305 DEBUG [backend.app.services.bambu_mqtt] [[SERIAL]] device.extruder.state=1 (switch_state bits 12-14: 0)
2026-03-18 11:22:35,305 DEBUG [backend.app.services.bambu_mqtt] [[SERIAL]] info.temp direct: 31°C (heater OFF)
2026-03-18 11:22:35,305 DEBUG [backend.app.services.bambu_mqtt] [[SERIAL]] ctc_info keys: ['temp']
2026-03-18 11:22:35,305 DEBUG [backend.app.services.bambu_mqtt] [[SERIAL]] Chamber heating calculated: target=0.0, current=31.0, heating=False, respect_local=False
2026-03-18 11:22:35,305 DEBUG [backend.app.services.bambu_mqtt] [[SERIAL]] Chamber temp updated to: 31.0, target: 0.0, heating: False
2026-03-18 11:22:35,306 DEBUG [backend.app.services.bambu_mqtt] [[SERIAL]] HMS data received: [{'attr': 201326848, 'code': 131074}]
2026-03-18 11:22:35,306 DEBUG [backend.app.services.bambu_mqtt] [[SERIAL]] ipcam field: {'agora_service': 'disable', 'brtc_service': 'enable', 'bs_state': 0, 'ipcam_dev': '1', 'ipcam_record': 'enable', 'laser_preview_res': 7, 'mode_bits': 2, 'resolution': '1080p', 'rtsp_url': 'rtsps://[IP]:322/streaming/live/1', 'timelapse': 'disable', 'tl_store_hpd_type': 2, 'tl_store_path_type': 2, 'tutk_server': 'disable'}
2026-03-18 11:22:35,306 DEBUG [backend.app.services.bambu_mqtt] [[SERIAL]] wifi_signal received: -72dBm
2026-03-18 11:22:35,306 DEBUG [backend.app.services.bambu_mqtt] [[SERIAL]] lights_report: [{'mode': 'on', 'node': 'chamber_light'}, {'mode': 'flashing', 'node': 'work_light'}]
2026-03-18 11:22:35,306 DEBUG [backend.app.services.bambu_mqtt] [[SERIAL]] MQTT mapping field: [0, 3]
2026-03-18 11:22:35,306 DEBUG [backend.app.services.bambu_mqtt] [[SERIAL]] gcode_state: RUNNING -> RUNNING, file: /data/Metadata/plate_4.gcode, subtask: X1 Schwarz Ohne Mund
2026-03-18 11:22:36,367 DEBUG [backend.app.services.bambu_mqtt] [[SERIAL]] Found xcam inside print data: {'allow_skip_parts': False, 'buildplate_marker_detector': False, 'first_layer_inspector': True, 'halt_print_sensitivity': 'medium', 'print_halt': True, 'printing_monitor': True, 'spaghetti_detector': True}
2026-03-18 11:22:36,368 DEBUG [backend.app.services.bambu_mqtt] [[SERIAL]] Parsing xcam data - all fields: ['allow_skip_parts', 'buildplate_marker_detector', 'first_layer_inspector', 'halt_print_sensitivity', 'print_halt', 'printing_monitor', 'spaghetti_detector']
2026-03-18 11:22:36,368 DEBUG [backend.app.services.bambu_mqtt] [[SERIAL]] Received gcode_state: RUNNING, gcode_file: /data/Metadata/plate_4.gcode, subtask_name: X1 Schwarz Ohne Mund
2026-03-18 11:22:36,368 DEBUG [backend.app.services.bambu_mqtt] [[SERIAL]] AMS dict fields: {'ams_exist_bits': '1', 'ams_exist_bits_raw': '1', 'cali_id': 0, 'cali_stat': 0, 'insert_flag': True, 'power_on_flag': True, 'tray_exist_bits': 'd', 'tray_is_bbl_bits': 'd', 'tray_now': '0', 'tray_pre': '0', 'tray_read_done_bits': 'd', 'tray_reading_bits': '0', 'tray_tar': '0', 'unbind_ams_stat': 0, 'version': 135}
2026-03-18 11:22:36,368 DEBUG [backend.app.services.bambu_mqtt] [[SERIAL]] tray_now updated: 0
2026-03-18 11:22:36,368 DEBUG [backend.app.services.bambu_mqtt] [[SERIAL]] Merged AMS data: 1 new units, 1 total
2026-03-18 11:22:36,369 DEBUG [backend.app.services.bambu_mqtt] [[SERIAL]] AMS 0 info=0x1001 -> extruder 0
2026-03-18 11:22:36,369 DEBUG [backend.app.services.bambu_mqtt] [[SERIAL]] ams_extruder_map: {'0': 0}
2026-03-18 11:22:36,369 DEBUG [backend.app.services.bambu_mqtt] [[SERIAL]] ams_status: 768 (main=3, sub=0)
2026-03-18 11:22:36,369 DEBUG [backend.app.services.bambu_mqtt] [[SERIAL]] Received command response: push_status
2026-03-18 11:22:36,369 DEBUG [backend.app.services.bambu_mqtt] [[SERIAL]] device.extruder.state=1 (switch_state bits 12-14: 0)
2026-03-18 11:22:36,369 DEBUG [backend.app.services.bambu_mqtt] [[SERIAL]] info.temp direct: 31°C (heater OFF)
2026-03-18 11:22:36,369 DEBUG [backend.app.services.bambu_mqtt] [[SERIAL]] ctc_info keys: ['temp']
2026-03-18 11:22:36,370 DEBUG [backend.app.services.bambu_mqtt] [[SERIAL]] Chamber heating calculated: target=0.0, current=31.0, heating=False, respect_local=False
2026-03-18 11:22:36,370 DEBUG [backend.app.services.bambu_mqtt] [[SERIAL]] Chamber temp updated to: 31.0, target: 0.0, heating: False
2026-03-18 11:22:36,370 DEBUG [backend.app.services.bambu_mqtt] [[SERIAL]] HMS data received: [{'attr': 201326848, 'code': 131074}]
2026-03-18 11:22:36,370 DEBUG [backend.app.services.bambu_mqtt] [[SERIAL]] ipcam field: {'agora_service': 'disable', 'brtc_service': 'enable', 'bs_state': 0, 'ipcam_dev': '1', 'ipcam_record': 'enable', 'laser_preview_res': 7, 'mode_bits': 2, 'resolution': '1080p', 'rtsp_url': 'rtsps://[IP]:322/streaming/live/1', 'timelapse': 'disable', 'tl_store_hpd_type': 2, 'tl_store_path_type': 2, 'tutk_server': 'disable'}
2026-03-18 11:22:36,370 DEBUG [backend.app.services.bambu_mqtt] [[SERIAL]] wifi_signal received: -72dBm
2026-03-18 11:22:36,370 DEBUG [backend.app.services.bambu_mqtt] [[SERIAL]] lights_report: [{'mode': 'on', 'node': 'chamber_light'}, {'mode': 'flashing', 'node': 'work_light'}]
2026-03-18 11:22:36,371 DEBUG [backend.app.services.bambu_mqtt] [[SERIAL]] MQTT mapping field: [0, 3]
2026-03-18 11:22:36,371 DEBUG [backend.app.services.bambu_mqtt] [[SERIAL]] gcode_state: RUNNING -> RUNNING, file: /data/Metadata/plate_4.gcode, subtask: X1 Schwarz Ohne Mund
2026-03-18 11:22:37,473 DEBUG [backend.app.services.bambu_mqtt] [[SERIAL]] Found xcam inside print data: {'allow_skip_parts': False, 'buildplate_marker_detector': False, 'first_layer_inspector': True, 'halt_print_sensitivity': 'medium', 'print_halt': True, 'printing_monitor': True, 'spaghetti_detector': True}
2026-03-18 11:22:37,473 DEBUG [backend.app.services.bambu_mqtt] [[SERIAL]] Parsing xcam data - all fields: ['allow_skip_parts', 'buildplate_marker_detector', 'first_layer_inspector', 'halt_print_sensitivity', 'print_halt', 'printing_monitor', 'spaghetti_detector']
2026-03-18 11:22:37,473 DEBUG [backend.app.services.bambu_mqtt] [[SERIAL]] Received gcode_state: RUNNING, gcode_file: /data/Metadata/plate_4.gcode, subtask_name: X1 Schwarz Ohne Mund
2026-03-18 11:22:37,473 DEBUG [backend.app.services.bambu_mqtt] [[SERIAL]] AMS dict fields: {'ams_exist_bits': '1', 'ams_exist_bits_raw': '1', 'cali_id': 0, 'cali_stat': 0, 'insert_flag': True, 'power_on_flag': True, 'tray_exist_bits': 'd', 'tray_is_bbl_bits': 'd', 'tray_now': '0', 'tray_pre': '0', 'tray_read_done_bits': 'd', 'tray_reading_bits': '0', 'tray_tar': '0', 'unbind_ams_stat': 0, 'version': 135}
2026-03-18 11:22:37,473 DEBUG [backend.app.services.bambu_mqtt] [[SERIAL]] tray_now updated: 0
2026-03-18 11:22:37,473 DEBUG [backend.app.services.bambu_mqtt] [[SERIAL]] Merged AMS data: 1 new units, 1 total
2026-03-18 11:22:37,474 DEBUG [backend.app.services.bambu_mqtt] [[SERIAL]] AMS 0 info=0x1001 -> extruder 0
2026-03-18 11:22:37,474 DEBUG [backend.app.services.bambu_mqtt] [[SERIAL]] ams_extruder_map: {'0': 0}
2026-03-18 11:22:37,474 DEBUG [backend.app.services.bambu_mqtt] [[SERIAL]] ams_status: 768 (main=3, sub=0)
2026-03-18 11:22:37,474 DEBUG [backend.app.services.bambu_mqtt] [[SERIAL]] Received command response: push_status
2026-03-18 11:22:37,474 DEBUG [backend.app.services.bambu_mqtt] [[SERIAL]] device.extruder.state=1 (switch_state bits 12-14: 0)
2026-03-18 11:22:37,474 DEBUG [backend.app.services.bambu_mqtt] [[SERIAL]] info.temp direct: 31°C (heater OFF)
2026-03-18 11:22:37,474 DEBUG [backend.app.services.bambu_mqtt] [[SERIAL]] ctc_info keys: ['temp']
2026-03-18 11:22:37,475 DEBUG [backend.app.services.bambu_mqtt] [[SERIAL]] Chamber heating calculated: target=0.0, current=31.0, heating=False, respect_local=False
2026-03-18 11:22:37,475 DEBUG [backend.app.services.bambu_mqtt] [[SERIAL]] Chamber temp updated to: 31.0, target: 0.0, heating: False
2026-03-18 11:22:37,475 DEBUG [backend.app.services.bambu_mqtt] [[SERIAL]] HMS data received: [{'attr': 201326848, 'code': 131074}]
2026-03-18 11:22:37,475 DEBUG [backend.app.services.bambu_mqtt] [[SERIAL]] ipcam field: {'agora_service': 'disable', 'brtc_service': 'enable', 'bs_state': 0, 'ipcam_dev': '1', 'ipcam_record': 'enable', 'laser_preview_res': 7, 'mode_bits': 2, 'resolution': '1080p', 'rtsp_url': 'rtsps://[IP]:322/streaming/live/1', 'timelapse': 'disable', 'tl_store_hpd_type': 2, 'tl_store_path_type': 2, 'tutk_server': 'disable'}
2026-03-18 11:22:37,475 DEBUG [backend.app.services.bambu_mqtt] [[SERIAL]] wifi_signal received: -72dBm
2026-03-18 11:22:37,475 DEBUG [backend.app.services.bambu_mqtt] [[SERIAL]] lights_report: [{'mode': 'on', 'node': 'chamber_light'}, {'mode': 'flashing', 'node': 'work_light'}]
2026-03-18 11:22:37,475 DEBUG [backend.app.services.bambu_mqtt] [[SERIAL]] MQTT mapping field: [0, 3]
2026-03-18 11:22:37,476 DEBUG [backend.app.services.bambu_mqtt] [[SERIAL]] gcode_state: RUNNING -> RUNNING, file: /data/Metadata/plate_4.gcode, subtask: X1 Schwarz Ohne Mund
2026-03-18 11:22:38,587 DEBUG [backend.app.services.bambu_mqtt] [[SERIAL]] Found xcam inside print data: {'allow_skip_parts': False, 'buildplate_marker_detector': False, 'first_layer_inspector': True, 'halt_print_sensitivity': 'medium', 'print_halt': True, 'printing_monitor': True, 'spaghetti_detector': True}
2026-03-18 11:22:38,588 DEBUG [backend.app.services.bambu_mqtt] [[SERIAL]] Parsing xcam data - all fields: ['allow_skip_parts', 'buildplate_marker_detector', 'first_layer_inspector', 'halt_print_sensitivity', 'print_halt', 'printing_monitor', 'spaghetti_detector']
2026-03-18 11:22:38,588 DEBUG [backend.app.services.bambu_mqtt] [[SERIAL]] Received gcode_state: RUNNING, gcode_file: /data/Metadata/plate_4.gcode, subtask_name: X1 Schwarz Ohne Mund
2026-03-18 11:22:38,588 DEBUG [backend.app.services.bambu_mqtt] [[SERIAL]] AMS dict fields: {'ams_exist_bits': '1', 'ams_exist_bits_raw': '1', 'cali_id': 0, 'cali_stat': 0, 'insert_flag': True, 'power_on_flag': True, 'tray_exist_bits': 'd', 'tray_is_bbl_bits': 'd', 'tray_now': '0', 'tray_pre': '0', 'tray_read_done_bits': 'd', 'tray_reading_bits': '0', 'tray_tar': '0', 'unbind_ams_stat': 0, 'version': 135}
2026-03-18 11:22:38,588 DEBUG [backend.app.services.bambu_mqtt] [[SERIAL]] tray_now updated: 0
2026-03-18 11:22:38,588 DEBUG [backend.app.services.bambu_mqtt] [[SERIAL]] Merged AMS data: 1 new units, 1 total
2026-03-18 11:22:38,588 DEBUG [backend.app.services.bambu_mqtt] [[SERIAL]] AMS 0 info=0x1001 -> extruder 0
2026-03-18 11:22:38,589 DEBUG [backend.app.services.bambu_mqtt] [[SERIAL]] ams_extruder_map: {'0': 0}
2026-03-18 11:22:38,589 DEBUG [backend.app.services.bambu_mqtt] [[SERIAL]] ams_status: 768 (main=3, sub=0)
2026-03-18 11:22:38,589 DEBUG [backend.app.services.bambu_mqtt] [[SERIAL]] Received command response: push_status
2026-03-18 11:22:38,589 DEBUG [backend.app.services.bambu_mqtt] [[SERIAL]] device.extruder.state=1 (switch_state bits 12-14: 0)
2026-03-18 11:22:38,589 DEBUG [backend.app.services.bambu_mqtt] [[SERIAL]] info.temp direct: 31°C (heater OFF)
2026-03-18 11:22:38,589 DEBUG [backend.app.services.bambu_mqtt] [[SERIAL]] ctc_info keys: ['temp']
2026-03-18 11:22:38,589 DEBUG [backend.app.services.bambu_mqtt] [[SERIAL]] Chamber heating calculated: target=0.0, current=31.0, heating=False, respect_local=False
2026-03-18 11:22:38,590 DEBUG [backend.app.services.bambu_mqtt] [[SERIAL]] Chamber temp updated to: 31.0, target: 0.0, heating: False
2026-03-18 11:22:38,590 DEBUG [backend.app.services.bambu_mqtt] [[SERIAL]] HMS data received: [{'attr': 201326848, 'code': 131074}]
2026-03-18 11:22:38,590 DEBUG [backend.app.services.bambu_mqtt] [[SERIAL]] ipcam field: {'agora_service': 'disable', 'brtc_service': 'enable', 'bs_state': 0, 'ipcam_dev': '1', 'ipcam_record': 'enable', 'laser_preview_res': 7, 'mode_bits': 2, 'resolution': '1080p', 'rtsp_url': 'rtsps://[IP]:322/streaming/live/1', 'timelapse': 'disable', 'tl_store_hpd_type': 2, 'tl_store_path_type': 2, 'tutk_server': 'disable'}
2026-03-18 11:22:38,590 DEBUG [backend.app.services.bambu_mqtt] [[SERIAL]] wifi_signal received: -72dBm
2026-03-18 11:22:38,590 DEBUG [backend.app.services.bambu_mqtt] [[SERIAL]] lights_report: [{'mode': 'on', 'node': 'chamber_light'}, {'mode': 'flashing', 'node': 'work_light'}]
2026-03-18 11:22:38,590 DEBUG [backend.app.services.bambu_mqtt] [[SERIAL]] MQTT mapping field: [0, 3]
2026-03-18 11:22:38,591 DEBUG [backend.app.services.bambu_mqtt] [[SERIAL]] gcode_state: RUNNING -> RUNNING, file: /data/Metadata/plate_4.gcode, subtask: X1 Schwarz Ohne Mund
2026-03-18 11:22:38,667 DEBUG [backend.app.services.bambu_mqtt] [[SERIAL]] Received command response: push_status
2026-03-18 11:22:38,667 DEBUG [backend.app.services.bambu_mqtt] [[SERIAL]] wifi_signal received: -49dBm