2026-03-20 09:11:22,573 INFO [sqlalchemy.engine.Engine] SELECT sum(library_files.print_count) AS sum_1 
FROM library_files
2026-03-20 09:11:22,574 INFO [sqlalchemy.engine.Engine] [generated in 0.00020s] ()
2026-03-20 09:11:22,575 INFO [sqlalchemy.engine.Engine] COMMIT
2026-03-20 09:11:24,327 INFO [sqlalchemy.engine.Engine] BEGIN (implicit)
2026-03-20 09:11:24,327 INFO [sqlalchemy.engine.Engine] SELECT settings.id, settings."key", settings.value, settings.created_at, settings.updated_at 
FROM settings 
WHERE settings."key" = ?
2026-03-20 09:11:24,328 INFO [sqlalchemy.engine.Engine] [cached since 2679s ago] ('auth_enabled',)
2026-03-20 09:11:24,328 INFO [sqlalchemy.engine.Engine] BEGIN (implicit)
2026-03-20 09:11:24,328 INFO [sqlalchemy.engine.Engine] SELECT settings.id, settings."key", settings.value, settings.created_at, settings.updated_at 
FROM settings 
WHERE settings."key" = ?
2026-03-20 09:11:24,333 INFO [sqlalchemy.engine.Engine] [cached since 2679s ago] ('auth_enabled',)
2026-03-20 09:11:24,334 INFO [sqlalchemy.engine.Engine] ROLLBACK
2026-03-20 09:11:24,334 INFO [sqlalchemy.engine.Engine] ROLLBACK
2026-03-20 09:11:24,335 INFO [sqlalchemy.engine.Engine] BEGIN (implicit)
2026-03-20 09:11:24,335 INFO [sqlalchemy.engine.Engine] SELECT users.id, users.username, users.email, users.password_hash, users.role, users.is_active, users.created_at, users.updated_at, users.cloud_token, users.cloud_email 
FROM users 
WHERE lower(users.username) = lower(?)
2026-03-20 09:11:24,335 INFO [sqlalchemy.engine.Engine] [cached since 2674s ago] ('[USER]',)
2026-03-20 09:11:24,335 INFO [sqlalchemy.engine.Engine] BEGIN (implicit)
2026-03-20 09:11:24,336 INFO [sqlalchemy.engine.Engine] SELECT users.id, users.username, users.email, users.password_hash, users.role, users.is_active, users.created_at, users.updated_at, users.cloud_token, users.cloud_email 
FROM users 
WHERE lower(users.username) = lower(?)
2026-03-20 09:11:24,336 INFO [sqlalchemy.engine.Engine] [cached since 2674s ago] ('[USER]',)
2026-03-20 09:11:24,337 INFO [sqlalchemy.engine.Engine] SELECT users_1.id AS users_1_id, groups.id AS groups_id, groups.name AS groups_name, groups.description AS groups_description, groups.permissions AS groups_permissions, groups.is_system AS groups_is_system, groups.created_at AS groups_created_at, groups.updated_at AS groups_updated_at 
FROM users AS users_1 JOIN user_groups AS user_groups_1 ON users_1.id = user_groups_1.user_id JOIN groups ON groups.id = user_groups_1.group_id 
WHERE users_1.id IN (?)
2026-03-20 09:11:24,337 INFO [sqlalchemy.engine.Engine] [cached since 2674s ago] (1,)
2026-03-20 09:11:24,338 INFO [sqlalchemy.engine.Engine] SELECT users_1.id AS users_1_id, groups.id AS groups_id, groups.name AS groups_name, groups.description AS groups_description, groups.permissions AS groups_permissions, groups.is_system AS groups_is_system, groups.created_at AS groups_created_at, groups.updated_at AS groups_updated_at 
FROM users AS users_1 JOIN user_groups AS user_groups_1 ON users_1.id = user_groups_1.user_id JOIN groups ON groups.id = user_groups_1.group_id 
WHERE users_1.id IN (?)
2026-03-20 09:11:24,338 INFO [sqlalchemy.engine.Engine] [cached since 2674s ago] (1,)
2026-03-20 09:11:24,339 INFO [sqlalchemy.engine.Engine] ROLLBACK
2026-03-20 09:11:24,339 INFO [sqlalchemy.engine.Engine] ROLLBACK
2026-03-20 09:11:24,340 INFO [sqlalchemy.engine.Engine] BEGIN (implicit)
2026-03-20 09:11:24,341 INFO [sqlalchemy.engine.Engine] SELECT settings.id, settings."key", settings.value, settings.created_at, settings.updated_at 
FROM settings 
WHERE settings."key" = ?
2026-03-20 09:11:24,341 INFO [sqlalchemy.engine.Engine] [cached since 2679s ago] ('auth_enabled',)
2026-03-20 09:11:24,342 INFO [sqlalchemy.engine.Engine] BEGIN (implicit)
2026-03-20 09:11:24,342 INFO [sqlalchemy.engine.Engine] SELECT settings.id, settings."key", settings.value, settings.created_at, settings.updated_at 
FROM settings 
WHERE settings."key" = ?
2026-03-20 09:11:24,342 INFO [sqlalchemy.engine.Engine] [cached since 2679s ago] ('auth_enabled',)
2026-03-20 09:11:24,343 INFO [sqlalchemy.engine.Engine] SELECT users.id, users.username, users.email, users.password_hash, users.role, users.is_active, users.created_at, users.updated_at, users.cloud_token, users.cloud_email 
FROM users 
WHERE lower(users.username) = lower(?)
2026-03-20 09:11:24,343 INFO [sqlalchemy.engine.Engine] [cached since 2674s ago] ('[USER]',)
2026-03-20 09:11:24,344 INFO [sqlalchemy.engine.Engine] SELECT users.id, users.username, users.email, users.password_hash, users.role, users.is_active, users.created_at, users.updated_at, users.cloud_token, users.cloud_email 
FROM users 
WHERE lower(users.username) = lower(?)
2026-03-20 09:11:24,344 INFO [sqlalchemy.engine.Engine] [cached since 2674s ago] ('[USER]',)
2026-03-20 09:11:24,345 INFO [sqlalchemy.engine.Engine] SELECT users_1.id AS users_1_id, groups.id AS groups_id, groups.name AS groups_name, groups.description AS groups_description, groups.permissions AS groups_permissions, groups.is_system AS groups_is_system, groups.created_at AS groups_created_at, groups.updated_at AS groups_updated_at 
FROM users AS users_1 JOIN user_groups AS user_groups_1 ON users_1.id = user_groups_1.user_id JOIN groups ON groups.id = user_groups_1.group_id 
WHERE users_1.id IN (?)
2026-03-20 09:11:24,345 INFO [sqlalchemy.engine.Engine] [cached since 2674s ago] (1,)
2026-03-20 09:11:24,346 INFO [sqlalchemy.engine.Engine] SELECT users_1.id AS users_1_id, groups.id AS groups_id, groups.name AS groups_name, groups.description AS groups_description, groups.permissions AS groups_permissions, groups.is_system AS groups_is_system, groups.created_at AS groups_created_at, groups.updated_at AS groups_updated_at 
FROM users AS users_1 JOIN user_groups AS user_groups_1 ON users_1.id = user_groups_1.user_id JOIN groups ON groups.id = user_groups_1.group_id 
WHERE users_1.id IN (?)
2026-03-20 09:11:24,346 INFO [sqlalchemy.engine.Engine] [cached since 2674s ago] (1,)
2026-03-20 09:11:24,347 INFO [sqlalchemy.engine.Engine] ROLLBACK
2026-03-20 09:11:24,347 INFO [sqlalchemy.engine.Engine] ROLLBACK
2026-03-20 09:11:24,348 INFO [sqlalchemy.engine.Engine] BEGIN (implicit)
2026-03-20 09:11:24,348 INFO [sqlalchemy.engine.Engine] SELECT pending_uploads.id, pending_uploads.filename, pending_uploads.file_path, pending_uploads.file_size, pending_uploads.source_ip, pending_uploads.status, pending_uploads.tags, pending_uploads.notes, pending_uploads.project_id, pending_uploads.archived_id, pending_uploads.uploaded_at, pending_uploads.archived_at 
FROM pending_uploads 
WHERE pending_uploads.status = ?
2026-03-20 09:11:24,348 INFO [sqlalchemy.engine.Engine] [cached since 2673s ago] ('pending',)
2026-03-20 09:11:24,349 INFO [sqlalchemy.engine.Engine] BEGIN (implicit)
2026-03-20 09:11:24,349 INFO [sqlalchemy.engine.Engine] SELECT print_queue.id, print_queue.printer_id, print_queue.target_model, print_queue.target_location, print_queue.required_filament_types, print_queue.waiting_reason, print_queue.archive_id, print_queue.library_file_id, print_queue.project_id, print_queue.position, print_queue.scheduled_time, print_queue.manual_start, print_queue.require_previous_success, print_queue.auto_off_after, print_queue.ams_mapping, print_queue.filament_overrides, print_queue.plate_id, print_queue.bed_levelling, print_queue.flow_cali, print_queue.vibration_cali, print_queue.layer_inspect, print_queue.timelapse, print_queue.use_ams, print_queue.status, print_queue.started_at, print_queue.completed_at, print_queue.error_message, print_queue.created_at, print_queue.created_by_id 
FROM print_queue 
WHERE print_queue.status = ? ORDER BY print_queue.printer_id NULLS FIRST, print_queue.position
2026-03-20 09:11:24,349 INFO [sqlalchemy.engine.Engine] [cached since 2673s ago] ('pending',)
2026-03-20 09:11:24,351 INFO [sqlalchemy.engine.Engine] COMMIT
2026-03-20 09:11:24,352 INFO [sqlalchemy.engine.Engine] COMMIT
2026-03-20 09:11:26,109 DEBUG [backend.app.services.bambu_mqtt] [[SERIAL]] Received command response: push_status
2026-03-20 09:11:26,109 DEBUG [backend.app.services.bambu_mqtt] [[SERIAL]] wifi_signal received: -46dBm
2026-03-20 09:11:27,594 INFO [sqlalchemy.engine.Engine] BEGIN (implicit)
2026-03-20 09:11:27,594 INFO [sqlalchemy.engine.Engine] SELECT settings.id, settings."key", settings.value, settings.created_at, settings.updated_at 
FROM settings 
WHERE settings."key" = ?
2026-03-20 09:11:27,594 INFO [sqlalchemy.engine.Engine] [cached since 2682s ago] ('auth_enabled',)
2026-03-20 09:11:27,595 INFO [sqlalchemy.engine.Engine] ROLLBACK
2026-03-20 09:11:27,596 INFO [sqlalchemy.engine.Engine] BEGIN (implicit)
2026-03-20 09:11:27,596 INFO [sqlalchemy.engine.Engine] SELECT users.id, users.username, users.email, users.password_hash, users.role, users.is_active, users.created_at, users.updated_at, users.cloud_token, users.cloud_email 
FROM users 
WHERE lower(users.username) = lower(?)
2026-03-20 09:11:27,597 INFO [sqlalchemy.engine.Engine] [cached since 2677s ago] ('[USER]',)
2026-03-20 09:11:27,598 INFO [sqlalchemy.engine.Engine] BEGIN (implicit)
2026-03-20 09:11:27,598 INFO [sqlalchemy.engine.Engine] SELECT settings.id, settings."key", settings.value, settings.created_at, settings.updated_at 
FROM settings 
WHERE settings."key" = ?
2026-03-20 09:11:27,598 INFO [sqlalchemy.engine.Engine] [cached since 2682s ago] ('auth_enabled',)
2026-03-20 09:11:27,599 INFO [sqlalchemy.engine.Engine] SELECT users_1.id AS users_1_id, groups.id AS groups_id, groups.name AS groups_name, groups.description AS groups_description, groups.permissions AS groups_permissions, groups.is_system AS groups_is_system, groups.created_at AS groups_created_at, groups.updated_at AS groups_updated_at 
FROM users AS users_1 JOIN user_groups AS user_groups_1 ON users_1.id = user_groups_1.user_id JOIN groups ON groups.id = user_groups_1.group_id 
WHERE users_1.id IN (?)
2026-03-20 09:11:27,599 INFO [sqlalchemy.engine.Engine] [cached since 2677s ago] (1,)
2026-03-20 09:11:27,600 INFO [sqlalchemy.engine.Engine] ROLLBACK
2026-03-20 09:11:27,600 INFO [sqlalchemy.engine.Engine] BEGIN (implicit)
2026-03-20 09:11:27,601 INFO [sqlalchemy.engine.Engine] SELECT users.id, users.username, users.email, users.password_hash, users.role, users.is_active, users.created_at, users.updated_at, users.cloud_token, users.cloud_email 
FROM users 
WHERE lower(users.username) = lower(?)
2026-03-20 09:11:27,601 INFO [sqlalchemy.engine.Engine] [cached since 2677s ago] ('[USER]',)
2026-03-20 09:11:27,601 INFO [sqlalchemy.engine.Engine] ROLLBACK
2026-03-20 09:11:27,602 INFO [sqlalchemy.engine.Engine] SELECT users_1.id AS users_1_id, groups.id AS groups_id, groups.name AS groups_name, groups.description AS groups_description, groups.permissions AS groups_permissions, groups.is_system AS groups_is_system, groups.created_at AS groups_created_at, groups.updated_at AS groups_updated_at 
FROM users AS users_1 JOIN user_groups AS user_groups_1 ON users_1.id = user_groups_1.user_id JOIN groups ON groups.id = user_groups_1.group_id 
WHERE users_1.id IN (?)
2026-03-20 09:11:27,602 INFO [sqlalchemy.engine.Engine] [cached since 2677s ago] (1,)
2026-03-20 09:11:27,603 INFO [sqlalchemy.engine.Engine] BEGIN (implicit)
2026-03-20 09:11:27,604 INFO [sqlalchemy.engine.Engine] SELECT settings.id, settings."key", settings.value, settings.created_at, settings.updated_at 
FROM settings 
WHERE settings."key" = ?
2026-03-20 09:11:27,604 INFO [sqlalchemy.engine.Engine] [cached since 2682s ago] ('auth_enabled',)
2026-03-20 09:11:27,605 INFO [sqlalchemy.engine.Engine] ROLLBACK
2026-03-20 09:11:27,605 INFO [sqlalchemy.engine.Engine] SELECT users.id, users.username, users.email, users.password_hash, users.role, users.is_active, users.created_at, users.updated_at, users.cloud_token, users.cloud_email 
FROM users 
WHERE lower(users.username) = lower(?)
2026-03-20 09:11:27,605 INFO [sqlalchemy.engine.Engine] [cached since 2677s ago] ('[USER]',)
2026-03-20 09:11:27,607 INFO [sqlalchemy.engine.Engine] BEGIN (implicit)
2026-03-20 09:11:27,607 INFO [sqlalchemy.engine.Engine] SELECT settings.id, settings."key", settings.value, settings.created_at, settings.updated_at 
FROM settings 
WHERE settings."key" = ?
2026-03-20 09:11:27,607 INFO [sqlalchemy.engine.Engine] [cached since 2682s ago] ('auth_enabled',)
2026-03-20 09:11:27,608 INFO [sqlalchemy.engine.Engine] SELECT users_1.id AS users_1_id, groups.id AS groups_id, groups.name AS groups_name, groups.description AS groups_description, groups.permissions AS groups_permissions, groups.is_system AS groups_is_system, groups.created_at AS groups_created_at, groups.updated_at AS groups_updated_at 
FROM users AS users_1 JOIN user_groups AS user_groups_1 ON users_1.id = user_groups_1.user_id JOIN groups ON groups.id = user_groups_1.group_id 
WHERE users_1.id IN (?)
2026-03-20 09:11:27,608 INFO [sqlalchemy.engine.Engine] [cached since 2677s ago] (1,)
2026-03-20 09:11:27,609 INFO [sqlalchemy.engine.Engine] SELECT users.id, users.username, users.email, users.password_hash, users.role, users.is_active, users.created_at, users.updated_at, users.cloud_token, users.cloud_email 
FROM users 
WHERE lower(users.username) = lower(?)
2026-03-20 09:11:27,609 INFO [sqlalchemy.engine.Engine] [cached since 2677s ago] ('[USER]',)
2026-03-20 09:11:27,610 INFO [sqlalchemy.engine.Engine] ROLLBACK
2026-03-20 09:11:27,610 INFO [sqlalchemy.engine.Engine] BEGIN (implicit)
2026-03-20 09:11:27,611 INFO [sqlalchemy.engine.Engine] SELECT maintenance_types.id, maintenance_types.name, maintenance_types.description, maintenance_types.default_interval_hours, maintenance_types.interval_type, maintenance_types.icon, maintenance_types.wiki_url, maintenance_types.is_system, maintenance_types.is_deleted, maintenance_types.created_at 
FROM maintenance_types 
WHERE maintenance_types.is_system IS 1 ORDER BY maintenance_types.id
2026-03-20 09:11:27,611 INFO [sqlalchemy.engine.Engine] [cached since 2668s ago] ()
2026-03-20 09:11:27,611 INFO [sqlalchemy.engine.Engine] SELECT users_1.id AS users_1_id, groups.id AS groups_id, groups.name AS groups_name, groups.description AS groups_description, groups.permissions AS groups_permissions, groups.is_system AS groups_is_system, groups.created_at AS groups_created_at, groups.updated_at AS groups_updated_at 
FROM users AS users_1 JOIN user_groups AS user_groups_1 ON users_1.id = user_groups_1.user_id JOIN groups ON groups.id = user_groups_1.group_id 
WHERE users_1.id IN (?)
2026-03-20 09:11:27,611 INFO [sqlalchemy.engine.Engine] [cached since 2677s ago] (1,)
2026-03-20 09:11:27,613 INFO [sqlalchemy.engine.Engine] COMMIT
2026-03-20 09:11:27,613 INFO [sqlalchemy.engine.Engine] ROLLBACK
2026-03-20 09:11:27,613 INFO [sqlalchemy.engine.Engine] BEGIN (implicit)
2026-03-20 09:11:27,613 INFO [sqlalchemy.engine.Engine] SELECT printers.id, printers.name, printers.serial_number, printers.ip_address, printers.access_code, printers.model, printers.location, printers.nozzle_count, printers.is_active, printers.auto_archive, printers.print_hours_offset, printers.runtime_seconds, printers.last_runtime_update, printers.external_camera_url, printers.external_camera_type, printers.external_camera_enabled, printers.plate_detection_enabled, printers.plate_detection_roi_x, printers.plate_detection_roi_y, printers.plate_detection_roi_w, printers.plate_detection_roi_h, printers.created_at, printers.updated_at 
FROM printers 
WHERE printers.is_active IS 1
2026-03-20 09:11:27,614 INFO [sqlalchemy.engine.Engine] [cached since 2682s ago] ()
2026-03-20 09:11:27,614 INFO [sqlalchemy.engine.Engine] BEGIN (implicit)
2026-03-20 09:11:27,614 INFO [sqlalchemy.engine.Engine] SELECT maintenance_types.id, maintenance_types.name, maintenance_types.description, maintenance_types.default_interval_hours, maintenance_types.interval_type, maintenance_types.icon, maintenance_types.wiki_url, maintenance_types.is_system, maintenance_types.is_deleted, maintenance_types.created_at 
FROM maintenance_types 
WHERE maintenance_types.is_system IS 1 ORDER BY maintenance_types.id
2026-03-20 09:11:27,614 INFO [sqlalchemy.engine.Engine] [cached since 2668s ago] ()
2026-03-20 09:11:27,615 INFO [sqlalchemy.engine.Engine] COMMIT
2026-03-20 09:11:27,616 INFO [sqlalchemy.engine.Engine] SELECT maintenance_types.id, maintenance_types.name, maintenance_types.description, maintenance_types.default_interval_hours, maintenance_types.interval_type, maintenance_types.icon, maintenance_types.wiki_url, maintenance_types.is_system, maintenance_types.is_deleted, maintenance_types.created_at 
FROM maintenance_types 
WHERE maintenance_types.is_system IS 1 ORDER BY maintenance_types.id
2026-03-20 09:11:27,616 INFO [sqlalchemy.engine.Engine] [cached since 2668s ago] ()
2026-03-20 09:11:27,616 INFO [sqlalchemy.engine.Engine] BEGIN (implicit)
2026-03-20 09:11:27,616 INFO [sqlalchemy.engine.Engine] SELECT maintenance_types.id, maintenance_types.name, maintenance_types.description, maintenance_types.default_interval_hours, maintenance_types.interval_type, maintenance_types.icon, maintenance_types.wiki_url, maintenance_types.is_system, maintenance_types.is_deleted, maintenance_types.created_at 
FROM maintenance_types 
WHERE maintenance_types.is_deleted IS 0 ORDER BY maintenance_types.is_system DESC, maintenance_types.name
2026-03-20 09:11:27,617 INFO [sqlalchemy.engine.Engine] [cached since 322.3s ago] ()
2026-03-20 09:11:27,617 INFO [sqlalchemy.engine.Engine] COMMIT
2026-03-20 09:11:27,618 INFO [sqlalchemy.engine.Engine] BEGIN (implicit)
2026-03-20 09:11:27,618 INFO [sqlalchemy.engine.Engine] SELECT printers.id, printers.name, printers.serial_number, printers.ip_address, printers.access_code, printers.model, printers.location, printers.nozzle_count, printers.is_active, printers.auto_archive, printers.print_hours_offset, printers.runtime_seconds, printers.last_runtime_update, printers.external_camera_url, printers.external_camera_type, printers.external_camera_enabled, printers.plate_detection_enabled, printers.plate_detection_roi_x, printers.plate_detection_roi_y, printers.plate_detection_roi_w, printers.plate_detection_roi_h, printers.created_at, printers.updated_at 
FROM printers 
WHERE printers.id = ?
2026-03-20 09:11:27,618 INFO [sqlalchemy.engine.Engine] [cached since 2679s ago] (1,)
2026-03-20 09:11:27,620 INFO [sqlalchemy.engine.Engine] COMMIT
2026-03-20 09:11:27,621 INFO [sqlalchemy.engine.Engine] SELECT printers.runtime_seconds, printers.print_hours_offset 
FROM printers 
WHERE printers.id = ?
2026-03-20 09:11:27,621 INFO [sqlalchemy.engine.Engine] [cached since 2668s ago] (1,)
2026-03-20 09:11:27,622 INFO [sqlalchemy.engine.Engine] SELECT maintenance_types.id, maintenance_types.name, maintenance_types.description, maintenance_types.default_interval_hours, maintenance_types.interval_type, maintenance_types.icon, maintenance_types.wiki_url, maintenance_types.is_system, maintenance_types.is_deleted, maintenance_types.created_at 
FROM maintenance_types 
WHERE maintenance_types.is_deleted IS 0
2026-03-20 09:11:27,622 INFO [sqlalchemy.engine.Engine] [cached since 2668s ago] ()
2026-03-20 09:11:27,623 INFO [sqlalchemy.engine.Engine] SELECT printer_maintenance.id, printer_maintenance.printer_id, printer_maintenance.maintenance_type_id, printer_maintenance.custom_interval_hours, printer_maintenance.custom_interval_type, printer_maintenance.enabled, printer_maintenance.last_performed_at, printer_maintenance.last_performed_hours, printer_maintenance.created_at, printer_maintenance.updated_at 
FROM printer_maintenance 
WHERE printer_maintenance.printer_id = ?
2026-03-20 09:11:27,623 INFO [sqlalchemy.engine.Engine] [cached since 2668s ago] (1,)
2026-03-20 09:11:27,624 INFO [sqlalchemy.engine.Engine] SELECT maintenance_types.id AS maintenance_types_id, maintenance_types.name AS maintenance_types_name, maintenance_types.description AS maintenance_types_description, maintenance_types.default_interval_hours AS maintenance_types_default_interval_hours, maintenance_types.interval_type AS maintenance_types_interval_type, maintenance_types.icon AS maintenance_types_icon, maintenance_types.wiki_url AS maintenance_types_wiki_url, maintenance_types.is_system AS maintenance_types_is_system, maintenance_types.is_deleted AS maintenance_types_is_deleted, maintenance_types.created_at AS maintenance_types_created_at 
FROM maintenance_types 
WHERE maintenance_types.id IN (?, ?, ?, ?, ?, ?)
2026-03-20 09:11:27,624 INFO [sqlalchemy.engine.Engine] [cached since 2668s ago] (3, 4, 5, 6, 7, 8)
2026-03-20 09:11:27,625 INFO [sqlalchemy.engine.Engine] COMMIT
2026-03-20 09:11:28,820 INFO [sqlalchemy.engine.Engine] BEGIN (implicit)
2026-03-20 09:11:28,821 INFO [sqlalchemy.engine.Engine] SELECT printers.name, printers.serial_number, printers.ip_address, printers.access_code 
FROM printers
2026-03-20 09:11:28,821 INFO [sqlalchemy.engine.Engine] [generated in 0.00019s] ()
2026-03-20 09:11:28,822 INFO [sqlalchemy.engine.Engine] SELECT users.username 
FROM users
2026-03-20 09:11:28,823 INFO [sqlalchemy.engine.Engine] [generated in 0.00028s] ()
2026-03-20 09:11:28,824 INFO [sqlalchemy.engine.Engine] SELECT settings.value 
FROM settings 
WHERE settings."key" = ?
2026-03-20 09:11:28,824 INFO [sqlalchemy.engine.Engine] [generated in 0.00023s] ('bambu_cloud_email',)
2026-03-20 09:11:28,824 INFO [sqlalchemy.engine.Engine] ROLLBACK