2026-03-18 13:45:32,845 INFO [backend.app.api.routes.websocket] WebSocket client connected
2026-03-18 13:45:32,846 INFO [backend.app.api.routes.websocket] Sent initial status for 0 printers
2026-03-18 13:45:35,185 INFO [backend.app.services.discovery] Starting subnet scan of [IP]/24 (254 hosts)
2026-03-18 13:45:38,219 INFO [backend.app.services.discovery] Found potential Bambu printer at [IP]
2026-03-18 13:45:41,224 INFO [backend.app.services.discovery] Subnet scan complete. Found 1 printers.
2026-03-18 13:50:54,912 INFO [backend.app.services.discovery] Starting subnet scan of [IP]/24 (254 hosts)
2026-03-18 13:50:58,335 INFO [backend.app.services.discovery] Found potential Bambu printer at [IP]
2026-03-18 13:51:01,339 INFO [backend.app.services.discovery] Subnet scan complete. Found 1 printers.
2026-03-18 13:51:43,784 WARNING [backend.app.services.bambu_mqtt] [[SERIAL]] MQTT disconnected: rc=Unspecified error, flags=DisconnectFlags(is_disconnect_packet_from_server=False)
2026-03-18 13:51:43,784 WARNING [backend.app.services.bambu_mqtt] [[SERIAL]] Disconnected shortly after request topic subscription. Disabling request topic for this printer.
2026-03-18 13:51:45,680 INFO [backend.app.main] [Printer 1] Broadcasting AMS change via WebSocket
2026-03-18 13:51:45,682 INFO [backend.app.services.bambu_mqtt] [[SERIAL]] Firmware version: 01.09.01.00
2026-03-18 13:51:45,783 INFO [backend.app.api.routes.cloud] get_filament_info called with 3 IDs: ['GFL03', 'GFG00', 'GFU99']
2026-03-18 13:53:30,358 INFO [backend.app.main] Recorded 1 AMS sensor history entries
2026-03-18 13:58:30,361 INFO [backend.app.main] Recorded 1 AMS sensor history entries
2026-03-18 14:03:30,366 INFO [backend.app.main] Recorded 1 AMS sensor history entries
2026-03-18 14:08:30,370 INFO [backend.app.main] Recorded 1 AMS sensor history entries
2026-03-18 14:13:24,695 INFO [backend.app.main] [Printer 1] Broadcasting AMS change via WebSocket
2026-03-18 14:13:30,373 INFO [backend.app.main] Recorded 1 AMS sensor history entries
2026-03-18 14:14:27,572 INFO [backend.app.main] [Printer 1] Broadcasting AMS change via WebSocket
2026-03-18 14:14:49,850 INFO [backend.app.main] [Printer 1] Broadcasting AMS change via WebSocket
2026-03-18 14:15:24,345 INFO [backend.app.main] [Printer 1] Broadcasting AMS change via WebSocket
2026-03-18 14:15:46,646 INFO [backend.app.main] [Printer 1] Broadcasting AMS change via WebSocket
2026-03-18 14:16:10,986 INFO [backend.app.main] [Printer 1] Broadcasting AMS change via WebSocket
2026-03-18 14:16:31,222 INFO [backend.app.main] [Printer 1] Broadcasting AMS change via WebSocket
2026-03-18 14:17:11,743 INFO [backend.app.main] [Printer 1] Broadcasting AMS change via WebSocket
2026-03-18 14:17:13,768 INFO [backend.app.main] [Printer 1] Broadcasting AMS change via WebSocket
2026-03-18 14:17:38,132 INFO [backend.app.main] [Printer 1] Broadcasting AMS change via WebSocket
2026-03-18 14:18:10,351 INFO [backend.app.api.routes.websocket] WebSocket client disconnected normally
2026-03-18 14:18:30,377 INFO [backend.app.main] Recorded 1 AMS sensor history entries
2026-03-18 14:23:30,380 INFO [backend.app.main] Recorded 1 AMS sensor history entries
2026-03-18 14:23:35,526 INFO [backend.app.api.routes.websocket] WebSocket client connecting...
2026-03-18 14:23:35,526 INFO [backend.app.api.routes.websocket] WebSocket client connected
2026-03-18 14:23:35,527 INFO [backend.app.api.routes.websocket] Sent initial status for 1 printers
2026-03-18 14:23:35,636 INFO [backend.app.api.routes.cloud] get_filament_info called with 3 IDs: ['GFL03', 'GFG00', 'GFU99']
2026-03-18 14:23:35,957 INFO [backend.app.services.firmware_check] Got Bambu Lab build ID: AMR1KmPRnKCwh_gqGsgK6
2026-03-18 14:26:32,051 INFO [backend.app.api.routes.websocket] WebSocket client connecting...
2026-03-18 14:26:32,052 INFO [backend.app.api.routes.websocket] WebSocket client connected
2026-03-18 14:26:32,052 INFO [backend.app.api.routes.websocket] Sent initial status for 1 printers
2026-03-18 14:26:32,138 INFO [backend.app.api.routes.cloud] get_filament_info called with 3 IDs: ['GFL03', 'GFG00', 'GFU99']
2026-03-18 14:27:17,745 INFO [backend.app.api.routes.websocket] WebSocket client disconnected normally
2026-03-18 14:27:21,448 INFO [backend.app.api.routes.websocket] WebSocket client connecting...
2026-03-18 14:27:21,448 INFO [backend.app.api.routes.websocket] WebSocket client connected
2026-03-18 14:27:21,448 INFO [backend.app.api.routes.websocket] Sent initial status for 1 printers
2026-03-18 14:27:22,119 INFO [backend.app.api.routes.websocket] WebSocket client connecting...
2026-03-18 14:27:22,119 INFO [backend.app.api.routes.websocket] WebSocket client connected
2026-03-18 14:27:22,120 INFO [backend.app.api.routes.websocket] Sent initial status for 1 printers
2026-03-18 14:27:22,247 INFO [backend.app.api.routes.cloud] get_filament_info called with 3 IDs: ['GFL03', 'GFG00', 'GFU99']
2026-03-18 14:27:29,079 INFO [backend.app.api.routes.websocket] WebSocket client disconnected normally
2026-03-18 14:27:29,080 INFO [backend.app.api.routes.websocket] WebSocket client disconnected normally
2026-03-18 14:28:18,952 INFO [backend.app.services.mqtt_relay] MQTT relay disabled
2026-03-18 14:28:24,723 INFO [backend.app.services.mqtt_relay] MQTT relay disabled
2026-03-18 14:28:26,059 INFO [backend.app.services.mqtt_relay] MQTT relay disabled
2026-03-18 14:28:27,551 INFO [backend.app.services.mqtt_relay] MQTT relay disabled
2026-03-18 14:28:28,591 INFO [backend.app.services.mqtt_relay] MQTT relay disabled
2026-03-18 14:28:30,384 INFO [backend.app.main] Recorded 1 AMS sensor history entries
2026-03-18 14:28:31,299 INFO [backend.app.services.mqtt_relay] MQTT relay disabled
2026-03-18 14:28:32,423 INFO [backend.app.services.mqtt_relay] MQTT relay disabled
2026-03-18 14:28:33,243 INFO [backend.app.services.mqtt_relay] MQTT relay disabled
2026-03-18 14:28:33,833 INFO [backend.app.services.mqtt_relay] MQTT relay disabled
2026-03-18 14:28:34,967 INFO [backend.app.services.mqtt_relay] MQTT relay disabled
2026-03-18 14:28:59,843 INFO [backend.app.services.mqtt_relay] MQTT relay disabled
2026-03-18 14:29:23,037 INFO [backend.app.services.mqtt_relay] MQTT relay disabled
2026-03-18 14:29:57,287 INFO [backend.app.api.routes.notifications] Created notification provider: hog printer (homeassistant)
2026-03-18 14:30:21,624 INFO [backend.app.api.routes.settings] Cleared 0 spool assignments on switch to Spoolman mode
2026-03-18 14:30:42,089 INFO [backend.app.services.spoolman] Created 'tag' extra field in Spoolman
2026-03-18 14:31:14,354 INFO [backend.app.api.routes.cloud] get_filament_info called with 3 IDs: ['GFL03', 'GFG00', 'GFU99']
2026-03-18 14:31:21,469 INFO [backend.app.api.routes.spoolman] Linked Spoolman spool 1 to tag 6910C2FF00000000
2026-03-18 14:31:25,456 INFO [backend.app.api.routes.spoolman] Linked Spoolman spool 11 to tag 6910C2FF00000001
2026-03-18 14:31:29,658 INFO [backend.app.api.routes.spoolman] Linked Spoolman spool 5 to tag 6910C2FF00000002
2026-03-18 14:31:33,058 INFO [backend.app.api.routes.spoolman] Linked Spoolman spool 10 to tag 6910C2FF00000003
2026-03-18 14:33:30,388 INFO [backend.app.main] Recorded 1 AMS sensor history entries
2026-03-18 14:35:16,780 INFO [backend.app.api.routes.websocket] WebSocket client disconnected normally
2026-03-18 14:38:30,392 INFO [backend.app.main] Recorded 1 AMS sensor history entries
2026-03-18 14:43:30,395 INFO [backend.app.main] Recorded 1 AMS sensor history entries
2026-03-18 14:48:30,398 INFO [backend.app.main] Recorded 1 AMS sensor history entries
2026-03-18 14:53:30,402 INFO [backend.app.main] Recorded 1 AMS sensor history entries
2026-03-18 14:58:30,406 INFO [backend.app.main] Recorded 1 AMS sensor history entries
2026-03-18 15:03:30,409 INFO [backend.app.main] Recorded 1 AMS sensor history entries
2026-03-18 15:08:30,413 INFO [backend.app.main] Recorded 1 AMS sensor history entries
2026-03-18 15:13:30,416 INFO [backend.app.main] Recorded 1 AMS sensor history entries
2026-03-18 15:18:30,420 INFO [backend.app.main] Recorded 1 AMS sensor history entries
2026-03-18 15:23:30,423 INFO [backend.app.main] Recorded 1 AMS sensor history entries
2026-03-18 15:28:30,427 INFO [backend.app.main] Recorded 1 AMS sensor history entries
2026-03-18 15:32:41,472 INFO [backend.app.api.routes.websocket] WebSocket client connecting...
2026-03-18 15:32:41,473 INFO [backend.app.api.routes.websocket] WebSocket client connected
2026-03-18 15:32:41,474 INFO [backend.app.api.routes.websocket] Sent initial status for 1 printers
2026-03-18 15:32:41,594 INFO [backend.app.api.routes.cloud] get_filament_info called with 3 IDs: ['GFL03', 'GFG00', 'GFU99']
2026-03-18 15:32:42,165 INFO [backend.app.services.firmware_check] Got Bambu Lab build ID: AMR1KmPRnKCwh_gqGsgK6
2026-03-18 15:32:44,945 INFO [backend.app.api.routes.websocket] WebSocket client disconnected normally
2026-03-18 15:32:45,027 INFO [backend.app.api.routes.websocket] WebSocket client connecting...
2026-03-18 15:32:45,027 INFO [backend.app.api.routes.websocket] WebSocket client connected
2026-03-18 15:32:45,028 INFO [backend.app.api.routes.websocket] Sent initial status for 1 printers
2026-03-18 15:32:45,145 INFO [backend.app.api.routes.cloud] get_filament_info called with 3 IDs: ['GFL03', 'GFG00', 'GFU99']
2026-03-18 15:33:13,314 INFO [backend.app.services.bambu_ftp] FTP connected successfully to [IP] (model=P1S, prot_c=False)
2026-03-18 15:33:15,058 INFO [backend.app.services.bambu_ftp] FTP connected successfully to [IP] (model=P1S, prot_c=False)
2026-03-18 15:33:30,430 INFO [backend.app.main] Recorded 1 AMS sensor history entries
2026-03-18 15:35:09,623 INFO [backend.app.services.bambu_ftp] FTP connected successfully to [IP] (model=P1S, prot_c=False)
2026-03-18 15:35:09,638 WARNING [backend.app.services.bambu_ftp] Failed to delete /Stand_for_XTouch_using_ESP32-2432s028.3mf: 550 
2026-03-18 15:35:09,646 INFO [backend.app.services.bambu_ftp] FTP connecting to [IP] for upload (model=P1S, mode=prot_p, socket_timeout=30.0s)...
2026-03-18 15:35:10,543 INFO [backend.app.services.bambu_ftp] FTP connected successfully to [IP] (model=P1S, prot_c=False)
2026-03-18 15:35:10,543 INFO [backend.app.services.bambu_ftp] FTP connected to [IP]
2026-03-18 15:35:10,544 INFO [backend.app.services.bambu_ftp] FTP uploading /app/data/archive/library/files/7190b9f71f8b4757993e2d1128fd5cc6.3mf (1329296 bytes) to /Stand_for_XTouch_using_ESP32-2432s028.3mf
2026-03-18 15:35:10,633 INFO [backend.app.services.bambu_ftp] FTP data channel ready in 0.1s (PASV + TLS handshake)
2026-03-18 15:35:16,463 INFO [backend.app.services.bambu_ftp] FTP STOR confirmed for /Stand_for_XTouch_using_ESP32-2432s028.3mf: 226
2026-03-18 15:35:16,463 INFO [backend.app.services.bambu_ftp] FTP upload complete: /Stand_for_XTouch_using_ESP32-2432s028.3mf (1329296 bytes in 5.9s, 219 KB/s)
2026-03-18 15:35:16,464 INFO [backend.app.services.bambu_ftp] FTP mode cached for [IP]: prot_p
2026-03-18 15:35:16,478 INFO [backend.app.main] Registered expected print: printer=1, file=Stand_for_XTouch_using_ESP32-2432s028.3mf, archive=1, ams_mapping=[0]
2026-03-18 15:35:16,481 INFO [backend.app.services.printer_manager] PRINT COMMAND: printer=1, file=Stand_for_XTouch_using_ESP32-2432s028.3mf, caller=background_dispatch.py:532:_process_job
2026-03-18 15:35:16,481 INFO [backend.app.services.bambu_mqtt] [[SERIAL]] Sending print command: {"print": {"sequence_id": "20000", "command": "project_file", "param": "Metadata/plate_1.gcode", "url": "ftp://Stand_for_XTouch_using_ESP32-2432s028.3mf", "file": "Stand_for_XTouch_using_ESP32-2432s028.3mf", "md5": "", "bed_type": "auto", "timelapse": false, "bed_leveling": true, "auto_bed_leveling": 1, "flow_cali": false, "vibration_cali": true, "layer_inspect": true, "use_ams": true, "cfg": "0", "extrude_cali_flag": 0, "extrude_cali_manual_mode": 0, "nozzle_offset_cali": 2, "subtask_name": "Stand_for_XTouch_using_ESP32-2432s028", "profile_id": "0", "project_id": "0", "subtask_id": "0", "task_id": "0", "ams_mapping": [0], "ams_mapping2": [{"ams_id": 0, "slot_id": 0}]}}
2026-03-18 15:35:25,063 INFO [backend.app.services.bambu_mqtt] [[SERIAL]] PRINT START detected - file: Stand_for_XTouch_using_ESP32-2432s028.3mf, subtask: Stand_for_XTouch_using_ESP32-2432s028, is_new: True, is_file_change: False
2026-03-18 15:35:25,064 INFO [backend.app.main] [CALLBACK] on_print_start called for printer 1, data keys: ['filename', 'subtask_name', 'remaining_time', 'raw_data', 'ams_mapping']
2026-03-18 15:35:25,066 INFO [backend.app.main] [PLATE CHECK] printer_id=1, plate_detection_enabled=False
2026-03-18 15:35:25,066 INFO [backend.app.main] [CALLBACK] Print start detected - filename: Stand_for_XTouch_using_ESP32-2432s028.3mf, subtask: Stand_for_XTouch_using_ESP32-2432s028
2026-03-18 15:35:25,066 INFO [backend.app.main] Using expected archive 1 for print (skipping duplicate)
2026-03-18 15:35:25,069 INFO [backend.app.main] [ENERGY] Print start - archive 1, printer 1, plug found: False
2026-03-18 15:35:25,069 INFO [backend.app.main] [ENERGY] No smart plug found for printer 1
2026-03-18 15:35:25,070 INFO [backend.app.main] [SNAPSHOT] Capturing fresh frame for printer 1
2026-03-18 15:35:25,071 INFO [backend.app.services.camera] Capturing camera frame bytes from [IP] using chamber image protocol (model: P1S)
2026-03-18 15:35:27,070 INFO [backend.app.main] [SNAPSHOT] Fresh camera frame: 67255 bytes
2026-03-18 15:35:27,071 INFO [backend.app.services.notification_service] on_print_start called for printer 1 ([PRINTER])
2026-03-18 15:35:27,073 INFO [backend.app.services.notification_service] Found 1 providers for print_start: ['hog printer']
2026-03-18 15:35:27,131 INFO [backend.app.services.notification_service] Sent notification via hog printer
2026-03-18 15:35:27,133 INFO [backend.app.main] Loaded 2 printable objects for printer 1
2026-03-18 15:38:30,435 INFO [backend.app.main] Recorded 1 AMS sensor history entries
2026-03-18 15:40:42,271 INFO [backend.app.api.routes.cloud] get_filament_info called with 3 IDs: ['GFL03', 'GFG00', 'GFU99']
2026-03-18 15:40:42,378 INFO [backend.app.api.routes.printers] Trying to download cover for 'Stand_for_XTouch_using_ESP32-2432s028' from [IP] (trying 8 paths)
2026-03-18 15:40:43,168 INFO [backend.app.services.bambu_ftp] FTP connected successfully to [IP] (model=P1S, prot_c=False)
2026-03-18 15:40:43,217 INFO [backend.app.services.bambu_ftp] FTP download failed for /Stand_for_XTouch_using_ESP32-2432s028.gcode.3mf: 550 
2026-03-18 15:40:43,279 INFO [backend.app.services.bambu_ftp] FTP download failed for /cache/Stand_for_XTouch_using_ESP32-2432s028.gcode.3mf: 550 
2026-03-18 15:40:43,334 INFO [backend.app.services.bambu_ftp] FTP download failed for /model/Stand_for_XTouch_using_ESP32-2432s028.gcode.3mf: 550 
2026-03-18 15:40:43,403 INFO [backend.app.services.bambu_ftp] FTP download failed for /data/Stand_for_XTouch_using_ESP32-2432s028.gcode.3mf: 550 
2026-03-18 15:40:50,950 INFO [backend.app.services.bambu_ftp] Successfully downloaded /Stand_for_XTouch_using_ESP32-2432s028.3mf to /app/data/archive/temp/cover_1_Stand_for_XTouch_using_ESP32-2432s028.gcode.3mf (1329296 bytes)
2026-03-18 15:40:50,965 INFO [backend.app.api.routes.printers] Downloaded file size: 1329296 bytes
2026-03-18 15:43:30,439 INFO [backend.app.main] Recorded 1 AMS sensor history entries
2026-03-18 15:47:25,586 INFO [backend.app.main] [SNAPSHOT] Capturing fresh frame for printer 1
2026-03-18 15:47:25,587 INFO [backend.app.services.camera] Capturing camera frame bytes from [IP] using chamber image protocol (model: P1S)
2026-03-18 15:47:26,733 INFO [backend.app.main] [SNAPSHOT] Fresh camera frame: 78770 bytes
2026-03-18 15:47:26,742 INFO [backend.app.services.notification_service] Sent notification via hog printer
2026-03-18 15:48:30,442 INFO [backend.app.main] Recorded 1 AMS sensor history entries
2026-03-18 15:49:59,747 INFO [backend.app.main] [SNAPSHOT] Capturing fresh frame for printer 1
2026-03-18 15:49:59,747 INFO [backend.app.services.camera] Capturing camera frame bytes from [IP] using chamber image protocol (model: P1S)
2026-03-18 15:50:01,707 INFO [backend.app.main] [SNAPSHOT] Fresh camera frame: 80621 bytes
2026-03-18 15:50:01,716 INFO [backend.app.services.notification_service] Sent notification via hog printer
2026-03-18 15:52:14,375 INFO [backend.app.api.routes.notifications] Created notification provider: hogbuddy (telegram)
2026-03-18 15:52:22,049 INFO [backend.app.api.routes.cloud] get_filament_info called with 3 IDs: ['GFL03', 'GFG00', 'GFU99']
2026-03-18 15:53:19,829 INFO [backend.app.services.camera] Capturing camera frame bytes from [IP] using chamber image protocol (model: P1S)
2026-03-18 15:53:21,479 INFO [backend.app.services.camera] Saved camera frame to: /tmp/tmpl65zp4di.jpg
2026-03-18 15:53:27,781 INFO [backend.app.api.routes.camera] Using chamber image protocol for P1S
2026-03-18 15:53:27,782 INFO [backend.app.api.routes.camera] Starting chamber image stream for [IP] (stream_id=1-8e33b81c, model=P1S)
2026-03-18 15:53:28,565 INFO [backend.app.services.camera] Chamber image: connected to [IP]:6000
2026-03-18 15:53:30,447 INFO [backend.app.main] Recorded 1 AMS sensor history entries
2026-03-18 15:53:34,786 INFO [backend.app.api.routes.camera] Chamber image stream cancelled (stream_id=1-8e33b81c)
2026-03-18 15:53:34,786 INFO [backend.app.api.routes.camera] Stream 1-8e33b81c cancelled
2026-03-18 15:53:34,802 INFO [backend.app.api.routes.camera] Stopped 0 camera stream(s) for printer 1
2026-03-18 15:54:55,752 INFO [backend.app.services.bambu_mqtt] [[SERIAL]] Requesting K-profiles for nozzle_diameter=0.4 (attempt 1/3)
2026-03-18 15:54:55,781 INFO [backend.app.services.bambu_mqtt] [[SERIAL]] K-profile response: nozzle=0.4, seq_id=5, 1 profiles, expected=0.4
2026-03-18 15:54:55,782 INFO [backend.app.services.bambu_mqtt] [[SERIAL]] Got 1 K-profiles for nozzle=0.4
2026-03-18 15:54:55,782 INFO [backend.app.services.bambu_mqtt] [[SERIAL]] Got 1 K-profiles for nozzle=0.4 on attempt 1
2026-03-18 15:58:30,452 INFO [backend.app.main] Recorded 1 AMS sensor history entries
2026-03-18 16:01:37,946 INFO [backend.app.api.routes.support] Log level changed to DEBUG
2026-03-18 16:01:37,946 INFO [backend.app.api.routes.bug_report] Bug report: temporarily enabled debug logging
2026-03-18 16:01:37,946 DEBUG [backend.app.services.bambu_mqtt] [[SERIAL]] Requesting status update (pushall)
2026-03-18 16:01:39,079 DEBUG [backend.app.services.bambu_mqtt] [[SERIAL]] Received gcode_state: RUNNING, gcode_file: Stand_for_XTouch_using_ESP32-2432s028.3mf, subtask_name: Stand_for_XTouch_using_ESP32-2432s028
2026-03-18 16:01:39,079 DEBUG [backend.app.services.bambu_mqtt] [[SERIAL]] AMS dict fields: {'ams_exist_bits': '1', 'tray_exist_bits': 'f', 'tray_is_bbl_bits': 'f', 'tray_tar': '0', 'tray_now': '0', 'tray_pre': '0', 'tray_read_done_bits': 'f', 'tray_reading_bits': '0', 'version': 50, 'insert_flag': True, 'power_on_flag': False}
2026-03-18 16:01:39,079 DEBUG [backend.app.services.bambu_mqtt] [[SERIAL]] tray_now updated: 0
2026-03-18 16:01:39,079 DEBUG [backend.app.services.bambu_mqtt] [[SERIAL]] Merged AMS data: 1 new units, 1 total
2026-03-18 16:01:39,080 DEBUG [backend.app.services.bambu_mqtt] [[SERIAL]] AMS 0 info=0x1001 -> extruder 0
2026-03-18 16:01:39,080 DEBUG [backend.app.services.bambu_mqtt] [[SERIAL]] ams_extruder_map: {'0': 0}
2026-03-18 16:01:39,080 DEBUG [backend.app.services.bambu_mqtt] [[SERIAL]] ams_status: 768 (main=3, sub=0)
2026-03-18 16:01:39,080 DEBUG [backend.app.services.bambu_mqtt] [[SERIAL]] Received command response: push_status
2026-03-18 16:01:39,080 DEBUG [backend.app.services.bambu_mqtt] [[SERIAL]] chamber_temper raw value: 5.0
2026-03-18 16:01:39,080 DEBUG [backend.app.services.bambu_mqtt] [[SERIAL]] chamber_temper direct value: 5.0°C (heater OFF)
2026-03-18 16:01:39,080 DEBUG [backend.app.services.bambu_mqtt] [[SERIAL]] Chamber heating calculated: target=0.0, current=5.0, heating=False, respect_local=False
2026-03-18 16:01:39,080 DEBUG [backend.app.services.bambu_mqtt] [[SERIAL]] Chamber temp updated to: 5.0, target: 0.0, heating: False
2026-03-18 16:01:39,080 DEBUG [backend.app.services.bambu_mqtt] [[SERIAL]] HMS data received: []
2026-03-18 16:01:39,080 DEBUG [backend.app.services.bambu_mqtt] [[SERIAL]] ipcam field: {'ipcam_dev': '1', 'ipcam_record': 'enable', 'timelapse': 'disable', 'resolution': '', 'tutk_server': 'disable', 'mode_bits': 3}
2026-03-18 16:01:39,080 DEBUG [backend.app.services.bambu_mqtt] [[SERIAL]] wifi_signal received: -51dBm
2026-03-18 16:01:39,080 DEBUG [backend.app.services.bambu_mqtt] [[SERIAL]] lights_report: [{'node': 'chamber_light', 'mode': 'on'}]
2026-03-18 16:01:39,080 DEBUG [backend.app.services.bambu_mqtt] [[SERIAL]] gcode_state: RUNNING -> RUNNING, file: Stand_for_XTouch_using_ESP32-2432s028.3mf, subtask: Stand_for_XTouch_using_ESP32-2432s028
2026-03-18 16:01:42,410 DEBUG [backend.app.services.bambu_mqtt] [[SERIAL]] Received command response: push_status
2026-03-18 16:01:44,447 DEBUG [backend.app.services.bambu_mqtt] [[SERIAL]] Received command response: push_status
2026-03-18 16:01:46,492 DEBUG [backend.app.services.bambu_mqtt] [[SERIAL]] Received command response: push_status
2026-03-18 16:01:46,493 DEBUG [backend.app.services.bambu_mqtt] [[SERIAL]] wifi_signal received: -52dBm
2026-03-18 16:01:48,528 DEBUG [backend.app.services.bambu_mqtt] [[SERIAL]] Received command response: push_status
2026-03-18 16:01:48,529 DEBUG [backend.app.services.bambu_mqtt] [[SERIAL]] wifi_signal received: -51dBm
2026-03-18 16:01:52,553 DEBUG [backend.app.services.bambu_mqtt] [[SERIAL]] Received command response: push_status
2026-03-18 16:01:52,554 DEBUG [backend.app.services.bambu_mqtt] [[SERIAL]] wifi_signal received: -52dBm
2026-03-18 16:01:54,606 DEBUG [backend.app.services.bambu_mqtt] [[SERIAL]] Received command response: push_status
2026-03-18 16:01:56,622 DEBUG [backend.app.services.bambu_mqtt] [[SERIAL]] Received command response: push_status
2026-03-18 16:02:00,665 DEBUG [backend.app.services.bambu_mqtt] [[SERIAL]] Received command response: push_status
2026-03-18 16:02:04,833 DEBUG [backend.app.services.bambu_mqtt] [[SERIAL]] Received command response: push_status
2026-03-18 16:02:04,834 DEBUG [backend.app.services.bambu_mqtt] [[SERIAL]] wifi_signal received: -53dBm
2026-03-18 16:02:05,246 INFO [backend.app.api.routes.camera] Using chamber image protocol for P1S
2026-03-18 16:02:05,247 INFO [backend.app.api.routes.camera] Starting chamber image stream for [IP] (stream_id=1-c89ef707, model=P1S)
2026-03-18 16:02:05,273 DEBUG [backend.app.api.routes.printers] API returning ams_mapping: [], ams_extruder_map: {'0': 0}
2026-03-18 16:02:05,273 DEBUG [backend.app.api.routes.printers] Using tray_now directly as global ID: 0
2026-03-18 16:02:05,898 DEBUG [backend.app.main] [[PRINTER]] Runtime tracking: added 30s, total=1590s (0.44h)
2026-03-18 16:02:05,899 DEBUG [backend.app.main] Updated runtime for 1 printer(s)
2026-03-18 16:02:06,116 INFO [backend.app.services.camera] Chamber image: connected to [IP]:6000